C251 COMPILER V5.60.0,  electromagnetic_tracking                                           13/07/25  01:15:44  PAGE 1   


C251 COMPILER V5.60.0, COMPILATION OF MODULE electromagnetic_tracking
OBJECT MODULE PLACED IN .\Out_File\electromagnetic_tracking.obj
COMPILER INVOKED BY: D:\Software\Keil5\c251v560\C251\BIN\C251.EXE ..\USER\src\electromagnetic_tracking.c LARGE INTR2 WAR
                    -NINGLEVEL(3) OPTIMIZE(0,SPEED) BROWSE INCDIR(..\USER\inc;..\USER\src;..\libraries;..\seekfree_libraries;..\seekfree_peri
                    -pheral) DEBUG PRINT(.\Out_File\electromagnetic_tracking.lst) OBJECT(.\Out_File\electromagnetic_tracking.obj) 

stmt  level    source

    1          #include <STC32G.H>
    2          #include "electromagnetic_tracking.h"
    3          #include "headfile.h"
    4          #include "common.h"
    5          #include "STC32G_DMA.h"    
    6          
    7          
    8          u8 chn = 0;
    9          u8 xdata DmaAdBuffer[ADC_CH][ADC_DATA];
   10          
   11          // å®šä¹‰å…¨å±€æƒé‡é…ç½®ï¼Œåªä¿ç•™å››ç§åŸºæœ¬å…ƒç´ 
   12          TrackWeights track_weights[4] = {
   13              // æ™®é€šç›´é“
   14          
   15              {0.20f, 0.35, 0.00f, 0.20f, 0.70f, 30, "ç›´é“"},
   16              
   17              // ç›´è§’å¼¯é“
   18              {0.20f, 0.30f, 0.00f, 0.40f, 1.00f, 50, "ç›´è§’å¼¯é“"},
   19              
   20              // åå­—åœ†ç¯
   21              {0.35f, 0.25f, 0.00f, 0.15f, 0.90f, 40, "åå­—åœ†ç¯"},
   22              
   23              // ç¯å²›
   24              {0.35f, 0.38f, 0.00f, 0.25f, 1.00f, 50, "ç¯å²›"}
   25          };
   26          
   27          uint16 adc_fliter_data[SENSOR_COUNT][HISTORY_COUNT] = {0}; //æ»¤æ³¢åçš„å€¼
   28          float result[SENSOR_COUNT] = {0};               //ç”µå­˜å‚¨æ¯ä¸ªç”µæ„Ÿæ»¤æ³¢åçš„æœ€ç»ˆç»“æœå€¼ï¼ˆå°šæœªå½’ä¸€åŒ–ï¼
             -‰ï¼Œæ˜¯è¿æ¥æ»¤æ³¢å¤„ç†å’Œå½’ä¸€åŒ–å¤„ç†çš„ä¸­é—´å˜é‡
   29          uint16 sum[SENSOR_COUNT][HISTORY_COUNT] = {0};          //ç´¯åŠ çš„å’Œ
   30          
   31          // é€’æ¨å‡å€¼æ»¤æ³¢ç›¸å…³å‚æ•°
   32          uint16 times = HISTORY_COUNT;  // æ»¤æ³¢æ¬¡æ•°
   33          uint16 i_num = SENSOR_COUNT;  // ç”µæ„Ÿæ•°é‡
   34          
   35          // å½’ä¸€åŒ–æ•°æ®
   36          float normalized_data[SENSOR_COUNT] = {0.0f, 0.0f, 0.0f, 0.0f, 0.0f, 0.0f, 0.0f};  // å½’ä¸€åŒ–åçš„ç”µæ
             -„Ÿæ•°æ®æ•°ç»„
   37          
   38          // å­˜å‚¨æ¯ä¸ªç”µæ„Ÿçš„æœ€å¤§æœ€å°å€¼ï¼Œç”¨äºåŠ¨æ€æ ¡å‡† - æ”¹ä¸ºæ•°ç»„å½¢å¼
   39          // uint16 min_value[SENSOR_COUNT] = {0xFFFF, 0xFFFF, 0xFFFF, 0xFFFF, 0xFFFF, 0xFFFF, 0xFFFF};  // æ¯ä¸ªç
             -”µæ„Ÿçš„æœ€å°å€¼
   40          // uint16 max_value[SENSOR_COUNT] = {0, 0, 0, 0, 0, 0, 0};  // æ¯ä¸ªç”µæ„Ÿçš„æœ€å¤§å€¼
   41          uint16 min_value[SENSOR_COUNT] = {0, 0, 0, 0, 0, 0, 0};  // æ¯ä¸ªç”µæ„Ÿçš„æœ€å°å€¼
   42          uint16 max_value[SENSOR_COUNT] = {3300, 3500, 3700, 3700, 3700, 3500, 3300};  // æ¯ä¸ªç”µæ„Ÿçš„æœ€å¤§å€¼
   43          
   44          // ç”µæ„Ÿä½ç½®è®¡ç®—ç›¸å…³å˜é‡
   45          float signal_strength_value = 0;   // ä¿¡å·å¼ºåº¦æŒ‡æ ‡
   46          int16 position = 0;
   47          float filter_param = 0.4f;   // æ»¤æ³¢ç³»æ•°ï¼Œå¯è°ƒ è¶Šå¤§è¶Šçµæ•
   48          
   49          
   50          // èµ›é“ä¿¡æ¯ç›¸å…³æ ‡å¿—ä½
   51          uint8 track_type = 0;         // èµ›é“ç±»å‹ï¼š0-æ™®é€šï¼Œ1-ç›´è§’å¼¯é“ï¼Œ2-åå­—åœ†ç¯ï¼Œ3-ç¯å²›
   52          uint8 track_type_last = 0;         // èµ›é“ç±»å‹ï¼š0-æ™®é€šï¼Œ1-ç›´è§’å¼¯é“ï¼Œ2-åå­—åœ†ç¯ï¼Œ3-ç¯å²
             -›
   53          
C251 COMPILER V5.60.0,  electromagnetic_tracking                                           13/07/25  01:15:44  PAGE 2   

   54          uint8 track_type_zj = 0;          //1-å·¦ç›´è§’ï¼Œ2-å³ç›´è§’
   55          uint8 track_route = 0;            //1-å³ç¯ï¼Œ2-å·¦ç¯
   56          uint8 track_route_status = 0; //1-å…¥ç¯ï¼Œ2-ç¯ä¸­ï¼Œ3-å‡ºç¯
   57          uint8 track_ten_flag = 1;       //åå­—åœ†ç¯ï¼š0è¡¨ç¤ºåˆ°è®¡æ—¶0.5så†å¼€å§‹åˆ¤æ–­ï¼Œ1-å¯ä»¥å¼€å§‹åˆ¤æ–­
   58          uint8 ten_change_flag = 0; //1è¡¨ç¤º0.5åtrack_ten_flag=1
   59          
   60          uint8 protection_flag = 0;// ç”µç£ä¿æŠ¤é€»è¾‘å˜é‡,0è¡¨ç¤ºæœªä¿æŠ¤ï¼Œ1è¡¨ç¤ºä¿æŠ¤
   61          
   62          uint8 speed_count = 0;
   63          
   64          
   65          
   66          //-----------------------------------------------------------------------------
   67          // @brief       é€’æ¨å‡å€¼æ»¤æ³¢
   68          // @param   æ— 
   69          // @return  æ— 
   70          // @author  zp
   71          // Sample usage: average_filter();
   72          //-----------------------------------------------------------------------------
   73          
   74          void average_filter(void)
   75          {
   76   1          uint8 i;
   77   1              
   78   1          static const uint8 dma_index_map[SENSOR_COUNT] = {6, 5, 4, 0, 1, 2, 3}; // ç”µæ„Ÿç´¢å¼•ä¸DMAç¼“å†²åŒ
             -ºç´¢å¼•çš„æ˜ å°„å…³ç³»ï¼Œ
   79   1          // ä½¿ç”¨å¾ªç¯ç¼“å†²ç´¢å¼•ä¿å­˜å†å²æ•°æ®
   80   1          static uint8 history_index = 0;                // å½“å‰å†™å…¥çš„å†å²ç´¢å¼•
   81   1          static uint32 running_sum[SENSOR_COUNT] = {0}; // æ¯ä¸ªä¼ æ„Ÿå™¨çš„å†å²å’Œï¼Œç”¨äºå¿«é€Ÿè®¡ç®—å‡
             -å€¼
   82   1      
   83   1          // è¯»å–å®Œæˆï¼Œæ¸…é™¤æ ‡å¿—ä½
   84   1          DmaADCFlag = 0;
   85   1      
   86   1          /* DMAç¼“å†²åŒºä¸ç”µæ„Ÿç´¢å¼•çš„æ˜ å°„å…³ç³»ï¼Œå› ä¸ºDMAç¼“å†²åŒºæ˜¯æŒ‰ADCé€šé“å·ä»å°åˆ°å¤§é¡ºåº
             -å­˜å‚¨çš„
   87   1             SENSOR_HL  -> DmaAdBuffer[6]
   88   1             SENSOR_VL  -> DmaAdBuffer[5]
   89   1             SENSOR_HML -> DmaAdBuffer[4]
   90   1             SENSOR_HC  -> DmaAdBuffer[0]
   91   1             SENSOR_HMR -> DmaAdBuffer[1]
   92   1             SENSOR_VR  -> DmaAdBuffer[2]
   93   1             SENSOR_HR  -> DmaAdBuffer[3]
   94   1          */
   95   1      
   96   1      
   97   1          for(i = 0; i < SENSOR_COUNT; i++) //é¡ºåºä¸ºHL -> VL -> HML -> HC -> HMR -> VR -> HR
   98   1          {
   99   2              // è¯»å–DMAç¼“å†²åŒºä¸­çš„é«˜ä½å­—èŠ‚ï¼Œç»„åˆæˆ16ä½ADCå¹³å‡å€¼
  100   2              uint8 dma_ch = dma_index_map[i];
  101   2              uint16 value = ((uint16)DmaAdBuffer[dma_ch][2*ADC_TIMES + 2] << 8) |
  102   2                              (uint16)DmaAdBuffer[dma_ch][2*ADC_TIMES + 3];
  103   2      
  104   2              // æ›´æ–°é€’æ¨å’Œï¼šç§»é™¤æ—§å€¼ï¼ŒåŠ å…¥æ–°å€¼
  105   2              running_sum[i] -= adc_fliter_data[i][history_index];
  106   2              adc_fliter_data[i][history_index] = value;
  107   2              running_sum[i] += value;
  108   2      
  109   2              // è®¡ç®—å‡å€¼å¹¶å­˜å…¥ç»“æœæ•°ç»„
  110   2              result[i] = (float)running_sum[i] / (float)times;
  111   2          }
  112   1      
  113   1          // æ›´æ–°å¾ªç¯ç¼“å†²ç´¢å¼•
  114   1          history_index++;
  115   1          if(history_index >= times) history_index = 0;
  116   1      }
C251 COMPILER V5.60.0,  electromagnetic_tracking                                           13/07/25  01:15:44  PAGE 3   

  117                  
  118          
  119          //-----------------------------------------------------------------------------
  120          // @brief       ä¸­ä½å€¼æ»¤æ³¢ï¼Œå°†æ¯ä¸ªç”µæ„Ÿçš„ä¸­ä½æ•°ä½œä¸ºç»“æœ
  121          // @param   æ— 
  122          // @return  æ— 
  123          // @author  ZP
  124          // Sample usage: mid_filter();
  125          //-----------------------------------------------------------------------------
  126          static uint8 mid_initialized = 0;  // ä¸­ä½å€¼æ»¤æ³¢åˆå§‹åŒ–æ ‡å¿—
  127          static uint16 sample_count = 0;    // é‡‡æ ·è®¡æ•°å™¨
  128          
  129          void mid_filter(void)
  130          {
  131   1          uint16 temp = 0, a = 0, t = 0;
  132   1          uint16 mid_index = 0;  //ä¸­ä½æ•°
  133   1              uint16 i = 0; //ç”¨äºå¾ªç¯
  134   1          // åˆ›å»ºä¸´æ—¶æ•°ç»„ç”¨äºæ’åºï¼Œé¿å…ä¿®æ”¹åŸå§‹æ•°æ®
  135   1          uint16 sort_array[HISTORY_COUNT];  // ä½¿ç”¨å®å®šä¹‰çš„å¸¸é‡è€Œä¸æ˜¯å˜é‡
  136   1              
  137   1          // è°ƒç”¨å‡å€¼æ»¤æ³¢è·å–æ–°çš„é‡‡æ ·å€¼
  138   1          average_filter();
  139   1          
  140   1          // å¦‚æœå°šæœªåˆå§‹åŒ–å®Œæˆ
  141   1          if (!mid_initialized)
  142   1          {
  143   2              // å°†å½“å‰æ»¤æ³¢ç»“æœå­˜å…¥å†å²æ•°ç»„
  144   2              for(a = 0; a < i_num; a++)
  145   2              {
  146   3                  adc_fliter_data[a][sample_count] = adc_fliter_data[a][0];
  147   3                  result[a] = adc_fliter_data[a][0];
  148   3              }
  149   2              
  150   2              sample_count++;
  151   2              
  152   2              // å½“é‡‡é›†åˆ°è¶³å¤Ÿæ ·æœ¬æ—¶ï¼Œæ ‡è®°åˆå§‹åŒ–å®Œæˆ
  153   2              if (sample_count >= times)
  154   2              {
  155   3                  mid_initialized = 1;
  156   3                  sample_count = 0;  // é‡ç½®è®¡æ•°å™¨ç”¨äºå¾ªç¯ç¼“å†²
  157   3              }
  158   2          }
  159   1          else  // å·²åˆå§‹åŒ–ï¼Œæ‰§è¡Œä¸­ä½å€¼æ»¤æ³¢
  160   1          {
  161   2              // æ›´æ–°å†å²æ•°æ®æ•°ç»„
  162   2              for(a = 0; a < i_num; a++)
  163   2              {
  164   3                  adc_fliter_data[a][sample_count] = adc_fliter_data[a][0];
  165   3              }
  166   2              
  167   2              // æ›´æ–°å¾ªç¯ç¼“å†²åŒºç´¢å¼•
  168   2              sample_count = (sample_count + 1) % times;
  169   2              
  170   2              // å¯¹æ¯ä¸ªç”µæ„Ÿé€šé“è¿›è¡Œå¤„ç†
  171   2              for(a = 0; a < i_num; a++)
  172   2              {
  173   3                  for(t = 0; t < times; t++)
  174   3                  {
  175   4                      sort_array[t] = adc_fliter_data[a][t];
  176   4                  }
  177   3                  
  178   3                  // å†’æ³¡æ’åº
  179   3                  for(i = 0; i < times-1; i++)
  180   3                  {
  181   4                      for(t = 0; t < times-i-1; t++)
  182   4                      {
C251 COMPILER V5.60.0,  electromagnetic_tracking                                           13/07/25  01:15:44  PAGE 4   

  183   5                          if(sort_array[t] > sort_array[t+1])
  184   5                          {
  185   6                              temp = sort_array[t];
  186   6                              sort_array[t] = sort_array[t+1];
  187   6                              sort_array[t+1] = temp;
  188   6                          }
  189   5                      }
  190   4                  }
  191   3                  
  192   3                  // è®¡ç®—ä¸­ä½æ•°ç´¢å¼•
  193   3                  mid_index = times / 2;  // 5 / 2 = 2  ,sort_array[2]æ˜¯ç¬¬ä¸‰ä¸ªæ•°å³ä¸­ä½æ•°
  194   3                  
  195   3                  // å–ä¸­ä½æ•°ä½œä¸ºç»“æœ
  196   3                  result[a] = sort_array[mid_index];
  197   3              }
  198   2          }
  199   1      }
  200          
  201          
  202          //-----------------------------------------------------------------------------
  203          // @brief       æ›´æ–°æ¯ä¸ªç”µæ„Ÿçš„æœ€å¤§æœ€å°å€¼ï¼Œç”¨äºåŠ¨æ€æ ¡å‡†
  204          // @param   æ— 
  205          // @return  æ— 
  206          // @author  ZP
  207          // Sample usage: update_min_max_values();
  208          //-----------------------------------------------------------------------------
  209          //void update_min_max_values(void)
  210          //{
  211          //    uint8 i;
  212          //    static uint16 update_counter = 0;
  213          //    
  214          //    // å®šæœŸè½»å¾®è¡°å‡æœ€å¤§æœ€å°å€¼ï¼Œä½¿ç³»ç»Ÿèƒ½é€‚åº”ç¯å¢ƒå˜åŒ–
  215          //    update_counter++;
  216          //    if(update_counter >= 1000)  // æ¯1000æ¬¡è°ƒç”¨æ‰§è¡Œä¸€æ¬¡è¡°å‡
  217          //    {
  218          //        update_counter = 0;
  219          //        
  220          //        // æœ€å°å€¼ç•¥å¾®å¢åŠ ï¼Œæœ€å¤§å€¼ç•¥å¾®å‡å°‘ï¼Œå½¢æˆç¼“æ…¢è¡°å‡
  221          //        for(i = 0; i < SENSOR_COUNT; i++)
  222          //        {
  223          //            // æœ€å°å€¼å‘ä¸Šè¡°å‡ï¼ˆå¢åŠ 1%ï¼‰
  224          //            min_value[i] += min_value[i] / 100;
  225          //            
  226          //            // æœ€å¤§å€¼å‘ä¸‹è¡°å‡ï¼ˆå‡å°‘1%ï¼‰
  227          //            if(max_value[i] > min_value[i])  // ç¡®ä¿æœ€å¤§å€¼å§‹ç»ˆå¤§äºæœ€å°å€¼
  228          //                max_value[i] -= max_value[i] / 100;
  229          //        }
  230          //    }
  231          //    
  232          //    // æ›´æ–°æ¯ä¸ªç”µæ„Ÿçš„æœ€å°å€¼å’Œæœ€å¤§å€¼
  233          //    for(i = 0; i < SENSOR_COUNT; i++)
  234          //    {
  235          //        // å¼‚å¸¸å€¼æ£€æµ‹ - å¦‚æœè¯»æ•°å¼‚å¸¸å¤§æˆ–å¼‚å¸¸å°ï¼Œå¯èƒ½æ˜¯ä¼ æ„Ÿå™¨æ•…éšœï¼Œä¸æ›´æ–°
  236          //        if(result[i] > 1000 || result[i] < 5)
  237          //            continue;
  238          //            
  239          //        // æ›´æ–°æœ€å°å€¼ï¼ˆå¿½ç•¥è¿‡å°çš„å€¼ï¼Œå¯èƒ½æ˜¯å™ªå£°ï¼‰
  240          //        if(result[i] < min_value[i] && result[i] > 10) 
  241          //            min_value[i] = result[i];
  242          //        
  243          //        // æ›´æ–°æœ€å¤§å€¼
  244          //        if(result[i] > max_value[i]) 
  245          //            max_value[i] = result[i];
  246          //    }
  247          //    
  248          //    // ç¡®ä¿æœ€å¤§æœ€å°å€¼ä¹‹é—´æœ‰è¶³å¤Ÿå·®è·ï¼Œé¿å…é™¤ä»¥æ¥è¿‘0çš„å€¼
C251 COMPILER V5.60.0,  electromagnetic_tracking                                           13/07/25  01:15:44  PAGE 5   

  249          //    for(i = 0; i < SENSOR_COUNT; i++)
  250          //    {
  251          //        if(max_value[i] - min_value[i] < 20)
  252          //        {
  253          //            // å¦‚æœå·®è·å¤ªå°ï¼Œå¼ºåˆ¶è®¾ç½®ä¸€ä¸ªåˆç†å·®è·
  254          //            max_value[i] = min_value[i] + 20;
  255          //        }
  256          //    }
  257          //}
  258          
  259          //-----------------------------------------------------------------------------
  260          // @brief       å½’ä¸€åŒ–ç”µæ„Ÿæ•°æ®
  261          // @param   æ— 
  262          // @return  æ— 
  263          // @author  ZP
  264          // Sample usage: normalize_sensors();
  265          //-----------------------------------------------------------------------------
  266          void normalize_sensors(void)
  267          {
  268   1          uint8 i;
  269   1          // å¯é€‰ï¼šå¯¹å½’ä¸€åŒ–åçš„æ•°æ®è¿›è¡Œå¹³æ»‘å¤„ç†ï¼Œå‡å°‘æŠ–åŠ¨
  270   1          static float last_normalized[SENSOR_COUNT] = {0};
  271   1          // å¹³æ»‘å› å­ï¼Œå¯è°ƒæ•´ï¼šå€¼è¶Šå¤§ï¼Œå“åº”è¶Šå¿«ä½†æŠ–åŠ¨è¶Šæ˜æ˜¾ï¼Œå€¼è¶Šå°ï¼Œå“åº”è¶Šæ…¢ä½
             -†æ›´å¹³ç¨³
  272   1          float smooth_factor = 0.7f; // å»ºè®®åœ¨0.6-0.8èŒƒå›´å†…è°ƒæ•´ï¼Œæ ¹æ®å°è½¦å®é™…è¡¨ç°å¾®è°ƒ    //
             - é¦–å…ˆæ›´æ–°æœ€å¤§æœ€å°å€¼
  273   1          
  274   1          // å¯¹æ¯ä¸ªç”µæ„Ÿè¿›è¡Œå½’ä¸€åŒ–å¤„ç†
  275   1          for(i = 0; i < SENSOR_COUNT; i++)
  276   1          {
  277   2              // æ£€æŸ¥æœ€å¤§å€¼æ˜¯å¦è¶³å¤Ÿå¤§ï¼Œé˜²æ­¢é™¤ä»¥æ¥è¿‘0çš„å€¼
  278   2              if(max_value[i] > 10) 
  279   2              {
  280   3                  // æ ‡å‡†çº¿æ€§å½’ä¸€åŒ–ï¼Œå°†å€¼æ˜ å°„åˆ°0-100èŒƒå›´ï¼ˆä¹˜ä»¥100æ–¹ä¾¿åç»­ä½¿ç”¨ï¼‰
  281   3                  normalized_data[i] = (float)(result[i] - min_value[i]) * 100.0f / (max_value[i] - min_value[i
             -]);
  282   3                  
  283   3                  // å¯é€‰ï¼šä½¿ç”¨å¹³æ–¹æ ¹éçº¿æ€§æ˜ å°„ï¼Œå¢å¼ºå°ä¿¡å·å“åº”(å¦‚æœå‘ç°å°è½¦å¯¹å°å
             -å·®ååº”ä¸æ•æ„Ÿï¼Œå¯ä»¥å–æ¶ˆå¹³æ–¹æ ¹æ˜ å°„çš„æ³¨é‡Š)
  284   3                  // normalized_data[i] = sqrtf(normalized_data[i] / 100.0f) * 100.0f;
  285   3              }
  286   2              else 
  287   2              {
  288   3                  // å¦‚æœæœ€å¤§æœ€å°å€¼å·®å¼‚å¤ªå°ï¼Œå¯èƒ½æ˜¯ä¼ æ„Ÿå™¨æ•…éšœæˆ–æœªæ­£ç¡®åˆå§‹åŒ–
  289   3                  // ä½¿ç”¨åŸå§‹å€¼çš„ç›¸å¯¹æ¯”ä¾‹ä½œä¸ºæ›¿ä»£ï¼Œä¹Ÿä¹˜ä»¥100ä¿æŒä¸€è‡´æ€§
  290   3                  normalized_data[i] = (float)result[i] / 30.0f;  // å‡è®¾ADCæœ€å¤§å€¼ä¸º1000ï¼Œå½’ä¸€åŒ–åˆ°0-
             -100
  291   3              }
  292   2              
  293   2              // é™åˆ¶èŒƒå›´åœ¨0-100ä¹‹é—´
  294   2              if(normalized_data[i] > 100.0f) normalized_data[i] = 100.0f;
  295   2              if(normalized_data[i] < 0.0f) normalized_data[i] = 0.0f;
  296   2          }
  297   1          
  298   1          for(i = 0; i < SENSOR_COUNT; i++)
  299   1          {
  300   2              // ä½é€šæ»¤æ³¢å¹³æ»‘å¤„ç†
  301   2              normalized_data[i] = normalized_data[i] * smooth_factor + 
  302   2                                  last_normalized[i] * (1.0f - smooth_factor);
  303   2              
  304   2              // ä¿å­˜å½“å‰å€¼ç”¨äºä¸‹æ¬¡å¹³æ»‘
  305   2              last_normalized[i] = normalized_data[i];
  306   2          }
  307   1      }
  308          
  309          //-----------------------------------------------------------------------------
C251 COMPILER V5.60.0,  electromagnetic_tracking                                           13/07/25  01:15:44  PAGE 6   

  310          // @brief       æ”¹è¿›ç‰ˆè®¡ç®—ä½ç½®ï¼ˆä½¿ç”¨è‡ªé€‚åº”å·®æ¯”å’ŒåŠ æƒæ–¹æ³•ï¼‰
  311          // @param   æ— 
  312          // @return  è®¡ç®—å¾—åˆ°çš„ä½ç½®å€¼ï¼ŒèŒƒå›´-100åˆ°100
  313          // @author  ZP
  314          // Sample usage: position = calculate_position_improved();
  315          //-----------------------------------------------------------------------------
  316          int16 calculate_position_improved(void)
  317          {
  318   1          // åœ¨å‡½æ•°å¼€å§‹å¤„å£°æ˜æ‰€æœ‰å˜é‡
  319   1          float weight_outer = 0.15f;   // å¤–ä¾§ç”µæ„Ÿæƒé‡(HLå’ŒHR)
  320   1          float weight_middle = 0.40f;  // ä¸­é—´ç”µæ„Ÿæƒé‡(HMLå’ŒHMR)
  321   1          float weight_vertical = 0.15f; // çºµå‘ç”µæ„Ÿæƒé‡(VLå’ŒVR)
  322   1          float weight_center = 0.0f;  // ä¸­å¿ƒç”µæ„Ÿæƒé‡(HC)(æ²¡ç”¨ä¸Š)
  323   1          
  324   1          float diff_outer = 0;        // å¤–ä¾§ç”µæ„Ÿå·®å€¼
  325   1          float diff_middle = 0;       // ä¸­é—´ç”µæ„Ÿå·®å€¼
  326   1          float diff_vertical = 0;     // çºµå‘ç”µæ„Ÿå·®å€¼
  327   1          
  328   1          float sum_outer = 0;         // å¤–ä¾§ç”µæ„Ÿå’Œå€¼
  329   1          float sum_middle = 0;        // ä¸­é—´ç”µæ„Ÿå’Œå€¼
  330   1          float sum_vertical = 0;      // çºµå‘ç”µæ„Ÿå’Œå€¼
  331   1          float center_value = 0;      // ä¸­é—´ç”µæ„Ÿå€¼
  332   1          
  333   1          float ratio_outer = 0;       // å¤–ä¾§ç”µæ„Ÿå·®æ¯”å’Œ
  334   1          float ratio_middle = 0;      // ä¸­é—´ç”µæ„Ÿå·®æ¯”å’Œ
  335   1          float ratio_vertical = 0;    // çºµå‘ç”µæ„Ÿå·®æ¯”å’Œ
  336   1          
  337   1          float signal_strength = 0;   // ä¿¡å·å¼ºåº¦æŒ‡æ ‡
  338   1          static int16 last_pos = 0;   // ä¸Šä¸€æ¬¡ä½ç½®å€¼ï¼Œç”¨äºæ»¤æ³¢
  339   1          static int16 very_last_pos = 0;  // ä¸Šä¸Šæ¬¡ä½ç½®å€¼ï¼Œç”¨äºäºŒæ¬¡æ»¤æ³¢
  340   1          static int16 very_very_last_pos = 0;  // ä¸Šä¸Šä¸Šæ¬¡ä½ç½®å€¼ï¼Œç”¨äºä¸‰æ¬¡æ»¤æ³¢
  341   1          int16 pos = 0;               // å½“å‰è®¡ç®—å¾—åˆ°çš„ä½ç½®å€¼
  342   1          static int16 max_change_rate = 2; // å…è®¸çš„æœ€å¤§å˜åŒ–ç‡ï¼Œè¶Šå¤§è¶Šçµæ•
  343   1          int16 position_change = 0;   // ä½ç½®å˜åŒ–é‡
  344   1              
  345   1              
  346   1              
  347   1              
  348   1              
  349   1              // ä½ç½®è®¡ç®—ï¼ˆåŒ…å«ä¸­å¿ƒç”µæ„Ÿçš„è´¡çŒ®ï¼‰
  350   1          // ä¸­å¿ƒç”µæ„Ÿè¶Šå¤§ï¼Œä½ç½®è¶Šæ¥è¿‘ä¸­å¿ƒçº¿ï¼Œè¿™é‡Œç›´æ¥å°†ä¸­å¿ƒç”µæ„Ÿä½œä¸ºä½ç½®ä¿®æ­£å› å­
             -
  351   1          float center_correction = 0;
  352   1          
  353   1          // è®¡ç®—å„å¯¹ç”µæ„Ÿçš„å·®å€¼å’Œå’Œå€¼
  354   1          diff_outer = normalized_data[SENSOR_HL] - normalized_data[SENSOR_HR];
  355   1          sum_outer = normalized_data[SENSOR_HL] + normalized_data[SENSOR_HR];
  356   1          
  357   1          diff_middle = normalized_data[SENSOR_HML] - normalized_data[SENSOR_HMR];
  358   1          sum_middle = normalized_data[SENSOR_HML] + normalized_data[SENSOR_HMR];
  359   1          
  360   1          diff_vertical = normalized_data[SENSOR_VL] - normalized_data[SENSOR_VR];
  361   1          sum_vertical = normalized_data[SENSOR_VL] + normalized_data[SENSOR_VR];
  362   1          
  363   1          // è·å–ä¸­é—´ç”µæ„Ÿå€¼
  364   1          center_value = normalized_data[SENSOR_HC];
  365   1          
  366   1          // è®¡ç®—ä¿¡å·å¼ºåº¦æŒ‡æ ‡ - æ‰€æœ‰ç”µæ„Ÿå¹³å‡å€¼
  367   1          signal_strength = (sum_outer + sum_middle + sum_vertical + center_value) / 7.0f;
  368   1          signal_strength_value = signal_strength; // ä¿å­˜ä¿¡å·å¼ºåº¦æŒ‡æ ‡
  369   1      
  370   1      
  371   1      
  372   1      
  373   1          // è®¡ç®—å·®æ¯”å’Œï¼Œä½¿ç”¨å¹³æ»‘è¿‡æ¸¡å‡½æ•°ä»£æ›¿ç¡¬é˜ˆå€¼ï¼Œé¿å…åœ¨ä¸´ç•Œå€¼é™„è¿‘äº§ç”Ÿè·³å˜
  374   1          // å¤–ä¾§ç”µæ„Ÿå¹³æ»‘è¿‡æ¸¡
C251 COMPILER V5.60.0,  electromagnetic_tracking                                           13/07/25  01:15:44  PAGE 7   

  375   1          if(sum_outer > 16.0f)
  376   1              ratio_outer = diff_outer / sum_outer;
  377   1          else if(sum_outer < 3.0f)
  378   1              ratio_outer = 0;
  379   1          else
  380   1              ratio_outer = (diff_outer / sum_outer) * (sum_outer - 3.0f) / 7.0f; // 5-12èŒƒå›´å†…çº¿æ€§è¿‡æ¸¡
  381   1              
  382   1          // ä¸­é—´ç”µæ„Ÿå¹³æ»‘è¿‡æ¸¡
  383   1          if(sum_middle > 16.0f)
  384   1              ratio_middle = diff_middle / sum_middle;
  385   1          else if(sum_middle < 3.0f)
  386   1              ratio_middle = 0;
  387   1          else
  388   1              ratio_middle = (diff_middle / sum_middle) * (sum_middle - 3.0f) / 7.0f; // 5-12èŒƒå›´å†…çº¿æ€§è¿‡
             -æ¸¡
  389   1          
  390   1          // çºµå‘ç”µæ„Ÿå¹³æ»‘è¿‡æ¸¡
  391   1          if(sum_vertical > 16.0f)
  392   1              ratio_vertical = diff_vertical / sum_vertical;
  393   1          else if(sum_vertical < 3.0f)
  394   1              ratio_vertical = 0;
  395   1          else
  396   1              ratio_vertical = (diff_vertical / sum_vertical) * (sum_vertical - 3.0f) / 7.0f; // 5-12èŒƒå›´å†…ç
             -º¿æ€§è¿‡æ¸¡
  397   1          
  398   1              
  399   1              
  400   1              
  401   1          // èµ›é“ç±»å‹è¯†åˆ« - æ ¹æ®ä¸ƒç”µæ„Ÿç‰¹å¾åˆ¤æ–­
  402   1          if (track_type == WEIGHT_STRAIGHT || track_type == 4) // 0. å½“å‰è®¤ä¸ºæ˜¯æ™®é€šèµ›é“æ—¶ï¼Œå°è¯•åˆ
             -¤æ–­ç‰¹æ®Šèµ›é“
  403   1          {    
  404   2              // 1. ç›´è§’å¼¯é“ç‰¹å¾
  405   2              if(((normalized_data[SENSOR_VL] > 60.0f && normalized_data[SENSOR_VR] < 25.0f) || //å·¦è½¬
  406   2                      (normalized_data[SENSOR_VR] > 60.0f && normalized_data[SENSOR_VL] < 25.0f)) &&  //å³è½¬
  407   2                                                                      normalized_data[SENSOR_HC] < 70.0f && 
  408   2                      signal_strength > 25.0f && signal_strength < 50.0f) // è°ƒæ•´ä¿¡å·å¼ºåº¦èŒƒå›´
  409   2              {
  410   3                  track_type = WEIGHT_RIGHT_ANGLE; // ç›´è§’å¼¯é“
  411   3              }
  412   2              // else if (((normalized_data[SENSOR_HC] > 60.0f && normalized_data[SENSOR_HMR] > 88.0f && normal
             -ized_data[SENSOR_VL] > 50.0f && normalized_data[SENSOR_VR] > 75.0f) ||  //é€†æ—¶é’ˆ
  413   2              // (normalized_data[SENSOR_HC] > 80.0f && normalized_data[SENSOR_HML] > 80.0f && normalized_data[
             -SENSOR_HMR] < 45.0f && normalized_data[SENSOR_VL] > 75.0f && normalized_data[SENSOR_VR] > 45.0f)) && 
  414   2              // track_ten_flag == 1 && signal_strength > 50.0f ) 
  415   2              // {
  416   2              //     track_type = 2; //åå­—åœ†ç¯
  417   2              //     track_ten_flag = 0; 
  418   2              //     ten_change_flag = 1;//æ„Ÿåº”åˆ°å…¥ç¯ï¼Œå»¶æ—¶2så†è®©track_ten_flag=1
  419   2                                      
  420   2              // }
  421   2              else if((normalized_data[SENSOR_HR] > 70.0f && normalized_data[SENSOR_HC] > 90.0f && ((normalized
             -_data[SENSOR_HR] + normalized_data[SENSOR_VR]) - (normalized_data[SENSOR_HL] + normalized_data[SENSOR_VL]) > 80.0f))  //
             -å³ç¯å²›
  422   2                       && signal_strength > 48.0f )    
  423   2              {
  424   3      //            track_type = 3;// ç¯å²›
  425   3              }
  426   2          }
  427   1          else if (track_type == WEIGHT_RIGHT_ANGLE) // 1. ç›´è§’å¼¯é“
  428   1              {
  429   2                      if (normalized_data[SENSOR_VL] > 50.0f && normalized_data[SENSOR_VR] < 30.0f )
  430   2                      {
  431   3                              track_type_zj = 1; //å·¦è½¬
  432   3                      }
  433   2                      else if (normalized_data[SENSOR_VR] > 50.0f && normalized_data[SENSOR_VL] < 30.0f )
C251 COMPILER V5.60.0,  electromagnetic_tracking                                           13/07/25  01:15:44  PAGE 8   

  434   2                      {
  435   3                              track_type_zj = 2; //å³è½¬
  436   3                      }   
  437   2                      
  438   2                      if (track_type_zj != 0)
  439   2                      {
  440   3                              // å›åˆ°ç›´é“ - å¯é€‰:å¢åŠ  signal_strength < 45.0f åˆ¤æ–­
  441   3                  if (track_type_zj == 1 && (normalized_data[SENSOR_HC] > 65.0f && normalized_data[SENSOR_VL] <
             - 50.0f ))
  442   3                  {
  443   4                      track_type = WEIGHT_STRAIGHT; 
  444   4                      track_type_zj = 0;
  445   4                  }
  446   3                  else if (track_type_zj == 2 && (normalized_data[SENSOR_HC] > 65.0f && normalized_data[SENSOR_
             -VR] < 50.0f ))
  447   3                  {
  448   4                      track_type = WEIGHT_STRAIGHT; 
  449   4                      track_type_zj = 0;
  450   4                  }
  451   3      //                      if (signal_strength > 50) // ç›´è§’å³æ‹è¿›åœ†ç¯çš„ç‰¹æ®Šç‚¹
  452   3      //                      {
  453   3      //                              track_type = WEIGHT_ROUNDABOUT; 
  454   3      //                              // track_type_zj = 0;
  455   3      //                          // weight_outer = 0.4;  // æ¢æˆç›´é“çš„æƒ
  456   3      //                          // weight_middle = 0.1;
  457   3      //                          // weight_vertical = 0.1;
  458   3      //                          // filter_param = track_weights[WEIGHT_STRAIGHT].filter_param;
  459   3      //                          // max_change_rate = track_weights[WEIGHT_STRAIGHT].max_change_rate;
  460   3      //                      }
  461   3                      }
  462   2              }
  463   1          else if (track_type == WEIGHT_CROSS) // 2. åå­—åœ†ç¯
  464   1          {
  465   2                      // å‡ºç¯  
  466   2                      if (((normalized_data[SENSOR_HC] > 70.0f && normalized_data[SENSOR_HML] > 75.0f && normalized_data[SENS
             -OR_VL] > 80.0f && normalized_data[SENSOR_VR] > 70.0f)  || //é€†æ—¶é’ˆ
  467   2                                               (normalized_data[SENSOR_HC] > 80.0f && normalized_data[SENSOR_HMR] > 80.0f && normalized_data[SENSO
             -R_VL] > 70.0f && normalized_data[SENSOR_VR] > 80.0f )) &&
  468   2                                                      track_ten_flag == 1 && signal_strength > 50.0f )  //é¡ºæ—¶é’ˆ
  469   2                       {
  470   3                              track_type = WEIGHT_STRAIGHT; //å›ç›´é“
  471   3                              track_ten_flag = 0;
  472   3                              ten_change_flag = 1; //æ„Ÿåº”åˆ°å‡ºç¯å»¶æ—¶2så†è®©track_ten_flag=1    
  473   3                       }
  474   2              }
  475   1          else if (track_type == WEIGHT_ROUNDABOUT) // 3. ç¯å²›   
  476   1          {
  477   2              if(normalized_data[SENSOR_HR] > 80.0f && normalized_data[SENSOR_HL] < 40.0f && track_route == 0)
  478   2              {
  479   3                  // å³ç¯å²›
  480   3                  track_route = 1;
  481   3                                                      track_route_status = 1;
  482   3              }
  483   2              // else if(normalized_data[SENSOR_HR] < 30.0f && normalized_data[SENSOR_HL] > 70.0f && track_rout
             -e == 0)
  484   2              // {
  485   2              //     // å·¦ç¯å²›
  486   2              //     track_route = 2;
  487   2                      //      track_route_status = 1;
  488   2              // }
  489   2                      if(track_route_status == 2 &&(normalized_data[SENSOR_VL] > 30.0f && normalized_data[SENSOR_HL] < 55.0f 
             -&& normalized_data[SENSOR_HC] < 65.0f && normalized_data[SENSOR_HML] < 35.0f && normalized_data[SENSOR_HMR] > 70.0f && n
             -ormalized_data[SENSOR_VR] > 75.0f)) //å³ç¯
  490   2                      {
  491   3      //                      track_route = 0;
  492   3                              track_route_status = 3;
C251 COMPILER V5.60.0,  electromagnetic_tracking                                           13/07/25  01:15:44  PAGE 9   

  493   3      //                      track_type == WEIGHT_RIGHT_ANGLE; // æ£€éªŒä½ç‚¹
  494   3                      }
  495   2          }
  496   1      
  497   1          // 4. è¶…å‡ºç½®0
  498   1      //   if(normalized_data[SENSOR_HC] < 2.0f && normalized_data[SENSOR_HMR] < 2.0f && normalized_data[SENSOR
             -_HML] < 2.0f)
  499   1      //   {
  500   1      //       track_type = WEIGHT_STRAIGHT;
  501   1      //       track_route = 0;
  502   1      //       track_route_status = 0;
  503   1      //         track_type_zj = 0;
  504   1      //   }
  505   1          
  506   1          // æ ¹æ®èµ›é“ç±»å‹å’Œä¿¡å·å¼ºåº¦è°ƒæ•´æƒé‡
  507   1         switch(track_type)
  508   1         {
  509   2             case WEIGHT_STRAIGHT: // æ™®é€šèµ›é“
  510   2                 // ä½¿ç”¨ç›´é“æƒé‡
  511   2                 weight_outer = track_weights[WEIGHT_STRAIGHT].weight_outer;
  512   2                 weight_middle = track_weights[WEIGHT_STRAIGHT].weight_middle;
  513   2                 weight_vertical = track_weights[WEIGHT_STRAIGHT].weight_vertical;
  514   2                 filter_param = track_weights[WEIGHT_STRAIGHT].filter_param;
  515   2                 max_change_rate = track_weights[WEIGHT_STRAIGHT].max_change_rate;
  516   2                 break;
  517   2                 
  518   2             case WEIGHT_RIGHT_ANGLE: // ç›´è§’å¼¯é“
  519   2                 // ä½¿ç”¨ç›´è§’å¼¯é“æƒé‡
  520   2                 weight_outer = track_weights[WEIGHT_RIGHT_ANGLE].weight_outer;
  521   2                 weight_middle = track_weights[WEIGHT_RIGHT_ANGLE].weight_middle;
  522   2                 weight_vertical = track_weights[WEIGHT_RIGHT_ANGLE].weight_vertical;
  523   2                 filter_param = track_weights[WEIGHT_RIGHT_ANGLE].filter_param;
  524   2                 max_change_rate = track_weights[WEIGHT_RIGHT_ANGLE].max_change_rate;
  525   2                 break;
  526   2                 
  527   2             case WEIGHT_CROSS: // åå­—åœ†ç¯
  528   2                 // ä½¿ç”¨åå­—åœ†ç¯æƒé‡
  529   2                 weight_outer = track_weights[WEIGHT_CROSS].weight_outer;
  530   2                 weight_middle = track_weights[WEIGHT_CROSS].weight_middle;
  531   2                 weight_vertical = track_weights[WEIGHT_CROSS].weight_vertical;
  532   2                 filter_param = track_weights[WEIGHT_CROSS].filter_param;
  533   2                 max_change_rate = track_weights[WEIGHT_CROSS].max_change_rate;
  534   2                 break;
  535   2                 
  536   2             case WEIGHT_ROUNDABOUT: // ç¯å²›
  537   2                 // ä½¿ç”¨ç¯å²›æƒé‡
  538   2                 weight_outer = track_weights[WEIGHT_ROUNDABOUT].weight_outer;
  539   2                 weight_middle = track_weights[WEIGHT_ROUNDABOUT].weight_middle;
  540   2                 weight_vertical = track_weights[WEIGHT_ROUNDABOUT].weight_vertical;
  541   2                 filter_param = track_weights[WEIGHT_ROUNDABOUT].filter_param;
  542   2                 max_change_rate = track_weights[WEIGHT_ROUNDABOUT].max_change_rate;
  543   2                 break;
  544   2             default:
  545   2                 // ä½¿ç”¨é»˜è®¤çš„ç›´é“æƒé‡
  546   2                 weight_outer = track_weights[WEIGHT_STRAIGHT].weight_outer;
  547   2                 weight_middle = track_weights[WEIGHT_STRAIGHT].weight_middle;
  548   2                 weight_vertical = track_weights[WEIGHT_STRAIGHT].weight_vertical;
  549   2                 filter_param = track_weights[WEIGHT_STRAIGHT].filter_param;
  550   2                 max_change_rate = track_weights[WEIGHT_STRAIGHT].max_change_rate;
  551   2                 break;
  552   2         }
  553   1          
  554   1          // ç‰¹æ®Šæƒ…å†µå¤„ç†ï¼šå½“æ‰€æœ‰ç”µæ„Ÿå€¼éƒ½å¾ˆå°æ—¶ï¼Œå¯èƒ½å·²ç»åç¦»èµ›é“
  555   1          if(sum_outer < 10.0f && sum_middle < 10.0f && sum_vertical < 10.0f && center_value < 10.0f)
  556   1          {
  557   2      //        if(last_pos > 0)
C251 COMPILER V5.60.0,  electromagnetic_tracking                                           13/07/25  01:15:44  PAGE 10  

  558   2      //            return (last_pos + 10);  // å‘å³åç¦»
  559   2      //        else
  560   2      //            return (last_pos - 10); // å‘å·¦åç¦»
  561   2                      
  562   2                      return last_pos;
  563   2          }
  564   1          
  565   1          // å½“ä¸­å¿ƒç”µæ„Ÿå¤§äºé˜ˆå€¼æ—¶ï¼Œè®¤ä¸ºè½¦è¾†æ¥è¿‘ä¸­å¿ƒï¼Œå¯¹ä½ç½®è¿›è¡Œä¿®æ­£
  566   1          if(center_value > 60.0f) {
  567   2              // ä¿®æ­£ç³»æ•°ï¼Œå½“ä¸­å¿ƒç”µæ„Ÿå¼ºåº¦é«˜æ—¶ï¼Œä¿®æ­£ç³»æ•°å¤§
  568   2              center_correction = (center_value - 40.0f) / 60.0f * 0.5f;  // æœ€å¤§ä¿®æ­£50%
  569   2          }
  570   1          
  571   1          // ä¸‰ç»„å·®æ¯”å’ŒåŠ æƒå¹³å‡è®¡ç®—ä½ç½®
  572   1          pos = (int16)((ratio_outer * weight_outer + 
  573   1                         ratio_middle * weight_middle + 
  574   1                         ratio_vertical * weight_vertical) * 100.0f);
  575   1          
  576   1          // åº”ç”¨ä¸­å¿ƒç”µæ„Ÿä¿®æ­£ - å‘ä¸­å¿ƒçº¿æ‹‰è¿‘
  577   1          pos = (int16)(pos * (1.0f - center_correction));
  578   1          
  579   1          // é™åˆ¶èŒƒå›´åœ¨-100åˆ°100ä¹‹é—´
  580   1          if(pos > 100) pos = 100;
  581   1          if(pos < -100) pos = -100;
  582   1          
  583   1          // ä½ç½®å˜åŒ–é‡é™åˆ¶ï¼Œé˜²æ­¢çªå˜
  584   1          position_change = pos - last_pos;
  585   1          if(position_change > max_change_rate)
  586   1              pos = last_pos + max_change_rate;
  587   1          else if(position_change < -max_change_rate)
  588   1              pos = last_pos - max_change_rate;
  589   1          
  590   1          // åº”ç”¨ä½é€šæ»¤æ³¢ï¼Œå¹³æ»‘ä½ç½®å˜åŒ–
  591   1          pos = (int16)(filter_param * pos + (1-filter_param) * last_pos);
  592   1          
  593   1          // å¦‚æœä¿¡å·å¼ºåº¦é«˜ï¼Œå¢å¼ºæ»¤æ³¢æ•ˆæœ
  594   1          if(signal_strength > 60.0f) {
  595   2              // åº”ç”¨ä¸‰ç‚¹å¹³å‡æ»¤æ³¢ï¼Œè¿›ä¸€æ­¥å¹³æ»‘
  596   2              pos = (pos + last_pos + very_last_pos) / 3;
  597   2          }
  598   1                      
  599   1                      
  600   1      //              if (track_type == 0 && (pos <= 10 || pos >= -10))
  601   1      //              {
  602   1      //                              speed_count++;
  603   1      //                      
  604   1      //                              if (speed_count >= 12)
  605   1      //                              {
  606   1      //                                              track_type = 4;
  607   1      //                                              speed_count = 0;
  608   1      //                              }
  609   1      //              }
  610   1      //              else
  611   1      //              {
  612   1      //                              speed_count = 0;
  613   1      //              }
  614   1      //              
  615   1      //              if (track_type == 4 && (pos > 10 || pos < -10))
  616   1      //              {
  617   1      //                      track_type = 0;
  618   1      //              }
  619   1                      
  620   1          
  621   1          // æ›´æ–°å†å²ä½ç½®å€¼
  622   1          very_very_last_pos = very_last_pos;
  623   1          very_last_pos = last_pos;
C251 COMPILER V5.60.0,  electromagnetic_tracking                                           13/07/25  01:15:44  PAGE 11  

  624   1          last_pos = pos;
  625   1          
  626   1          return pos;
  627   1      }
  628          
  629          
  630          //-----------------------------------------------------------------------------
  631          // @brief       ç”µç£ä¿æŠ¤é€»è¾‘å‡½æ•°
  632          // @param   æ— 
  633          // @return  ä¿æŠ¤è§¦å‘æ ‡å¿—ä½ï¼Œ1è¡¨ç¤ºå·²è§¦å‘ä¿æŠ¤
  634          // @author  ZP
  635          // Sample usage: protection_flag = check_electromagnetic_protection();
  636          //-----------------------------------------------------------------------------
  637          uint8 check_electromagnetic_protection(void)
  638          {
  639   1          // åœ¨å‡½æ•°å¼€å§‹å¤„å£°æ˜æ‰€æœ‰å˜é‡
  640   1          uint8 is_out_of_track = 0;    // æ ‡è®°æ˜¯å¦è„±ç¦»èµ›é“çš„æ ‡å¿—ä½
  641   1          uint16 sum_value = 0;         // æ‰€æœ‰ç”µæ„Ÿå€¼çš„æ€»å’Œ
  642   1          uint16 threshold = 175;       // é˜ˆå€¼ï¼Œéœ€è¦æ ¹æ®ä¸ƒç”µæ„Ÿçš„å®é™…æƒ…å†µè°ƒæ•´ï¼ˆå¢åŠ ï¼‰
  643   1          static uint8 out_of_track_count = 0;    // è¿ç»­æ£€æµ‹åˆ°è„±ç¦»èµ›é“çš„æ¬¡æ•°è®¡æ•°å™¨
  644   1          static uint8 in_track_count = 0;        // è¿ç»­æ£€æµ‹åˆ°åœ¨è½¨é“ä¸Šçš„æ¬¡æ•°è®¡æ•°å™¨
  645   1          static uint8 protection_triggered = 0;  // ä¿æŠ¤è§¦å‘æ ‡å¿—ä½ï¼Œ1è¡¨ç¤ºå·²è§¦å‘ä¿æŠ¤
  646   1          uint8 i;
  647   1          uint8 trigger_reason = 0;     // è®°å½•è§¦å‘åŸå› ï¼Œç”¨äºè°ƒè¯•
  648   1          
  649   1          
  650   1              // è®¡ç®—æ‰€æœ‰ç”µæ„Ÿçš„å’Œå€¼
  651   1              for(i = 0; i < SENSOR_COUNT; i++)
  652   1              {
  653   2                      sum_value += result[i];
  654   2              }
  655   1              
  656   1              // åˆ¤æ–­æ˜¯å¦è„±ç¦»èµ›é“çš„æ¡ä»¶
  657   1              // 1. æ‰€æœ‰ç”µæ„Ÿå€¼æ€»å’Œè¿‡å°ï¼Œè¯´æ˜å¯èƒ½è„±ç¦»èµ›é“
  658   1              if(sum_value < threshold)
  659   1              {
  660   2                      is_out_of_track = 1;
  661   2                      trigger_reason = 1;
  662   2              }
  663   1              
  664   1              // 2. å½’ä¸€åŒ–åçš„å€¼éƒ½å¾ˆå°ï¼Œè¯´æ˜å¯èƒ½è„±ç¦»èµ›é“
  665   1              if(normalized_data[SENSOR_HL] < 5.0f && normalized_data[SENSOR_VL] < 5.0f && 
  666   1                 normalized_data[SENSOR_HML] < 5.0f && normalized_data[SENSOR_HC] < 5.0f && 
  667   1                 normalized_data[SENSOR_HMR] < 5.0f && normalized_data[SENSOR_VR] < 5.0f && 
  668   1                 normalized_data[SENSOR_HR] < 5.0f)
  669   1              {
  670   2                      is_out_of_track = 1;
  671   2                      trigger_reason = 2;
  672   2              }
  673   1              
  674   1              // 3. ä½ç½®åå·®è¿‡å¤§ï¼Œè¯´æ˜å¯èƒ½åç¦»èµ›é“å¤ªå¤š
  675   1              if(position < -90 || position > 90)
  676   1              {
  677   2                      // åªæœ‰å½“ç”µæ„Ÿå€¼æ€»å’Œä¹Ÿè¾ƒå°æ—¶æ‰åˆ¤æ–­ä¸ºå‡ºèµ›é“
  678   2                      if(sum_value < threshold * 2)
  679   2                      {
  680   3                              is_out_of_track = 1;
  681   3                              trigger_reason = 3;
  682   3                      }
  683   2              }
  684   1              
  685   1              // è¿ç»­æ£€æµ‹é€»è¾‘ï¼Œé˜²æ­¢å¶ç„¶çš„ä½å€¼å¯¼è‡´è¯¯åˆ¤
  686   1              if(is_out_of_track)
  687   1              {
  688   2                      out_of_track_count++;
  689   2                      in_track_count = 0;  // é‡ç½®åœ¨è½¨é“ä¸Šçš„è®¡æ•°
C251 COMPILER V5.60.0,  electromagnetic_tracking                                           13/07/25  01:15:44  PAGE 12  

  690   2                      
  691   2                      if(out_of_track_count >= 50 && !protection_triggered)  // è¿ç»­5æ¬¡æ£€æµ‹åˆ°è„±ç¦»èµ›é“æ‰è§¦å‘ä¿æŠ
             -¤
  692   2                      {
  693   3                              protection_triggered = 1;
  694   3                              // è¿™é‡Œå¯ä»¥è¾“å‡ºè§¦å‘ä¿æŠ¤çš„ä¿¡æ¯ï¼Œç”¨äºè°ƒè¯•
  695   3      ////            sprintf(g_TxData, "Protection triggered! Reason: %d, Sum: %d\n", trigger_reason, sum_valu
             -e);
  696   3      ////            uart_putstr(UART_4, g_TxData);
  697   3                      }
  698   2              }
  699   1              // else
  700   1              // {
  701   1              //     // å¦‚æœæ£€æµ‹æ­£å¸¸ï¼Œè®¡æ•°å™¨å¢åŠ 
  702   1              //     in_track_count++;
  703   1              //     if(out_of_track_count > 0)
  704   1              //         out_of_track_count--;
  705   1                              
  706   1              //     // è‡ªåŠ¨æ¢å¤æœºåˆ¶ï¼šè¿ç»­20æ¬¡æ£€æµ‹åˆ°æ­£å¸¸ï¼Œåˆ™è§£é™¤ä¿æŠ¤çŠ¶æ€
  707   1              //     if(in_track_count >= 20 && protection_triggered)
  708   1              //     {
  709   1              //         protection_triggered = 0;
  710   1              //         out_of_track_count = 0;
  711   1              //         in_track_count = 0;
  712   1              //         // å¯ä»¥è¾“å‡ºè‡ªåŠ¨æ¢å¤çš„ä¿¡æ¯ï¼Œç”¨äºè°ƒè¯•
  713   1              //         // sprintf(g_TxData, "Protection auto reset!\n");
  714   1              //         // uart_putstr(UART_4, g_TxData);
  715   1              //     }
  716   1              // }
  717   1                      
  718   1              return protection_triggered;
  719   1      }


Module Information          Static   Overlayable
------------------------------------------------
  code size            =      5622     ------
  ecode size           =    ------     ------
  data size            =    ------     ------
  idata size           =    ------     ------
  pdata size           =    ------     ------
  xdata size           =       757     ------
  xdata-const size     =    ------     ------
  edata size           =    ------     ------
  bit size             =    ------     ------
  ebit size            =    ------     ------
  bitaddressable size  =    ------     ------
  ebitaddressable size =    ------     ------
  far data size        =    ------     ------
  huge data size       =    ------     ------
  const size           =    ------     ------
  hconst size          =       724     ------
End of Module Information.


C251 COMPILATION COMPLETE.  0 WARNING(S),  0 ERROR(S)
