C251 COMPILER V5.60.0,  main                                                               10/07/25  15:35:29  PAGE 1   


C251 COMPILER V5.60.0, COMPILATION OF MODULE main
OBJECT MODULE PLACED IN .\Out_File\main.obj
COMPILER INVOKED BY: D:\Software\Keil5\c251v560\C251\BIN\C251.EXE ..\USER\src\main.c LARGE INTR2 WARNINGLEVEL(3) OPTIMIZ
                    -E(0,SPEED) BROWSE INCDIR(..\USER\inc;..\USER\src;..\libraries;..\seekfree_libraries;..\seekfree_peripheral) DEBUG PRINT(
                    -.\Out_File\main.lst) TABS(2) OBJECT(.\Out_File\main.obj) 

stmt  level    source

    1          /*************  å¤´æ–‡ä»¶ **************/
    2          #include "headfile.h"
    3          #include "at24c16.h"
    4          #include "STC32G_ADC.h"
    5          #include "STC32G_DMA.h"
    6          #include "STC32G_Switch.h"
    7          
    8          /*************  å®å®šä¹‰ **************/
    9          #define ADC_HL  14  // å·¦ä¾§æ¨ªå‘ç”µæ„Ÿ-P0.6
   10          #define ADC_VL  13  // å·¦ä¾§çºµå‘ç”µæ„Ÿ-P0.5
   11          #define ADC_HML 9   // å·¦ä¸­æ¨ªå‘ç”µæ„Ÿ-P0.1
   12          #define ADC_HC  1   // ä¸­é—´æ¨ªå‘ç”µæ„Ÿ-P1.1
   13          #define ADC_HMR 3   // å³ä¸­æ¨ªå‘ç”µæ„Ÿ-P1.3
   14          #define ADC_VR  4   // å³ä¾§çºµå‘ç”µæ„Ÿ-P1.4
   15          #define ADC_HR  8   // å³ä¾§æ¨ªå‘ç”µæ„Ÿ-P0.0
   16          
   17          #define ADC_CH    7     /* 1~16, ADCè½¬æ¢é€šé“æ•°, éœ€åŒæ­¥ä¿®æ”¹è½¬æ¢é€šé“ */
   18          #define ADC_DATA  6     /* 6~n, æ¯ä¸ªé€šé“ADCè½¬æ¢æ•°æ®æ€»æ•°, 2*è½¬æ¢æ¬¡æ•°+4, éœ€åŒæ­¥ä¿®æ”¹è½¬æ¢æ¬
             -¡æ•° */
   19          
   20          
   21          /*************  å…¨å±€å˜é‡  **************/
   22          u8 chn = 0;
   23          u8 xdata DmaAdBuffer[ADC_CH][ADC_DATA];
   24          uint8_t g_TxData[200] = {0};
   25          
   26          
   27          /*************  å‡½æ•°å£°æ˜Ž  **************/
   28          void PrintChAvg7(void);
   29          void ADC_config(void);
   30          void DMA_config(void);
   31          void GPIO_config(void);
   32          
   33          
   34          
   35          /*************  ä¸»å‡½æ•° **************/
   36          void main(void)
   37          {
   38   1        /*************  æœ¬åœ°å˜é‡å£°æ˜Ž  **************/
   39   1        int state = 5;
   40   1        uint16 sum_value = 0;    
   41   1        uint16 value[7] = {0};   //è°ƒè¯•ç”¨æ•°ç»„
   42   1      
   43   1        /*************  ç³»ç»Ÿåˆå§‹åŒ– **************/
   44   1        board_init();      // åˆå§‹åŒ–å¯„å­˜å™¨
   45   1        GPIO_config();
   46   1        ADC_config();
   47   1        DMA_config();
   48   1        
   49   1        iic_init(IIC_2, IIC2_SCL_P25, IIC2_SDA_P24, 0);
   50   1        uart_init(UART_4, UART4_RX_P02, UART4_TX_P03, 115200, TIM_4);
   51   1        
   52   1        motor_init();
   53   1        encoder_init();
   54   1        
   55   1        imu963ra_init();
   56   1        oled_init();
C251 COMPILER V5.60.0,  main                                                               10/07/25  15:35:29  PAGE 2   

   57   1      
   58   1        pid_init(&SpeedPID, 1.0f, 2.0f, 3.0f, 5000.0f, 6000.0f); //åˆå§‹åŒ–é€Ÿåº¦PID
   59   1        pid_init(&TurnPID, 1.0f, 2.0f, 3.0f, 0.0f, 6000.0f);  //åˆå§‹åŒ–ä½ç½®PID
   60   1        
   61   1        lowpass_init(&leftSpeedFilt, 0.556);   //åˆå§‹åŒ–ä½Žé€šæ»¤æ³¢å™¨
   62   1        lowpass_init(&rightSpeedFilt, 0.556);
   63   1        
   64   1        kalman_init(&imu693_kf, 0.98, 0.02, imu693kf_Q, imu693kf_R, 0.0);
   65   1        
   66   1        pit_timer_ms(TIM_1, 10);
   67   1        pit_timer_ms(TIM_2, 5);
   68   1        
   69   1          /* ä»ŽEEPROMåŠ è½½max_valueåŠPIDå‚æ•°ï¼Œè¦†ç›–é»˜è®¤å€¼ */
   70   1         load_parameters_from_eeprom();
   71   1      //  save_parameters_to_eeprom();  //ä¿å­˜max_valueåŠPIDå‚æ•°åˆ°EEPROMï¼ˆåˆå§‹åŒ–ï¼‰
   72   1      
   73   1        /*************  ä¸»å¾ªçŽ¯ **************/
   74   1          while(1)
   75   1        {
   76   2      //     key_task();         // å¤„ç†æŒ‰é”®ä»»åŠ¡
   77   2      //     display_task();     // OLEDæ˜¾ç¤ºä»»åŠ¡
   78   2          
   79   2          
   80   2      //    uart4_recv_task();  // ä¸²å£4æŽ¥æ”¶ä»»åŠ¡
   81   2          
   82   2      //    sprintf(g_TxData, "%f,%f\n",Gyro_Z,filtered_GyroZ);
   83   2      //    uart_putstr(UART_4, g_TxData);
   84   2      
   85   2      
   86   2          /*************  ADC DMAé‡‡æ ·å®Œæˆ **************/
   87   2          if(DmaADCFlag)  //åˆ¤æ–­ADC DMAé‡‡æ ·æ˜¯å¦å®Œæˆ
   88   2          {
   89   3            DmaADCFlag = 0; //æ¸…é™¤å®Œæˆæ ‡å¿—
   90   3      
   91   3            PrintChAvg7();
   92   3      
   93   3            DMA_ADC_TRIG();   //é‡æ–°è§¦å‘å¯åŠ¨ä¸‹ä¸€æ¬¡è½¬æ¢
   94   3          }
   95   2          
   96   2      #if 0
                   // é€šè¿‡ä¸²å£è¾“å‡ºä¸ƒç”µæ„Ÿæ•°æ®
                   sprintf(g_TxData, "%d,%d,%d,%d,%d,%d,%d,%d,%d,%d,%d,%d,%d\n",
                    (uint16)normalized_data[SENSOR_HL], 
                    (uint16)normalized_data[SENSOR_VL], 
                    (uint16)normalized_data[SENSOR_HML], 
                    (uint16)normalized_data[SENSOR_HC],
                    (uint16)normalized_data[SENSOR_HMR], 
                    (uint16)normalized_data[SENSOR_VR], 
                    (uint16)normalized_data[SENSOR_HR], 
                     position,
                    (uint16)signal_strength_value,
                     track_type,
                     track_route,
                     track_route_status,
                     track_type_zj);
                    uart_putstr(UART_4, g_TxData);
               
               
                   // èŽ·å–æ»¤æ³¢åŽçš„ADCæ•°æ®    
                   mid_filter();      // ä½¿ç”¨ä¸­ä½å€¼æ»¤æ³¢èŽ·å–ç”µæ„Ÿæ•°æ®
               
                   // å½’ä¸€åŒ–ç”µæ„Ÿæ•°ç»„Â·
                   normalize_sensors();
                   
                   // è®¡ç®—ä½ç½®åå·®
                   position = calculate_position_improved();
C251 COMPILER V5.60.0,  main                                                               10/07/25  15:35:29  PAGE 3   

                   
                   //æ£€æŸ¥ç”µç£ä¿æŠ¤
                   protection_flag = check_electromagnetic_protection();
               #endif    
  127   2          
  128   2          /* è°ƒè¯•åŠŸèƒ½ */
  129   2      #if 0
                   //è¯»å–ä¸ƒç”µæ„ŸADCå€¼ï¼ˆç”¨äºŽè°ƒè¯•ï¼‰
                   value[0] = adc_once(ADC_HL,  ADC_10BIT);
                   value[1] = adc_once(ADC_VL,  ADC_10BIT);
                   value[2] = adc_once(ADC_HML, ADC_10BIT);
                   value[3] = adc_once(ADC_HC,  ADC_10BIT); 
                   value[4] = adc_once(ADC_HMR, ADC_10BIT);
                   value[5] = adc_once(ADC_VR,  ADC_10BIT);
                   value[6] = adc_once(ADC_HR,  ADC_10BIT);  
               
                   // è®¡ç®—æ‰€æœ‰ç”µæ„Ÿå€¼çš„æ€»å’Œ
               //    sum_value = (uint16)normalized_data[SENSOR_HL] + (uint16)normalized_data[SENSOR_VL] + 
               //                (uint16)normalized_data[SENSOR_HML] + (uint16)normalized_data[SENSOR_HC] + 
               //                (uint16)normalized_data[SENSOR_HMR] + (uint16)normalized_data[SENSOR_VR] + 
               //                (uint16)normalized_data[SENSOR_HR];
               
                    // é€šè¿‡ä¸²å£è¾“å‡ºä¸ƒç”µæ„ŸåŽŸå§‹æ•°æ®
                     sprintf(g_TxData, "%d,%d,%d,%d,%d,%d,%d\n",
                         value[0], 
                         value[1], 
                         value[2], 
                         value[3], 
                         value[4],
                         value[5],
                         value[6]);
                     uart_putstr(UART_4, g_TxData);
               
                     delay_ms(10);
               #endif  
  158   2          
  159   2          }
  160   1      }
  161          
  162          /*************  GPIO é…ç½® **************/
  163          void GPIO_config(void)
  164          {
  165   1        gpio_mode(P0_0, GPI_IMPEDANCE);
  166   1        gpio_mode(P0_1, GPI_IMPEDANCE);
  167   1        gpio_mode(P0_5, GPI_IMPEDANCE);
  168   1        gpio_mode(P0_6, GPI_IMPEDANCE);
  169   1        gpio_mode(P1_1, GPI_IMPEDANCE);
  170   1        gpio_mode(P1_3, GPI_IMPEDANCE);
  171   1        gpio_mode(P1_4, GPI_IMPEDANCE);
  172   1      }
  173          
  174          
  175          /*************  ADC é…ç½®  **************/
  176          void ADC_config(void)
  177          {
  178   1        ADC_InitTypeDef   ADC_InitStructure;    //ç»“æž„å®šä¹‰
  179   1      
  180   1        ADC_InitStructure.ADC_SMPduty   = 31;   //ADC æ¨¡æ‹Ÿä¿¡å·é‡‡æ ·æ—¶é—´æŽ§åˆ¶, 0~31ï¼ˆæ³¨æ„ï¼š SMPDUTY ä¸
             -€å®šä¸èƒ½è®¾ç½®å°äºŽ 10ï¼‰
  181   1        ADC_InitStructure.ADC_CsSetup   = 0;    //ADC é€šé“é€‰æ‹©æ—¶é—´æŽ§åˆ¶ 0(é»˜è®¤),1
  182   1        ADC_InitStructure.ADC_CsHold    = 1;    //ADC é€šé“é€‰æ‹©ä¿æŒæ—¶é—´æŽ§åˆ¶ 0,1(é»˜è®¤),2,3
  183   1        ADC_InitStructure.ADC_Speed     = ADC_SPEED_2X16T;    //è®¾ç½® ADC å·¥ä½œæ—¶é’Ÿé¢‘çŽ‡ ADC_SPEED_2X1T~ADC_S
             -PEED_2X16T
  184   1        ADC_InitStructure.ADC_AdjResult = ADC_RIGHT_JUSTIFIED;  //ADCç»“æžœè°ƒæ•´,  ADC_LEFT_JUSTIFIED,ADC_RIGHT_J
             -USTIFIED
  185   1        ADC_Inilize(&ADC_InitStructure);    //åˆå§‹åŒ–
C251 COMPILER V5.60.0,  main                                                               10/07/25  15:35:29  PAGE 4   

  186   1        ADC_PowerControl(ENABLE);           //ADCç”µæºå¼€å…³, ENABLEæˆ–DISABLE
  187   1        NVIC_ADC_Init(DISABLE,Priority_0);    //ä¸­æ–­ä½¿èƒ½, ENABLE/DISABLE; ä¼˜å…ˆçº§(ä½Žåˆ°é«˜) Priority_0,Prio
             -rity_1,Priority_2,Priority_3
  188   1      }
  189          
  190          /*************  DMA é…ç½®  **************/
  191          void DMA_config(void)
  192          {
  193   1        DMA_ADC_InitTypeDef   DMA_ADC_InitStructure;    //ç»“æž„å®šä¹‰
  194   1      
  195   1        DMA_ADC_InitStructure.DMA_Enable = ENABLE;      //DMAä½¿èƒ½   ENABLE,DISABLE
  196   1        // DMA_ADC_InitStructure.DMA_Channel = 0xffff;         //ADCé€šé“ä½¿èƒ½å¯„å­˜å™¨, 1:ä½¿èƒ½, bit15~bit0 
             -å¯¹åº” ADC15~ADC0
  197   1        DMA_ADC_InitStructure.DMA_Channel = 0x631A;     //ADCé€šé“ä½¿èƒ½: P0.0, P0.1, P0.5, P0.6, P1.1, P1.3, P1.
             -4
  198   1        DMA_ADC_InitStructure.DMA_Buffer = (u16)DmaAdBuffer;  //ADCè½¬æ¢æ•°æ®å­˜å‚¨åœ°å€
  199   1        DMA_ADC_InitStructure.DMA_Times = ADC_1_Times;  //æ¯ä¸ªé€šé“è½¬æ¢æ¬¡æ•°, ADC_1_Times,ADC_2_Times,ADC_4
             -_Times,ADC_8_Times,ADC_16_Times,ADC_32_Times,ADC_64_Times,ADC_128_Times,ADC_256_Times
  200   1        DMA_ADC_Inilize(&DMA_ADC_InitStructure);    //åˆå§‹åŒ–
  201   1        NVIC_DMA_ADC_Init(ENABLE,Priority_0,Priority_0);    //ä¸­æ–­ä½¿èƒ½, ENABLE/DISABLE; ä¼˜å…ˆçº§(ä½Žåˆ°é«˜) P
             -riority_0~Priority_3; æ€»çº¿ä¼˜å…ˆçº§(ä½Žåˆ°é«˜) Priority_0~Priority_3
  202   1        DMA_ADC_TRIG();   //è§¦å‘å¯åŠ¨è½¬æ¢
  203   1      }
  204          
  205          void PrintChAvg7(void)  
  206          {
  207   1          // ä¸€æ¬¡æ€§æ‰“å°å‰ 7 ä¸ªé€šé“çš„å¹³å‡å€¼ (å‡è®¾ ADC_CH >= 7)
  208   1          u16 HC = ((u16)DmaAdBuffer[0][4] << 8) | DmaAdBuffer[0][5];//1
  209   1          u16 HMR = ((u16)DmaAdBuffer[1][4] << 8) | DmaAdBuffer[1][5];//3
  210   1          u16 VR = ((u16)DmaAdBuffer[2][4] << 8) | DmaAdBuffer[2][5];//4
  211   1          u16 HR = ((u16)DmaAdBuffer[3][4] << 8) | DmaAdBuffer[3][5];//8
  212   1          u16 HML = ((u16)DmaAdBuffer[4][4] << 8) | DmaAdBuffer[4][5];//9
  213   1          u16 VL = ((u16)DmaAdBuffer[5][4] << 8) | DmaAdBuffer[5][5];//13
  214   1          u16 HL = ((u16)DmaAdBuffer[6][4] << 8) | DmaAdBuffer[6][5];//14
  215   1      
  216   1          sprintf(g_TxData,"%u,%u,%u,%u,%u,%u,%u\r\n",
  217   1                 HL, VL, HML, HC, HMR, VR, HR);
  218   1          uart_putstr(UART_4, g_TxData);
  219   1          delay_ms(20);
  220   1      }


Module Information          Static   Overlayable
------------------------------------------------
  code size            =      1019     ------
  ecode size           =    ------     ------
  data size            =    ------     ------
  idata size           =    ------     ------
  pdata size           =    ------     ------
  xdata size           =       286     ------
  xdata-const size     =    ------     ------
  edata size           =    ------     ------
  bit size             =    ------     ------
  ebit size            =    ------     ------
  bitaddressable size  =    ------     ------
  ebitaddressable size =    ------     ------
  far data size        =    ------     ------
  huge data size       =    ------     ------
  const size           =    ------     ------
  hconst size          =       250     ------
End of Module Information.


C251 COMPILATION COMPLETE.  0 WARNING(S),  0 ERROR(S)
