C251 COMPILER V5.60.0,  SEEKFREE_FONT                                                      22/06/25  17:11:43  PAGE 1   


C251 COMPILER V5.60.0, COMPILATION OF MODULE SEEKFREE_FONT
OBJECT MODULE PLACED IN .\Out_File\SEEKFREE_FONT.obj
COMPILER INVOKED BY: D:\keil5\C251\BIN\C251.EXE ..\..\Libraries\seekfree_peripheral\SEEKFREE_FONT.c LARGE INTR2 FLOAT64 
                    -WARNINGLEVEL(3) OPTIMIZE(0,SPEED) BROWSE INCDIR(..\..\Libraries\libraries;..\..\Libraries\seekfree_libraries;..\..\Libra
                    -ries\seekfree_peripheral;..\CODE;..\USER\inc;..\USER\src;..\..\Libraries\seekfree_components) DEBUG PRINT(.\Out_File\SEE
                    -KFREE_FONT.lst) OBJECT(.\Out_File\SEEKFREE_FONT.obj) 

stmt  level    source

    1          /********************************************************************************************************
             -*************
    2           * COPYRIGHT NOTICE
    3           * Copyright (c) 2018,逐飞科技
    4           * All rights reserved.
    5           * 技术讨论QQ群：一群：179029047(已满)  二群：244861897
    6           *
    7           * 以下所有内容版权均属逐飞科技所有，未经允许不得用于商业用途，
    8           * 欢迎各位使用并传播本程序，修改内容时必须保留逐飞科技的版权声明。
    9           *
   10           * @file                字体文件
   11           * @company                     成都逐飞科技有限公司
   12           * @author              逐飞科技(QQ3184284598)
   13           * @version             查看doc内version文件 版本说明
   14           * @Software            MDK FOR C251 V5.60
   15           * @Target core         STC32G12K128
   16           * @Taobao              https://seekfree.taobao.com/
   17           * @date                2018-05-24
   18           ********************************************************************************************************
             -************/
   19          
   20          
   21          #include "SEEKFREE_FONT.h"
   22          
   23          
   24          const uint8 code tft_ascii[95][16] = 
   25          {
   26                  {0x00,0x00,0x00,0x00,0x00,0x00,0x00,0x00,0x00,0x00,0x00,0x00,0x00,0x00,0x00,0x00},/*" ",0*/
   27          
   28                  {0x00,0x00,0x00,0x08,0x08,0x08,0x08,0x08,0x08,0x08,0x00,0x00,0x08,0x08,0x00,0x00},/*"!",1*/
   29          
   30                  {0x00,0x48,0x24,0x24,0x12,0x00,0x00,0x00,0x00,0x00,0x00,0x00,0x00,0x00,0x00,0x00},/*""",2*/
   31          
   32                  {0x00,0x00,0x00,0x48,0x48,0x48,0x7E,0x24,0x24,0x24,0x7E,0x24,0x24,0x24,0x00,0x00},/*"#",3*/
   33          
   34                  {0x00,0x00,0x10,0x3C,0x52,0x52,0x12,0x1C,0x30,0x50,0x50,0x52,0x52,0x3C,0x10,0x10},/*"$",4*/
   35          
   36                  {0x00,0x00,0x00,0x22,0x25,0x15,0x15,0x0D,0x2A,0x58,0x54,0x54,0x52,0x22,0x00,0x00},/*"%",5*/
   37          
   38                  {0x00,0x00,0x00,0x0C,0x12,0x12,0x12,0x0A,0x76,0x25,0x29,0x19,0x91,0x6E,0x00,0x00},/*"&",6*/
   39          
   40                  {0x00,0x06,0x04,0x04,0x02,0x00,0x00,0x00,0x00,0x00,0x00,0x00,0x00,0x00,0x00,0x00},/*"'",7*/
   41          
   42                  {0x00,0x40,0x20,0x10,0x10,0x08,0x08,0x08,0x08,0x08,0x08,0x10,0x10,0x20,0x40,0x00},/*"(",8*/
   43          
   44                  {0x00,0x02,0x04,0x08,0x08,0x10,0x10,0x10,0x10,0x10,0x10,0x08,0x08,0x04,0x02,0x00},/*")",9*/
   45          
   46                  {0x00,0x00,0x00,0x00,0x08,0x08,0x6B,0x1C,0x1C,0x6B,0x08,0x08,0x00,0x00,0x00,0x00},/*"*",10*/
   47          
   48                  {0x00,0x00,0x00,0x00,0x00,0x10,0x10,0x10,0xFE,0x10,0x10,0x10,0x00,0x00,0x00,0x00},/*"+",11*/
   49          
   50                  {0x00,0x00,0x00,0x00,0x00,0x00,0x00,0x00,0x00,0x00,0x00,0x00,0x06,0x04,0x04,0x02},/*",",12*/
   51          
   52                  {0x00,0x00,0x00,0x00,0x00,0x00,0x00,0x00,0x7E,0x00,0x00,0x00,0x00,0x00,0x00,0x00},/*"-",13*/
   53          
   54                  {0x00,0x00,0x00,0x00,0x00,0x00,0x00,0x00,0x00,0x00,0x00,0x00,0x06,0x06,0x00,0x00},/*".",14*/
C251 COMPILER V5.60.0,  SEEKFREE_FONT                                                      22/06/25  17:11:43  PAGE 2   

   55          
   56                  {0x00,0x00,0x40,0x20,0x20,0x20,0x10,0x10,0x08,0x08,0x08,0x04,0x04,0x02,0x02,0x00},/*"/",15*/
   57          
   58                  {0x00,0x00,0x00,0x18,0x24,0x42,0x42,0x42,0x42,0x42,0x42,0x42,0x24,0x18,0x00,0x00},/*"0",16*/
   59          
   60                  {0x00,0x00,0x00,0x10,0x1C,0x10,0x10,0x10,0x10,0x10,0x10,0x10,0x10,0x7C,0x00,0x00},/*"1",17*/
   61          
   62                  {0x00,0x00,0x00,0x3C,0x42,0x42,0x42,0x40,0x20,0x10,0x08,0x04,0x42,0x7E,0x00,0x00},/*"2",18*/
   63          
   64                  {0x00,0x00,0x00,0x3C,0x42,0x42,0x40,0x20,0x18,0x20,0x40,0x42,0x42,0x3C,0x00,0x00},/*"3",19*/
   65          
   66                  {0x00,0x00,0x00,0x20,0x30,0x30,0x28,0x24,0x24,0x22,0xFE,0x20,0x20,0xF8,0x00,0x00},/*"4",20*/
   67          
   68                  {0x00,0x00,0x00,0x7E,0x02,0x02,0x02,0x1E,0x22,0x40,0x40,0x42,0x22,0x1C,0x00,0x00},/*"5",21*/
   69          
   70                  {0x00,0x00,0x00,0x18,0x24,0x02,0x02,0x3A,0x46,0x42,0x42,0x42,0x44,0x38,0x00,0x00},/*"6",22*/
   71          
   72                  {0x00,0x00,0x00,0x7E,0x42,0x20,0x20,0x10,0x10,0x08,0x08,0x08,0x08,0x08,0x00,0x00},/*"7",23*/
   73          
   74                  {0x00,0x00,0x00,0x3C,0x42,0x42,0x42,0x24,0x18,0x24,0x42,0x42,0x42,0x3C,0x00,0x00},/*"8",24*/
   75          
   76                  {0x00,0x00,0x00,0x1C,0x22,0x42,0x42,0x42,0x62,0x5C,0x40,0x40,0x24,0x18,0x00,0x00},/*"9",25*/
   77          
   78                  {0x00,0x00,0x00,0x00,0x00,0x00,0x18,0x18,0x00,0x00,0x00,0x00,0x18,0x18,0x00,0x00},/*":",26*/
   79          
   80                  {0x00,0x00,0x00,0x00,0x00,0x00,0x00,0x08,0x00,0x00,0x00,0x00,0x00,0x08,0x08,0x08},/*";",27*/
   81          
   82                  {0x00,0x00,0x00,0x40,0x20,0x10,0x08,0x04,0x02,0x04,0x08,0x10,0x20,0x40,0x00,0x00},/*"<",28*/
   83          
   84                  {0x00,0x00,0x00,0x00,0x00,0x00,0x7E,0x00,0x00,0x7E,0x00,0x00,0x00,0x00,0x00,0x00},/*"=",29*/
   85          
   86                  {0x00,0x00,0x00,0x02,0x04,0x08,0x10,0x20,0x40,0x20,0x10,0x08,0x04,0x02,0x00,0x00},/*">",30*/
   87          
   88                  {0x00,0x00,0x00,0x3C,0x42,0x42,0x46,0x20,0x10,0x10,0x10,0x00,0x18,0x18,0x00,0x00},/*"?",31*/
   89          
   90                  {0x00,0x00,0x00,0x1C,0x22,0x5A,0x55,0x55,0x55,0x55,0x55,0x3A,0x42,0x3C,0x00,0x00},/*"@",32*/
   91          
   92                  {0x00,0x00,0x00,0x08,0x08,0x18,0x14,0x14,0x24,0x3C,0x22,0x42,0x42,0xE7,0x00,0x00},/*"A",33*/
   93          
   94                  {0x00,0x00,0x00,0x1F,0x22,0x22,0x22,0x1E,0x22,0x42,0x42,0x42,0x22,0x1F,0x00,0x00},/*"B",34*/
   95          
   96                  {0x00,0x00,0x00,0x7C,0x42,0x42,0x01,0x01,0x01,0x01,0x01,0x42,0x22,0x1C,0x00,0x00},/*"C",35*/
   97          
   98                  {0x00,0x00,0x00,0x1F,0x22,0x42,0x42,0x42,0x42,0x42,0x42,0x42,0x22,0x1F,0x00,0x00},/*"D",36*/
   99          
  100                  {0x00,0x00,0x00,0x3F,0x42,0x12,0x12,0x1E,0x12,0x12,0x02,0x42,0x42,0x3F,0x00,0x00},/*"E",37*/
  101          
  102                  {0x00,0x00,0x00,0x3F,0x42,0x12,0x12,0x1E,0x12,0x12,0x02,0x02,0x02,0x07,0x00,0x00},/*"F",38*/
  103          
  104                  {0x00,0x00,0x00,0x3C,0x22,0x22,0x01,0x01,0x01,0x71,0x21,0x22,0x22,0x1C,0x00,0x00},/*"G",39*/
  105          
  106                  {0x00,0x00,0x00,0xE7,0x42,0x42,0x42,0x42,0x7E,0x42,0x42,0x42,0x42,0xE7,0x00,0x00},/*"H",40*/
  107          
  108                  {0x00,0x00,0x00,0x3E,0x08,0x08,0x08,0x08,0x08,0x08,0x08,0x08,0x08,0x3E,0x00,0x00},/*"I",41*/
  109          
  110                  {0x00,0x00,0x00,0x7C,0x10,0x10,0x10,0x10,0x10,0x10,0x10,0x10,0x10,0x10,0x11,0x0F},/*"J",42*/
  111          
  112                  {0x00,0x00,0x00,0x77,0x22,0x12,0x0A,0x0E,0x0A,0x12,0x12,0x22,0x22,0x77,0x00,0x00},/*"K",43*/
  113          
  114                  {0x00,0x00,0x00,0x07,0x02,0x02,0x02,0x02,0x02,0x02,0x02,0x02,0x42,0x7F,0x00,0x00},/*"L",44*/
  115          
  116                  {0x00,0x00,0x00,0x77,0x36,0x36,0x36,0x36,0x36,0x2A,0x2A,0x2A,0x2A,0x6B,0x00,0x00},/*"M",45*/
  117          
  118                  {0x00,0x00,0x00,0xE3,0x46,0x46,0x4A,0x4A,0x52,0x52,0x52,0x62,0x62,0x47,0x00,0x00},/*"N",46*/
  119          
  120                  {0x00,0x00,0x00,0x1C,0x22,0x41,0x41,0x41,0x41,0x41,0x41,0x41,0x22,0x1C,0x00,0x00},/*"O",47*/
C251 COMPILER V5.60.0,  SEEKFREE_FONT                                                      22/06/25  17:11:43  PAGE 3   

  121          
  122                  {0x00,0x00,0x00,0x3F,0x42,0x42,0x42,0x42,0x3E,0x02,0x02,0x02,0x02,0x07,0x00,0x00},/*"P",48*/
  123          
  124                  {0x00,0x00,0x00,0x1C,0x22,0x41,0x41,0x41,0x41,0x41,0x41,0x4D,0x32,0x1C,0x60,0x00},/*"Q",49*/
  125          
  126                  {0x00,0x00,0x00,0x3F,0x42,0x42,0x42,0x3E,0x12,0x12,0x22,0x22,0x42,0xC7,0x00,0x00},/*"R",50*/
  127          
  128                  {0x00,0x00,0x00,0x7C,0x42,0x42,0x02,0x04,0x18,0x20,0x40,0x42,0x42,0x3E,0x00,0x00},/*"S",51*/
  129          
  130                  {0x00,0x00,0x00,0x7F,0x49,0x08,0x08,0x08,0x08,0x08,0x08,0x08,0x08,0x1C,0x00,0x00},/*"T",52*/
  131          
  132                  {0x00,0x00,0x00,0xE7,0x42,0x42,0x42,0x42,0x42,0x42,0x42,0x42,0x42,0x3C,0x00,0x00},/*"U",53*/
  133          
  134                  {0x00,0x00,0x00,0xE7,0x42,0x42,0x22,0x24,0x24,0x14,0x14,0x18,0x08,0x08,0x00,0x00},/*"V",54*/
  135          
  136                  {0x00,0x00,0x00,0x6B,0x2A,0x2A,0x2A,0x2A,0x2A,0x36,0x14,0x14,0x14,0x14,0x00,0x00},/*"W",55*/
  137          
  138                  {0x00,0x00,0x00,0xE7,0x42,0x24,0x24,0x18,0x18,0x18,0x24,0x24,0x42,0xE7,0x00,0x00},/*"X",56*/
  139          
  140                  {0x00,0x00,0x00,0x77,0x22,0x22,0x14,0x14,0x08,0x08,0x08,0x08,0x08,0x1C,0x00,0x00},/*"Y",57*/
  141          
  142                  {0x00,0x00,0x00,0x7E,0x21,0x20,0x10,0x10,0x08,0x04,0x04,0x42,0x42,0x3F,0x00,0x00},/*"Z",58*/
  143          
  144                  {0x00,0x78,0x08,0x08,0x08,0x08,0x08,0x08,0x08,0x08,0x08,0x08,0x08,0x08,0x78,0x00},/*"[",59*/
  145          
  146                  {0x00,0x00,0x02,0x04,0x04,0x04,0x08,0x08,0x08,0x10,0x10,0x20,0x20,0x20,0x40,0x40},/*"\",60*/
  147          
  148                  {0x00,0x1E,0x10,0x10,0x10,0x10,0x10,0x10,0x10,0x10,0x10,0x10,0x10,0x10,0x1E,0x00},/*"]",61*/
  149          
  150                  {0x00,0x18,0x24,0x00,0x00,0x00,0x00,0x00,0x00,0x00,0x00,0x00,0x00,0x00,0x00,0x00},/*"^",62*/
  151          
  152                  {0x00,0x00,0x00,0x00,0x00,0x00,0x00,0x00,0x7E,0x00,0x00,0x00,0x00,0x00,0x00,0x00},/*"-",63*/
  153          
  154                  {0x00,0x06,0x08,0x00,0x00,0x00,0x00,0x00,0x00,0x00,0x00,0x00,0x00,0x00,0x00,0x00},/*"`",64*/
  155          
  156                  {0x00,0x00,0x00,0x00,0x00,0x00,0x00,0x1C,0x22,0x30,0x2C,0x22,0x32,0x6C,0x00,0x00},/*"a",65*/
  157          
  158                  {0x00,0x00,0x00,0x00,0x03,0x02,0x02,0x1A,0x26,0x42,0x42,0x42,0x26,0x1A,0x00,0x00},/*"b",66*/
  159          
  160                  {0x00,0x00,0x00,0x00,0x00,0x00,0x00,0x38,0x44,0x02,0x02,0x02,0x44,0x38,0x00,0x00},/*"c",67*/
  161          
  162                  {0x00,0x00,0x00,0x00,0x60,0x40,0x40,0x7C,0x42,0x42,0x42,0x42,0x62,0xDC,0x00,0x00},/*"d",68*/
  163          
  164                  {0x00,0x00,0x00,0x00,0x00,0x00,0x00,0x3C,0x42,0x42,0x7E,0x02,0x42,0x3C,0x00,0x00},/*"e",69*/
  165          
  166                  {0x00,0x00,0x00,0x00,0x30,0x48,0x08,0x3E,0x08,0x08,0x08,0x08,0x08,0x3E,0x00,0x00},/*"f",70*/
  167          
  168                  {0x00,0x00,0x00,0x00,0x00,0x00,0x00,0x7C,0x22,0x22,0x1C,0x02,0x3C,0x42,0x42,0x3C},/*"g",71*/
  169          
  170                  {0x00,0x00,0x00,0x00,0x03,0x02,0x02,0x3A,0x46,0x42,0x42,0x42,0x42,0xE7,0x00,0x00},/*"h",72*/
  171          
  172                  {0x00,0x00,0x00,0x0C,0x0C,0x00,0x00,0x0E,0x08,0x08,0x08,0x08,0x08,0x3E,0x00,0x00},/*"i",73*/
  173          
  174                  {0x00,0x00,0x00,0x30,0x30,0x00,0x00,0x38,0x20,0x20,0x20,0x20,0x20,0x20,0x22,0x1E},/*"j",74*/
  175          
  176                  {0x00,0x00,0x00,0x00,0x03,0x02,0x02,0x72,0x12,0x0A,0x0E,0x12,0x22,0x77,0x00,0x00},/*"k",75*/
  177          
  178                  {0x00,0x00,0x00,0x08,0x0E,0x08,0x08,0x08,0x08,0x08,0x08,0x08,0x08,0x3E,0x00,0x00},/*"l",76*/
  179          
  180                  {0x00,0x00,0x00,0x00,0x00,0x00,0x00,0x7F,0x92,0x92,0x92,0x92,0x92,0xB7,0x00,0x00},/*"m",77*/
  181          
  182                  {0x00,0x00,0x00,0x00,0x00,0x00,0x00,0x3B,0x46,0x42,0x42,0x42,0x42,0xE7,0x00,0x00},/*"n",78*/
  183          
  184                  {0x00,0x00,0x00,0x00,0x00,0x00,0x00,0x3C,0x42,0x42,0x42,0x42,0x42,0x3C,0x00,0x00},/*"o",79*/
  185          
  186                  {0x00,0x00,0x00,0x00,0x00,0x00,0x00,0x1B,0x26,0x42,0x42,0x42,0x26,0x1A,0x02,0x07},/*"p",80*/
C251 COMPILER V5.60.0,  SEEKFREE_FONT                                                      22/06/25  17:11:43  PAGE 4   

  187          
  188                  {0x00,0x00,0x00,0x00,0x00,0x00,0x00,0x58,0x64,0x42,0x42,0x42,0x64,0x58,0x40,0xE0},/*"q",81*/
  189          
  190                  {0x00,0x00,0x00,0x00,0x00,0x00,0x00,0x77,0x4C,0x04,0x04,0x04,0x04,0x1F,0x00,0x00},/*"r",82*/
  191          
  192                  {0x00,0x00,0x00,0x00,0x00,0x00,0x00,0x7C,0x42,0x02,0x3C,0x40,0x42,0x3E,0x00,0x00},/*"s",83*/
  193          
  194                  {0x00,0x00,0x00,0x00,0x00,0x08,0x08,0x3E,0x08,0x08,0x08,0x08,0x48,0x30,0x00,0x00},/*"t",84*/
  195          
  196                  {0x00,0x00,0x00,0x00,0x00,0x00,0x00,0x63,0x42,0x42,0x42,0x42,0x62,0xDC,0x00,0x00},/*"u",85*/
  197          
  198                  {0x00,0x00,0x00,0x00,0x00,0x00,0x00,0x77,0x22,0x22,0x14,0x14,0x08,0x08,0x00,0x00},/*"v",86*/
  199          
  200                  {0x00,0x00,0x00,0x00,0x00,0x00,0x00,0xDB,0x91,0x52,0x5A,0x2A,0x24,0x24,0x00,0x00},/*"w",87*/
  201          
  202                  {0x00,0x00,0x00,0x00,0x00,0x00,0x00,0x6E,0x24,0x18,0x18,0x18,0x24,0x76,0x00,0x00},/*"x",88*/
  203          
  204                  {0x00,0x00,0x00,0x00,0x00,0x00,0x00,0xE7,0x42,0x24,0x24,0x18,0x18,0x08,0x08,0x06},/*"y",89*/
  205          
  206                  {0x00,0x00,0x00,0x00,0x00,0x00,0x00,0x7E,0x22,0x10,0x08,0x08,0x44,0x7E,0x00,0x00},/*"z",90*/
  207          
  208                  {0x00,0xC0,0x20,0x20,0x20,0x20,0x20,0x20,0x10,0x20,0x20,0x20,0x20,0x20,0xC0,0x00},/*"{",91*/
  209          
  210                  {0x10,0x10,0x10,0x10,0x10,0x10,0x10,0x10,0x10,0x10,0x10,0x10,0x10,0x10,0x10,0x10},/*"|",92*/
  211          
  212                  {0x00,0x03,0x04,0x04,0x04,0x04,0x04,0x04,0x08,0x04,0x04,0x04,0x04,0x04,0x03,0x00},/*"}",93*/
  213          
  214                  {0x04,0x5A,0x20,0x00,0x00,0x00,0x00,0x00,0x00,0x00,0x00,0x00,0x00,0x00,0x00,0x00},/*"~",94*/
  215          };
  216          
  217          
  218          
  219          const uint8 code oled_6x8[][6] =
  220          {
  221                  { 0x00, 0x00, 0x00, 0x00, 0x00, 0x00 },   // sp
  222                  { 0x00, 0x00, 0x00, 0x2f, 0x00, 0x00 },   // !
  223                  { 0x00, 0x00, 0x07, 0x00, 0x07, 0x00 },   // "
  224                  { 0x00, 0x14, 0x7f, 0x14, 0x7f, 0x14 },   // #
  225                  { 0x00, 0x24, 0x2a, 0x7f, 0x2a, 0x12 },   // $
  226                  { 0x00, 0x62, 0x64, 0x08, 0x13, 0x23 },   // %
  227                  { 0x00, 0x36, 0x49, 0x55, 0x22, 0x50 },   // &
  228                  { 0x00, 0x00, 0x05, 0x03, 0x00, 0x00 },   // '
  229                  { 0x00, 0x00, 0x1c, 0x22, 0x41, 0x00 },   // (
  230                  { 0x00, 0x00, 0x41, 0x22, 0x1c, 0x00 },   // )
  231                  { 0x00, 0x14, 0x08, 0x3E, 0x08, 0x14 },   // *
  232                  { 0x00, 0x08, 0x08, 0x3E, 0x08, 0x08 },   // +
  233                  { 0x00, 0x00, 0x00, 0xA0, 0x60, 0x00 },   // ,
  234                  { 0x00, 0x08, 0x08, 0x08, 0x08, 0x08 },   // -
  235                  { 0x00, 0x00, 0x60, 0x60, 0x00, 0x00 },   // .
  236                  { 0x00, 0x20, 0x10, 0x08, 0x04, 0x02 },   // /
  237                  { 0x00, 0x3E, 0x51, 0x49, 0x45, 0x3E },   // 0
  238                  { 0x00, 0x00, 0x42, 0x7F, 0x40, 0x00 },   // 1
  239                  { 0x00, 0x42, 0x61, 0x51, 0x49, 0x46 },   // 2
  240                  { 0x00, 0x21, 0x41, 0x45, 0x4B, 0x31 },   // 3
  241                  { 0x00, 0x18, 0x14, 0x12, 0x7F, 0x10 },   // 4
  242                  { 0x00, 0x27, 0x45, 0x45, 0x45, 0x39 },   // 5
  243                  { 0x00, 0x3C, 0x4A, 0x49, 0x49, 0x30 },   // 6
  244                  { 0x00, 0x01, 0x71, 0x09, 0x05, 0x03 },   // 7
  245                  { 0x00, 0x36, 0x49, 0x49, 0x49, 0x36 },   // 8
  246                  { 0x00, 0x06, 0x49, 0x49, 0x29, 0x1E },   // 9
  247                  { 0x00, 0x00, 0x36, 0x36, 0x00, 0x00 },   // :
  248                  { 0x00, 0x00, 0x56, 0x36, 0x00, 0x00 },   // ;
  249                  { 0x00, 0x08, 0x14, 0x22, 0x41, 0x00 },   // <
  250                  { 0x00, 0x14, 0x14, 0x14, 0x14, 0x14 },   // =
  251                  { 0x00, 0x00, 0x41, 0x22, 0x14, 0x08 },   // >
  252                  { 0x00, 0x02, 0x01, 0x51, 0x09, 0x06 },   // ?
C251 COMPILER V5.60.0,  SEEKFREE_FONT                                                      22/06/25  17:11:43  PAGE 5   

  253                  { 0x00, 0x32, 0x49, 0x59, 0x51, 0x3E },   // @
  254                  { 0x00, 0x7C, 0x12, 0x11, 0x12, 0x7C },   // A
  255                  { 0x00, 0x7F, 0x49, 0x49, 0x49, 0x36 },   // B
  256                  { 0x00, 0x3E, 0x41, 0x41, 0x41, 0x22 },   // C
  257                  { 0x00, 0x7F, 0x41, 0x41, 0x22, 0x1C },   // D
  258                  { 0x00, 0x7F, 0x49, 0x49, 0x49, 0x41 },   // E
  259                  { 0x00, 0x7F, 0x09, 0x09, 0x09, 0x01 },   // F
  260                  { 0x00, 0x3E, 0x41, 0x49, 0x49, 0x7A },   // G
  261                  { 0x00, 0x7F, 0x08, 0x08, 0x08, 0x7F },   // H
  262                  { 0x00, 0x00, 0x41, 0x7F, 0x41, 0x00 },   // I
  263                  { 0x00, 0x20, 0x40, 0x41, 0x3F, 0x01 },   // J
  264                  { 0x00, 0x7F, 0x08, 0x14, 0x22, 0x41 },   // K
  265                  { 0x00, 0x7F, 0x40, 0x40, 0x40, 0x40 },   // L
  266                  { 0x00, 0x7F, 0x02, 0x0C, 0x02, 0x7F },   // M
  267                  { 0x00, 0x7F, 0x04, 0x08, 0x10, 0x7F },   // N
  268                  { 0x00, 0x3E, 0x41, 0x41, 0x41, 0x3E },   // O
  269                  { 0x00, 0x7F, 0x09, 0x09, 0x09, 0x06 },   // P
  270                  { 0x00, 0x3E, 0x41, 0x51, 0x21, 0x5E },   // Q
  271                  { 0x00, 0x7F, 0x09, 0x19, 0x29, 0x46 },   // R
  272                  { 0x00, 0x46, 0x49, 0x49, 0x49, 0x31 },   // S
  273                  { 0x00, 0x01, 0x01, 0x7F, 0x01, 0x01 },   // T
  274                  { 0x00, 0x3F, 0x40, 0x40, 0x40, 0x3F },   // U
  275                  { 0x00, 0x1F, 0x20, 0x40, 0x20, 0x1F },   // V
  276                  { 0x00, 0x3F, 0x40, 0x38, 0x40, 0x3F },   // W
  277                  { 0x00, 0x63, 0x14, 0x08, 0x14, 0x63 },   // X
  278                  { 0x00, 0x07, 0x08, 0x70, 0x08, 0x07 },   // Y
  279                  { 0x00, 0x61, 0x51, 0x49, 0x45, 0x43 },   // Z
  280                  { 0x00, 0x00, 0x7F, 0x41, 0x41, 0x00 },   // [
  281                  { 0x00, 0x55, 0x2A, 0x55, 0x2A, 0x55 },   // 55
  282                  { 0x00, 0x00, 0x41, 0x41, 0x7F, 0x00 },   // ]
  283                  { 0x00, 0x04, 0x02, 0x01, 0x02, 0x04 },   // ^
  284                  { 0x00, 0x40, 0x40, 0x40, 0x40, 0x40 },   // _
  285                  { 0x00, 0x00, 0x01, 0x02, 0x04, 0x00 },   // '
  286                  { 0x00, 0x20, 0x54, 0x54, 0x54, 0x78 },   // a
  287                  { 0x00, 0x7F, 0x48, 0x44, 0x44, 0x38 },   // b
  288                  { 0x00, 0x38, 0x44, 0x44, 0x44, 0x20 },   // c
  289                  { 0x00, 0x38, 0x44, 0x44, 0x48, 0x7F },   // d
  290                  { 0x00, 0x38, 0x54, 0x54, 0x54, 0x18 },   // e
  291                  { 0x00, 0x08, 0x7E, 0x09, 0x01, 0x02 },   // f
  292                  { 0x00, 0x18, 0xA4, 0xA4, 0xA4, 0x7C },   // g
  293                  { 0x00, 0x7F, 0x08, 0x04, 0x04, 0x78 },   // h
  294                  { 0x00, 0x00, 0x44, 0x7D, 0x40, 0x00 },   // i
  295                  { 0x00, 0x40, 0x80, 0x84, 0x7D, 0x00 },   // j
  296                  { 0x00, 0x7F, 0x10, 0x28, 0x44, 0x00 },   // k
  297                  { 0x00, 0x00, 0x41, 0x7F, 0x40, 0x00 },   // l
  298                  { 0x00, 0x7C, 0x04, 0x18, 0x04, 0x78 },   // m
  299                  { 0x00, 0x7C, 0x08, 0x04, 0x04, 0x78 },   // n
  300                  { 0x00, 0x38, 0x44, 0x44, 0x44, 0x38 },   // o
  301                  { 0x00, 0xFC, 0x24, 0x24, 0x24, 0x18 },   // p
  302                  { 0x00, 0x18, 0x24, 0x24, 0x18, 0xFC },   // q
  303                  { 0x00, 0x7C, 0x08, 0x04, 0x04, 0x08 },   // r
  304                  { 0x00, 0x48, 0x54, 0x54, 0x54, 0x20 },   // s
  305                  { 0x00, 0x04, 0x3F, 0x44, 0x40, 0x20 },   // t
  306                  { 0x00, 0x3C, 0x40, 0x40, 0x20, 0x7C },   // u
  307                  { 0x00, 0x1C, 0x20, 0x40, 0x20, 0x1C },   // v
  308                  { 0x00, 0x3C, 0x40, 0x30, 0x40, 0x3C },   // w
  309                  { 0x00, 0x44, 0x28, 0x10, 0x28, 0x44 },   // x
  310                  { 0x00, 0x1C, 0xA0, 0xA0, 0xA0, 0x7C },   // y
  311                  { 0x00, 0x44, 0x64, 0x54, 0x4C, 0x44 },   // z
  312                  { 0x14, 0x14, 0x14, 0x14, 0x14, 0x14 }    // horiz lines
  313          };
  314          
  315          
  316          
  317          
  318          
C251 COMPILER V5.60.0,  SEEKFREE_FONT                                                      22/06/25  17:11:43  PAGE 6   

  319          
  320          
  321          const uint8 code ascii_font_8x16[][16]=
  322          {
  323              // <阴码> <列行式> <逆向> <8*16>
  324              // <纵向 8bit 为一个数据模型> <横向取模>
  325          
  326              // 字模数据储存格式为：{byte1, byte2,....byte16}
  327          
  328              // 字模数据与像素对应关系
  329              // byte 1      2      3      4      5      6      7      8
  330              // bit  [  0]  [  8]  [ 16]  [ 24]  [ 32]  [ 40]  [ 48]  [ 56]
  331              // bit  [  1]  [  9]  [ 17]  [ 25]  [ 33]  [ 41]  [ 49]  [ 57]
  332              // bit  [  2]  [ 10]  [ 18]  [ 26]  [ 34]  [ 42]  [ 50]  [ 58]
  333              // bit  [  3]  [ 11]  [ 19]  [ 37]  [ 35]  [ 43]  [ 51]  [ 59]
  334              // bit  [  4]  [ 12]  [ 20]  [ 38]  [ 36]  [ 44]  [ 52]  [ 60]
  335              // bit  [  5]  [ 13]  [ 21]  [ 39]  [ 37]  [ 45]  [ 53]  [ 61]
  336              // bit  [  6]  [ 14]  [ 22]  [ 30]  [ 38]  [ 46]  [ 54]  [ 62]
  337              // bit  [  7]  [ 15]  [ 23]  [ 31]  [ 39]  [ 47]  [ 55]  [ 63]
  338          
  339              // byte 9      10     11     12     13     14     15     16
  340              // bit  [ 64]  [ 72]  [ 80]  [ 88]  [ 96]  [104]  [112]  [120]
  341              // bit  [ 65]  [ 73]  [ 81]  [ 89]  [ 97]  [105]  [113]  [121]
  342              // bit  [ 66]  [ 74]  [ 82]  [ 90]  [ 98]  [106]  [114]  [122]
  343              // bit  [ 67]  [ 75]  [ 83]  [ 91]  [ 99]  [107]  [115]  [123]
  344              // bit  [ 68]  [ 76]  [ 84]  [ 92]  [100]  [108]  [116]  [124]
  345              // bit  [ 69]  [ 77]  [ 85]  [ 93]  [101]  [109]  [117]  [125]
  346              // bit  [ 70]  [ 78]  [ 86]  [ 94]  [102]  [110]  [118]  [126]
  347              // bit  [ 71]  [ 79]  [ 87]  [ 95]  [103]  [111]  [119]  [127]
  348          
  349              {0x00,0x00,0x00,0x00,0x00,0x00,0x00,0x00,0x00,0x00,0x00,0x00,0x00,0x00,0x00,0x00},  //   0
  350              {0x00,0x00,0x00,0xF8,0x00,0x00,0x00,0x00,0x00,0x00,0x00,0x33,0x30,0x00,0x00,0x00},  // ! 1
  351              {0x00,0x10,0x0C,0x06,0x10,0x0C,0x06,0x00,0x00,0x00,0x00,0x00,0x00,0x00,0x00,0x00},  // " 2
  352              {0x40,0xC0,0x78,0x40,0xC0,0x78,0x40,0x00,0x04,0x3F,0x04,0x04,0x3F,0x04,0x04,0x00},  // # 3
  353              {0x00,0x70,0x88,0xFC,0x08,0x30,0x00,0x00,0x00,0x18,0x20,0xFF,0x21,0x1E,0x00,0x00},  // $ 4
  354              {0xF0,0x08,0xF0,0x00,0xE0,0x18,0x00,0x00,0x00,0x21,0x1C,0x03,0x1E,0x21,0x1E,0x00},  // % 5
  355              {0x00,0xF0,0x08,0x88,0x70,0x00,0x00,0x00,0x1E,0x21,0x23,0x24,0x19,0x27,0x21,0x10},  // & 6
  356              {0x10,0x16,0x0E,0x00,0x00,0x00,0x00,0x00,0x00,0x00,0x00,0x00,0x00,0x00,0x00,0x00},  // ' 7
  357              {0x00,0x00,0x00,0xE0,0x18,0x04,0x02,0x00,0x00,0x00,0x00,0x07,0x18,0x20,0x40,0x00},  // ( 8
  358              {0x00,0x02,0x04,0x18,0xE0,0x00,0x00,0x00,0x00,0x40,0x20,0x18,0x07,0x00,0x00,0x00},  // ) 9
  359              {0x40,0x40,0x80,0xF0,0x80,0x40,0x40,0x00,0x02,0x02,0x01,0x0F,0x01,0x02,0x02,0x00},  // * 10
  360              {0x00,0x00,0x00,0xF0,0x00,0x00,0x00,0x00,0x01,0x01,0x01,0x1F,0x01,0x01,0x01,0x00},  // + 11
  361              {0x00,0x00,0x00,0x00,0x00,0x00,0x00,0x00,0x80,0xB0,0x70,0x00,0x00,0x00,0x00,0x00},  // , 12
  362              {0x00,0x00,0x00,0x00,0x00,0x00,0x00,0x00,0x00,0x01,0x01,0x01,0x01,0x01,0x01,0x01},  // - 13
  363              {0x00,0x00,0x00,0x00,0x00,0x00,0x00,0x00,0x00,0x30,0x30,0x00,0x00,0x00,0x00,0x00},  // . 14
  364              {0x00,0x00,0x00,0x00,0x80,0x60,0x18,0x04,0x00,0x60,0x18,0x06,0x01,0x00,0x00,0x00},  // / 15
  365              {0x00,0xE0,0x10,0x08,0x08,0x10,0xE0,0x00,0x00,0x0F,0x10,0x20,0x20,0x10,0x0F,0x00},  // 0 16
  366              {0x00,0x10,0x10,0xF8,0x00,0x00,0x00,0x00,0x00,0x20,0x20,0x3F,0x20,0x20,0x00,0x00},  // 1 17
  367              {0x00,0x70,0x08,0x08,0x08,0x88,0x70,0x00,0x00,0x30,0x28,0x24,0x22,0x21,0x30,0x00},  // 2 18
  368              {0x00,0x30,0x08,0x88,0x88,0x48,0x30,0x00,0x00,0x18,0x20,0x20,0x20,0x11,0x0E,0x00},  // 3 19
  369              {0x00,0x00,0xC0,0x20,0x10,0xF8,0x00,0x00,0x00,0x07,0x04,0x24,0x24,0x3F,0x24,0x00},  // 4 20
  370              {0x00,0xF8,0x08,0x88,0x88,0x08,0x08,0x00,0x00,0x19,0x21,0x20,0x20,0x11,0x0E,0x00},  // 5 21
  371              {0x00,0xE0,0x10,0x88,0x88,0x18,0x00,0x00,0x00,0x0F,0x11,0x20,0x20,0x11,0x0E,0x00},  // 6 22
  372              {0x00,0x38,0x08,0x08,0xC8,0x38,0x08,0x00,0x00,0x00,0x00,0x3F,0x00,0x00,0x00,0x00},  // 7 23
  373              {0x00,0x70,0x88,0x08,0x08,0x88,0x70,0x00,0x00,0x1C,0x22,0x21,0x21,0x22,0x1C,0x00},  // 8 24
  374              {0x00,0xE0,0x10,0x08,0x08,0x10,0xE0,0x00,0x00,0x00,0x31,0x22,0x22,0x11,0x0F,0x00},  // 9 25
  375              {0x00,0x00,0x00,0xC0,0xC0,0x00,0x00,0x00,0x00,0x00,0x00,0x30,0x30,0x00,0x00,0x00},  // : 26
  376              {0x00,0x00,0x00,0x80,0x00,0x00,0x00,0x00,0x00,0x00,0x80,0x60,0x00,0x00,0x00,0x00},  // ; 27
  377              {0x00,0x00,0x80,0x40,0x20,0x10,0x08,0x00,0x00,0x01,0x02,0x04,0x08,0x10,0x20,0x00},  // < 28
  378              {0x40,0x40,0x40,0x40,0x40,0x40,0x40,0x00,0x04,0x04,0x04,0x04,0x04,0x04,0x04,0x00},  // = 29
  379              {0x00,0x08,0x10,0x20,0x40,0x80,0x00,0x00,0x00,0x20,0x10,0x08,0x04,0x02,0x01,0x00},  // > 30
  380              {0x00,0x70,0x48,0x08,0x08,0x08,0xF0,0x00,0x00,0x00,0x00,0x30,0x36,0x01,0x00,0x00},  // ? 31
  381              {0xC0,0x30,0xC8,0x28,0xE8,0x10,0xE0,0x00,0x07,0x18,0x27,0x24,0x23,0x14,0x0B,0x00},  // @ 32
  382              {0x00,0x00,0xC0,0x38,0xE0,0x00,0x00,0x00,0x20,0x3C,0x23,0x02,0x02,0x27,0x38,0x20},  // A 33
  383              {0x08,0xF8,0x88,0x88,0x88,0x70,0x00,0x00,0x20,0x3F,0x20,0x20,0x20,0x11,0x0E,0x00},  // B 34
  384              {0xC0,0x30,0x08,0x08,0x08,0x08,0x38,0x00,0x07,0x18,0x20,0x20,0x20,0x10,0x08,0x00},  // C 35
C251 COMPILER V5.60.0,  SEEKFREE_FONT                                                      22/06/25  17:11:43  PAGE 7   

  385              {0x08,0xF8,0x08,0x08,0x08,0x10,0xE0,0x00,0x20,0x3F,0x20,0x20,0x20,0x10,0x0F,0x00},  // D 36
  386              {0x08,0xF8,0x88,0x88,0xE8,0x08,0x10,0x00,0x20,0x3F,0x20,0x20,0x23,0x20,0x18,0x00},  // E 37
  387              {0x08,0xF8,0x88,0x88,0xE8,0x08,0x10,0x00,0x20,0x3F,0x20,0x00,0x03,0x00,0x00,0x00},  // F 38
  388              {0xC0,0x30,0x08,0x08,0x08,0x38,0x00,0x00,0x07,0x18,0x20,0x20,0x22,0x1E,0x02,0x00},  // G 39
  389              {0x08,0xF8,0x08,0x00,0x00,0x08,0xF8,0x08,0x20,0x3F,0x21,0x01,0x01,0x21,0x3F,0x20},  // H 40
  390              {0x00,0x08,0x08,0xF8,0x08,0x08,0x00,0x00,0x00,0x20,0x20,0x3F,0x20,0x20,0x00,0x00},  // I 41
  391              {0x00,0x00,0x08,0x08,0xF8,0x08,0x08,0x00,0xC0,0x80,0x80,0x80,0x7F,0x00,0x00,0x00},  // J 42
  392              {0x08,0xF8,0x88,0xC0,0x28,0x18,0x08,0x00,0x20,0x3F,0x20,0x01,0x26,0x38,0x20,0x00},  // K 43
  393              {0x08,0xF8,0x08,0x00,0x00,0x00,0x00,0x00,0x20,0x3F,0x20,0x20,0x20,0x20,0x30,0x00},  // L 44
  394              {0x08,0xF8,0xF8,0x00,0xF8,0xF8,0x08,0x00,0x20,0x3F,0x00,0x3F,0x00,0x3F,0x20,0x00},  // M 45
  395              {0x08,0xF8,0x30,0xC0,0x00,0x08,0xF8,0x08,0x20,0x3F,0x20,0x00,0x07,0x18,0x3F,0x00},  // N 46
  396              {0xE0,0x10,0x08,0x08,0x08,0x10,0xE0,0x00,0x0F,0x10,0x20,0x20,0x20,0x10,0x0F,0x00},  // O 47
  397              {0x08,0xF8,0x08,0x08,0x08,0x08,0xF0,0x00,0x20,0x3F,0x21,0x01,0x01,0x01,0x00,0x00},  // P 48
  398              {0xE0,0x10,0x08,0x08,0x08,0x10,0xE0,0x00,0x0F,0x18,0x24,0x24,0x38,0x50,0x4F,0x00},  // Q 49
  399              {0x08,0xF8,0x88,0x88,0x88,0x88,0x70,0x00,0x20,0x3F,0x20,0x00,0x03,0x0C,0x30,0x20},  // R 50
  400              {0x00,0x70,0x88,0x08,0x08,0x08,0x38,0x00,0x00,0x38,0x20,0x21,0x21,0x22,0x1C,0x00},  // S 51
  401              {0x18,0x08,0x08,0xF8,0x08,0x08,0x18,0x00,0x00,0x00,0x20,0x3F,0x20,0x00,0x00,0x00},  // T 52
  402              {0x08,0xF8,0x08,0x00,0x00,0x08,0xF8,0x08,0x00,0x1F,0x20,0x20,0x20,0x20,0x1F,0x00},  // U 53
  403              {0x08,0x78,0x88,0x00,0x00,0xC8,0x38,0x08,0x00,0x00,0x07,0x38,0x0E,0x01,0x00,0x00},  // V 54
  404              {0xF8,0x08,0x00,0xF8,0x00,0x08,0xF8,0x00,0x03,0x3C,0x07,0x00,0x07,0x3C,0x03,0x00},  // W 55
  405              {0x08,0x18,0x68,0x80,0x80,0x68,0x18,0x08,0x20,0x30,0x2C,0x03,0x03,0x2C,0x30,0x20},  // X 56
  406              {0x08,0x38,0xC8,0x00,0xC8,0x38,0x08,0x00,0x00,0x00,0x20,0x3F,0x20,0x00,0x00,0x00},  // Y 57
  407              {0x10,0x08,0x08,0x08,0xC8,0x38,0x08,0x00,0x20,0x38,0x26,0x21,0x20,0x20,0x18,0x00},  // Z 58
  408              {0x00,0x00,0x00,0xFE,0x02,0x02,0x02,0x00,0x00,0x00,0x00,0x7F,0x40,0x40,0x40,0x00},  // [ 59
  409              {0x00,0x0C,0x30,0xC0,0x00,0x00,0x00,0x00,0x00,0x00,0x00,0x01,0x06,0x38,0xC0,0x00},  // \ 60
  410              {0x00,0x02,0x02,0x02,0xFE,0x00,0x00,0x00,0x00,0x40,0x40,0x40,0x7F,0x00,0x00,0x00},  // ] 61
  411              {0x00,0x00,0x04,0x02,0x02,0x02,0x04,0x00,0x00,0x00,0x00,0x00,0x00,0x00,0x00,0x00},  // ^ 62
  412              {0x00,0x00,0x00,0x00,0x00,0x00,0x00,0x00,0x80,0x80,0x80,0x80,0x80,0x80,0x80,0x80},  // _ 63
  413              {0x00,0x02,0x02,0x04,0x00,0x00,0x00,0x00,0x00,0x00,0x00,0x00,0x00,0x00,0x00,0x00},  // ` 64
  414              {0x00,0x00,0x80,0x80,0x80,0x80,0x00,0x00,0x00,0x19,0x24,0x22,0x22,0x22,0x3F,0x20},  // a 65
  415              {0x08,0xF8,0x00,0x80,0x80,0x00,0x00,0x00,0x00,0x3F,0x11,0x20,0x20,0x11,0x0E,0x00},  // b 66
  416              {0x00,0x00,0x00,0x80,0x80,0x80,0x00,0x00,0x00,0x0E,0x11,0x20,0x20,0x20,0x11,0x00},  // c 67
  417              {0x00,0x00,0x00,0x80,0x80,0x88,0xF8,0x00,0x00,0x0E,0x11,0x20,0x20,0x10,0x3F,0x20},  // d 68
  418              {0x00,0x00,0x80,0x80,0x80,0x80,0x00,0x00,0x00,0x1F,0x22,0x22,0x22,0x22,0x13,0x00},  // e 69
  419              {0x00,0x80,0x80,0xF0,0x88,0x88,0x88,0x18,0x00,0x20,0x20,0x3F,0x20,0x20,0x00,0x00},  // f 70
  420              {0x00,0x00,0x80,0x80,0x80,0x80,0x80,0x00,0x00,0x6B,0x94,0x94,0x94,0x93,0x60,0x00},  // g 71
  421              {0x08,0xF8,0x00,0x80,0x80,0x80,0x00,0x00,0x20,0x3F,0x21,0x00,0x00,0x20,0x3F,0x20},  // h 72
  422              {0x00,0x80,0x98,0x98,0x00,0x00,0x00,0x00,0x00,0x20,0x20,0x3F,0x20,0x20,0x00,0x00},  // i 73
  423              {0x00,0x00,0x00,0x80,0x98,0x98,0x00,0x00,0x00,0xC0,0x80,0x80,0x80,0x7F,0x00,0x00},  // j 74
  424              {0x08,0xF8,0x00,0x00,0x80,0x80,0x80,0x00,0x20,0x3F,0x24,0x02,0x2D,0x30,0x20,0x00},  // k 75
  425              {0x00,0x08,0x08,0xF8,0x00,0x00,0x00,0x00,0x00,0x20,0x20,0x3F,0x20,0x20,0x00,0x00},  // l 76
  426              {0x80,0x80,0x80,0x80,0x80,0x80,0x80,0x00,0x20,0x3F,0x20,0x00,0x3F,0x20,0x00,0x3F},  // m 77
  427              {0x80,0x80,0x00,0x80,0x80,0x80,0x00,0x00,0x20,0x3F,0x21,0x00,0x00,0x20,0x3F,0x20},  // n 78
  428              {0x00,0x00,0x80,0x80,0x80,0x80,0x00,0x00,0x00,0x1F,0x20,0x20,0x20,0x20,0x1F,0x00},  // o 79
  429              {0x80,0x80,0x00,0x80,0x80,0x00,0x00,0x00,0x80,0xFF,0xA1,0x20,0x20,0x11,0x0E,0x00},  // p 80
  430              {0x00,0x00,0x00,0x80,0x80,0x80,0x80,0x00,0x00,0x0E,0x11,0x20,0x20,0xA0,0xFF,0x80},  // q 81
  431              {0x80,0x80,0x80,0x00,0x80,0x80,0x80,0x00,0x20,0x20,0x3F,0x21,0x20,0x00,0x01,0x00},  // r 82
  432              {0x00,0x00,0x80,0x80,0x80,0x80,0x80,0x00,0x00,0x33,0x24,0x24,0x24,0x24,0x19,0x00},  // s 83
  433              {0x00,0x80,0x80,0xE0,0x80,0x80,0x00,0x00,0x00,0x00,0x00,0x1F,0x20,0x20,0x00,0x00},  // t 84
  434              {0x80,0x80,0x00,0x00,0x00,0x80,0x80,0x00,0x00,0x1F,0x20,0x20,0x20,0x10,0x3F,0x20},  // u 85
  435              {0x80,0x80,0x80,0x00,0x00,0x80,0x80,0x80,0x00,0x01,0x0E,0x30,0x08,0x06,0x01,0x00},  // v 86
  436              {0x80,0x80,0x00,0x80,0x00,0x80,0x80,0x80,0x0F,0x30,0x0C,0x03,0x0C,0x30,0x0F,0x00},  // w 87
  437              {0x00,0x80,0x80,0x00,0x80,0x80,0x80,0x00,0x00,0x20,0x31,0x2E,0x0E,0x31,0x20,0x00},  // x 88
  438              {0x80,0x80,0x80,0x00,0x00,0x80,0x80,0x80,0x80,0x81,0x8E,0x70,0x18,0x06,0x01,0x00},  // y 89
  439              {0x00,0x80,0x80,0x80,0x80,0x80,0x80,0x00,0x00,0x21,0x30,0x2C,0x22,0x21,0x30,0x00},  // z 90
  440              {0x00,0x00,0x00,0x00,0x80,0x7C,0x02,0x02,0x00,0x00,0x00,0x00,0x00,0x3F,0x40,0x40},  // { 91
  441              {0x00,0x00,0x00,0x00,0xFF,0x00,0x00,0x00,0x00,0x00,0x00,0x00,0xFF,0x00,0x00,0x00},  // | 92
  442              {0x00,0x02,0x02,0x7C,0x80,0x00,0x00,0x00,0x00,0x40,0x40,0x3F,0x00,0x00,0x00,0x00},  // } 93
  443              {0x00,0x06,0x01,0x01,0x02,0x02,0x04,0x04,0x00,0x00,0x00,0x00,0x00,0x00,0x00,0x00}   // ~ 94
  444          };


Module Information          Static   Overlayable
------------------------------------------------
  code size            =      3592     ------
  ecode size           =    ------     ------
  data size            =    ------     ------
C251 COMPILER V5.60.0,  SEEKFREE_FONT                                                      22/06/25  17:11:43  PAGE 8   

  idata size           =    ------     ------
  pdata size           =    ------     ------
  xdata size           =    ------     ------
  xdata-const size     =    ------     ------
  edata size           =    ------     ------
  bit size             =    ------     ------
  ebit size            =    ------     ------
  bitaddressable size  =    ------     ------
  ebitaddressable size =    ------     ------
  far data size        =    ------     ------
  huge data size       =    ------     ------
  const size           =    ------     ------
  hconst size          =    ------     ------
End of Module Information.


C251 COMPILATION COMPLETE.  0 WARNING(S),  0 ERROR(S)
