C251 COMPILER V5.60.0,  zf_fifo                                                            06/07/25  17:18:00  PAGE 1   


C251 COMPILER V5.60.0, COMPILATION OF MODULE zf_fifo
OBJECT MODULE PLACED IN .\Out_File\zf_fifo.obj
COMPILER INVOKED BY: D:\Software\Keil5\c251v560\C251\BIN\C251.EXE ..\seekfree_libraries\zf_fifo.c LARGE INTR2 WARNINGLEV
                    -EL(3) OPTIMIZE(0,SPEED) BROWSE INCDIR(..\USER\inc;..\USER\src;..\libraries;..\seekfree_libraries;..\seekfree_peripheral)
                    - DEBUG PRINT(.\Out_File\zf_fifo.lst) TABS(2) OBJECT(.\Out_File\zf_fifo.obj) 

stmt  level    source

    1          /********************************************************************************************************
             -*************
    2           * COPYRIGHT NOTICE
    3           * Copyright (c) 2020,é€é£ç§‘æŠ€
    4           * All rights reserved.
    5           * æŠ€æœ¯è®¨è®ºQQç¾¤ï¼šä¸€ç¾¤ï¼š179029047(å·²æ»¡)  äºŒç¾¤ï¼š244861897(å·²æ»¡)  ä¸‰ç¾¤ï¼š824575535
    6           *
    7           * ä»¥ä¸‹æ‰€æœ‰å†…å®¹ç‰ˆæƒå‡å±é€é£ç§‘æŠ€æ‰€æœ‰ï¼Œæœªç»å…è®¸ä¸å¾—ç”¨äºå•†ä¸šç”¨é€”ï¼Œ
    8           * æ¬¢è¿å„ä½ä½¿ç”¨å¹¶ä¼ æ’­æœ¬ç¨‹åºï¼Œä¿®æ”¹å†…å®¹æ—¶å¿…é¡»ä¿ç•™é€é£ç§‘æŠ€çš„ç‰ˆæƒå£°æ˜ã€‚
    9           *
   10           * @file          fifo
   11           * @company       æˆéƒ½é€é£ç§‘æŠ€æœ‰é™å…¬å¸
   12           * @author        é€é£ç§‘æŠ€(QQ790875685)
   13           * @version       æŸ¥çœ‹docå†…versionæ–‡ä»¶ ç‰ˆæœ¬è¯´æ˜
   14           * @Software    MDK FOR C251 V5.60
   15           * @Target core   STC32F12K
   16           * @Taobao      https://seekfree.taobao.com/
   17           * @date          2020-4-14
   18           ********************************************************************************************************
             -************/
   19          
   20          
   21          
   22          #include "stdio.h"
   23          #include "string.h"
   24          #include "board.h"
   25          #include "zf_gpio.h"
   26          #include "zf_uart.h"
   27          #include "zf_nvic.h"
   28          #include "zf_delay.h"
   29          #include "zf_fifo.h"
   30          
   31          
   32          
   33          
   34          //-------------------------------------------------------------------------------------------------------
             -------------
   35          // å‡½æ•°ç®€ä»‹     FIFO å¤´æŒ‡é’ˆä½ç§»
   36          // å‚æ•°è¯´æ˜     *fifo               FIFO å¯¹è±¡æŒ‡é’ˆ
   37          // å‚æ•°è¯´æ˜     offset              åç§»é‡
   38          // è¿”å›å‚æ•°     void
   39          // ä½¿ç”¨ç¤ºä¾‹     fifo_head_offset(fifo, 1);
   40          // å¤‡æ³¨ä¿¡æ¯     æœ¬å‡½æ•°åœ¨æ–‡ä»¶å†…éƒ¨è°ƒç”¨ ç”¨æˆ·ä¸ç”¨å…³æ³¨ ä¹Ÿä¸å¯ä¿®æ”¹
   41          //-------------------------------------------------------------------------------------------------------
             -------------
   42          static void fifo_head_offset (fifo_struct *fifo, uint32 offset)
   43          {
   44   1          fifo->head += offset;
   45   1          
   46   1          while(fifo->max <= fifo->head)                                              // å¦‚æœèŒƒå›´è¶…è¿‡åˆ™å
             -‡ç¼“å†²åŒºå¤§å° ç›´åˆ°å°äºæœ€å¤§ç¼“å†²åŒºå¤§å°
   47   1          {
   48   2              fifo->head -= fifo->max;
   49   2          }
   50   1      }
   51          
   52          //-------------------------------------------------------------------------------------------------------
C251 COMPILER V5.60.0,  zf_fifo                                                            06/07/25  17:18:00  PAGE 2   

             -------------
   53          // å‡½æ•°ç®€ä»‹     FIFO å°¾æŒ‡é’ˆä½ç§»
   54          // å‚æ•°è¯´æ˜     *fifo               FIFO å¯¹è±¡æŒ‡é’ˆ
   55          // å‚æ•°è¯´æ˜     offset              åç§»é‡
   56          // è¿”å›å‚æ•°     void
   57          // ä½¿ç”¨ç¤ºä¾‹     fifo_end_offset(fifo, 1);
   58          // å¤‡æ³¨ä¿¡æ¯     æœ¬å‡½æ•°åœ¨æ–‡ä»¶å†…éƒ¨è°ƒç”¨ ç”¨æˆ·ä¸ç”¨å…³æ³¨ ä¹Ÿä¸å¯ä¿®æ”¹
   59          //-------------------------------------------------------------------------------------------------------
             -------------
   60          static void fifo_end_offset (fifo_struct *fifo, uint32 offset)
   61          {
   62   1          fifo->end += offset;
   63   1          
   64   1          while(fifo->max <= fifo->end)                                               // å¦‚æœèŒƒå›´è¶…è¿‡åˆ™å
             -‡ç¼“å†²åŒºå¤§å° ç›´åˆ°å°äºæœ€å¤§ç¼“å†²åŒºå¤§å°
   65   1          {
   66   2              fifo->end -= fifo->max;
   67   2          }
   68   1      }
   69          
   70          //-------------------------------------------------------------------------------------------------------
             -------------
   71          // å‡½æ•°ç®€ä»‹     FIFO é‡ç½®ç¼“å†²å™¨
   72          // å‚æ•°è¯´æ˜     *fifo               FIFO å¯¹è±¡æŒ‡é’ˆ
   73          // è¿”å›å‚æ•°     void
   74          // ä½¿ç”¨ç¤ºä¾‹     fifo_clear(fifo);
   75          // å¤‡æ³¨ä¿¡æ¯     æ¸…ç©ºå½“å‰ FIFO å¯¹è±¡çš„å†…å­˜
   76          //-------------------------------------------------------------------------------------------------------
             -------------
   77          fifo_state_enum fifo_clear (fifo_struct *fifo)
   78          {
   79   1          //zf_assert(NULL != fifo);
   80   1          fifo_state_enum return_state = FIFO_SUCCESS;                                // æ“ä½œç»“æœåˆå€¼
   81   1          do
   82   1          {
   83   2      //        if(FIFO_IDLE != fifo->execution)                                        // åˆ¤æ–­æ˜¯å¦å½“å‰ F
             -IFO æ˜¯å¦ç©ºé—²
   84   2      //        {
   85   2      //            return_state = FIFO_RESET_UNDO;                                     // é‡ç½®æ“ä½œæœªå®Œæˆ
             -
   86   2      //            break;
   87   2      //        }
   88   2              fifo->execution |= FIFO_RESET;                                          // é‡ç½®æ“ä½œç½®ä½
   89   2              fifo->head      = 0;                                                    // é‡ç½® FIFO æ‰€æœ‰æ•°å
             -€¼å¤ä½
   90   2              fifo->end       = 0;                                                    // é‡ç½® FIFO æ‰€æœ‰æ•°å
             -€¼å¤ä½
   91   2              fifo->reamin_size      = fifo->max;                                            // é‡ç½® FIFO æ‰€
             -æœ‰æ•°å€¼å¤ä½
   92   2              switch(fifo->type)
   93   2              {
   94   3                  case FIFO_DATA_8BIT:    memset(fifo->buffer, 0, (uint16)fifo->max);     break;
   95   3                  case FIFO_DATA_16BIT:   memset(fifo->buffer, 0, (uint16)fifo->max * 2); break;
   96   3                  case FIFO_DATA_32BIT:   memset(fifo->buffer, 0, (uint16)fifo->max * 4); break;
   97   3              }
   98   2              fifo->execution = FIFO_IDLE;                                            // æ“ä½œçŠ¶æ€å¤ä½
   99   2          }while(0);
  100   1          return return_state;
  101   1      }
  102          
  103          //-------------------------------------------------------------------------------------------------------
             -------------
  104          // å‡½æ•°ç®€ä»‹     FIFO æŸ¥è¯¢å½“å‰æ•°æ®ä¸ªæ•°
  105          // å‚æ•°è¯´æ˜     *fifo               FIFO å¯¹è±¡æŒ‡é’ˆ
  106          // è¿”å›å‚æ•°     uint32              å·²ä½¿ç”¨é•¿åº¦
  107          // ä½¿ç”¨ç¤ºä¾‹     uint32 len = fifo_used(fifo);
C251 COMPILER V5.60.0,  zf_fifo                                                            06/07/25  17:18:00  PAGE 3   

  108          // å¤‡æ³¨ä¿¡æ¯
  109          //-------------------------------------------------------------------------------------------------------
             -------------
  110          uint32 fifo_used (fifo_struct *fifo)
  111          {
  112   1          //zf_assert(fifo != NULL);
  113   1          return (fifo->max - fifo->reamin_size);                                            // è¿”å›å½“å‰ FI
             -FO ç¼“å†²åŒºä¸­æ•°æ®ä¸ªæ•°
  114   1      }
  115          
  116          //-------------------------------------------------------------------------------------------------------
             -------------
  117          // å‡½æ•°ç®€ä»‹     å‘ FIFO ä¸­å†™å…¥æ•°æ®
  118          // å‚æ•°è¯´æ˜     *fifo               FIFO å¯¹è±¡æŒ‡é’ˆ
  119          // å‚æ•°è¯´æ˜     dat                 æ•°æ®
  120          // è¿”å›å‚æ•°     fifo_state_enum     æ“ä½œçŠ¶æ€
  121          // ä½¿ç”¨ç¤ºä¾‹     zf_log(fifo_write_element(&fifo, data) == FIFO_SUCCESS, "fifo_write_byte error");
  122          // å¤‡æ³¨ä¿¡æ¯
  123          //-------------------------------------------------------------------------------------------------------
             -------------
  124          fifo_state_enum fifo_write_element (fifo_struct *fifo, uint32 dat)
  125          {
  126   1          //zf_assert(NULL != fifo);
  127   1          fifo_state_enum return_state = FIFO_SUCCESS;                                // æ“ä½œç»“æœåˆå€¼
  128   1      
  129   1          do
  130   1          {
  131   2              if((FIFO_RESET | FIFO_WRITE) & fifo->execution)                         // ä¸åœ¨å†™å…¥ä¸é‡ç½®ç
             -Š¶æ€ é¿å…å†™å…¥ç«äº‰ä¸æŒ‡å‘é”™è¯¯
  132   2              {
  133   3                  return_state = FIFO_WRITE_UNDO;                                     // å†™å…¥æ“ä½œæœªå®Œæˆ
  134   3                  break;
  135   3              }
  136   2              fifo->execution |= FIFO_WRITE;                                          // å†™å…¥æ“ä½œç½®ä½
  137   2      
  138   2              if(1 <= fifo->reamin_size)                                                     // å‰©ä½™ç©ºé—´è¶³
             -å¤Ÿè£…ä¸‹æœ¬æ¬¡æ•°æ®
  139   2              {
  140   3                  switch(fifo->type)
  141   3                  {
  142   4                      case FIFO_DATA_8BIT:    ((uint8 *)fifo->buffer)[fifo->head]  = dat;  break;
  143   4                      case FIFO_DATA_16BIT:   ((uint16 *)fifo->buffer)[fifo->head] = dat; break;
  144   4                      case FIFO_DATA_32BIT:   ((uint32 *)fifo->buffer)[fifo->head] = dat; break;
  145   4                  }
  146   3                  fifo_head_offset(fifo, 1);                                          // å¤´æŒ‡é’ˆåç§»
  147   3                  fifo->reamin_size -= 1;                                                    // ç¼“å†²åŒºå‰©ä½™
             -é•¿åº¦å‡å°
  148   3              }
  149   2              else
  150   2              {
  151   3                  return_state = FIFO_SPACE_NO_ENOUGH;                                // å½“å‰ FIFO ç¼“å†²åŒºæ
             -»¡ ä¸èƒ½å†å†™å…¥æ•°æ® è¿”å›ç©ºé—´ä¸è¶³
  152   3              }
  153   2              fifo->execution &= ~FIFO_WRITE;                                         // å†™å…¥æ“ä½œå¤ä½
  154   2          }while(0);
  155   1      
  156   1          return return_state;
  157   1      }
  158          
  159          //-------------------------------------------------------------------------------------------------------
             -------------
  160          // å‡½æ•°ç®€ä»‹     å‘ FIFO ä¸­å†™å…¥æ•°æ®
  161          // å‚æ•°è¯´æ˜     *fifo               FIFO å¯¹è±¡æŒ‡é’ˆ
  162          // å‚æ•°è¯´æ˜     *dat                æ•°æ®æ¥æºç¼“å†²åŒºæŒ‡é’ˆ
  163          // å‚æ•°è¯´æ˜     length              éœ€è¦å†™å…¥çš„æ•°æ®é•¿åº¦
  164          // è¿”å›å‚æ•°     fifo_state_enum     æ“ä½œçŠ¶æ€
C251 COMPILER V5.60.0,  zf_fifo                                                            06/07/25  17:18:00  PAGE 4   

  165          // ä½¿ç”¨ç¤ºä¾‹     zf_log(fifo_write_buffer(&fifo, data, 32) == FIFO_SUCCESS, "fifo_write_buffer error")
             -;
  166          // å¤‡æ³¨ä¿¡æ¯
  167          //-------------------------------------------------------------------------------------------------------
             -------------
  168          fifo_state_enum fifo_write_buffer (fifo_struct *fifo, void *dat, uint32 length)
  169          {
  170   1          //zf_assert(NULL != fifo);
  171   1          fifo_state_enum return_state = FIFO_SUCCESS;                                // æ“ä½œç»“æœåˆå€¼
  172   1          uint32 temp_length = 0;
  173   1          
  174   1          do
  175   1          {
  176   2              if(NULL == dat)
  177   2              {
  178   3                  return_state = FIFO_BUFFER_NULL;                                    // ç”¨æˆ·ç¼“å†²åŒºå¼‚å¸¸
  179   3                  break;
  180   3              }
  181   2              if((FIFO_RESET | FIFO_WRITE) & fifo->execution)                         // ä¸åœ¨å†™å…¥ä¸é‡ç½®ç
             -Š¶æ€ é¿å…å†™å…¥ç«äº‰ä¸æŒ‡å‘é”™è¯¯
  182   2              {
  183   3                  return_state = FIFO_WRITE_UNDO;                                     // å†™å…¥æ“ä½œæœªå®Œæˆ
  184   3                  break;
  185   3              }
  186   2              fifo->execution |= FIFO_WRITE;                                          // å†™å…¥æ“ä½œç½®ä½
  187   2      
  188   2              if(length <= fifo->reamin_size)                                                // å‰©ä½™ç©ºé—´è¶³
             -å¤Ÿè£…ä¸‹æœ¬æ¬¡æ•°æ®
  189   2              {
  190   3                  temp_length = fifo->max - fifo->head;                               // è®¡ç®—å¤´æŒ‡é’ˆè·ç¦»ç
             -¼“å†²åŒºå°¾è¿˜æœ‰å¤šå°‘ç©ºé—´
  191   3      
  192   3                  if(length > temp_length)                                            // è·ç¦»ç¼“å†²åŒºå°¾é•¿å
             -º¦ä¸è¶³å†™å…¥æ•°æ® ç¯å½¢ç¼“å†²åŒºåˆ†æ®µæ“ä½œ
  193   3                  {
  194   4                      switch(fifo->type)
  195   4                      {
  196   5                          case FIFO_DATA_8BIT:
  197   5                          {
  198   6                              memcpy(
  199   6                                  &(((uint8 *)fifo->buffer)[fifo->head]),
  200   6                                  dat, (uint16)temp_length);                                  // æ‹·è´ç¬¬ä¸€æ®
             -µæ•°æ®
  201   6                              fifo_head_offset(fifo, temp_length);                    // å¤´æŒ‡é’ˆåç§»
  202   6                              memcpy(
  203   6                                  &(((uint8 *)fifo->buffer)[fifo->head]),
  204   6                                  &(((uint8 *)dat)[temp_length]),
  205   6                                  (uint16)(length - temp_length));                              // æ‹·è´ç¬¬äºŒ
             -æ®µæ•°æ®
  206   6                              fifo_head_offset(fifo, length - temp_length);           // å¤´æŒ‡é’ˆåç§»
  207   6                          }break;
  208   5                          case FIFO_DATA_16BIT:
  209   5                          {
  210   6                              memcpy(
  211   6                                  &(((uint16 *)fifo->buffer)[fifo->head]),
  212   6                                  dat, temp_length * 2);                              // æ‹·è´ç¬¬ä¸€æ®µæ•°æ®
  213   6                              fifo_head_offset(fifo, temp_length);                    // å¤´æŒ‡é’ˆåç§»
  214   6                              memcpy(
  215   6                                  &(((uint16 *)fifo->buffer)[fifo->head]),
  216   6                                  &(((uint16 *)dat)[temp_length]),
  217   6                                  (length - temp_length) * 2);                        // æ‹·è´ç¬¬äºŒæ®µæ•°æ®
  218   6                              fifo_head_offset(fifo, length - temp_length);           // å¤´æŒ‡é’ˆåç§»
  219   6                          }break;
  220   5                          case FIFO_DATA_32BIT:
  221   5                          {
  222   6                              memcpy(
C251 COMPILER V5.60.0,  zf_fifo                                                            06/07/25  17:18:00  PAGE 5   

  223   6                                  &(((uint32 *)fifo->buffer)[fifo->head]),
  224   6                                  dat, temp_length * 4);                              // æ‹·è´ç¬¬ä¸€æ®µæ•°æ®
  225   6                              fifo_head_offset(fifo, temp_length);                    // å¤´æŒ‡é’ˆåç§»
  226   6                              memcpy(
  227   6                                  &(((uint32 *)fifo->buffer)[fifo->head]),
  228   6                                  &(((uint32 *)dat)[temp_length]),
  229   6                                  (length - temp_length) * 4);                        // æ‹·è´ç¬¬äºŒæ®µæ•°æ®
  230   6                              fifo_head_offset(fifo, length - temp_length);           // å¤´æŒ‡é’ˆåç§»
  231   6                          }break;
  232   5                      }
  233   4                  }
  234   3                  else
  235   3                  {
  236   4                      switch(fifo->type)
  237   4                      {
  238   5                          case FIFO_DATA_8BIT:
  239   5                          {
  240   6                              memcpy(
  241   6                                  &(((uint8 *)fifo->buffer)[fifo->head]),
  242   6                                  dat, (uint16)length);                                       // ä¸€æ¬¡å®Œæ•´å†
             -™å…¥
  243   6                              fifo_head_offset(fifo, length);                         // å¤´æŒ‡é’ˆåç§»
  244   6                          }break;
  245   5                          case FIFO_DATA_16BIT:
  246   5                          {
  247   6                              memcpy(
  248   6                                  &(((uint16 *)fifo->buffer)[fifo->head]),
  249   6                                  dat, length * 2);                                   // ä¸€æ¬¡å®Œæ•´å†™å…¥
  250   6                              fifo_head_offset(fifo, length);                         // å¤´æŒ‡é’ˆåç§»
  251   6                          }break;
  252   5                          case FIFO_DATA_32BIT:
  253   5                          {
  254   6                              memcpy(
  255   6                                  &(((uint32 *)fifo->buffer)[fifo->head]),
  256   6                                  dat, length * 4);                                   // ä¸€æ¬¡å®Œæ•´å†™å…¥
  257   6                              fifo_head_offset(fifo, length);                         // å¤´æŒ‡é’ˆåç§»
  258   6                          }break;
  259   5                      }
  260   4                  }
  261   3      
  262   3                  fifo->reamin_size -= length;                                               // ç¼“å†²åŒºå‰©ä½™
             -é•¿åº¦å‡å°
  263   3              }
  264   2              else
  265   2              {
  266   3                  return_state = FIFO_SPACE_NO_ENOUGH;                                // å½“å‰ FIFO ç¼“å†²åŒºæ
             -»¡ ä¸èƒ½å†å†™å…¥æ•°æ® è¿”å›ç©ºé—´ä¸è¶³
  267   3              }
  268   2              fifo->execution &= ~FIFO_WRITE;                                         // å†™å…¥æ“ä½œå¤ä½
  269   2          }while(0);
  270   1      
  271   1          return return_state;
  272   1      }
  273          
  274          //-------------------------------------------------------------------------------------------------------
             -------------
  275          // å‡½æ•°ç®€ä»‹     ä» FIFO è¯»å–æ•°æ®
  276          // å‚æ•°è¯´æ˜     *fifo               FIFO å¯¹è±¡æŒ‡é’ˆ
  277          // å‚æ•°è¯´æ˜     *dat                ç›®æ ‡ç¼“å†²åŒºæŒ‡é’ˆ
  278          // å‚æ•°è¯´æ˜     flag                æ˜¯å¦å˜æ›´ FIFO çŠ¶æ€ å¯é€‰æ‹©æ˜¯å¦æ¸…ç©ºè¯»å–çš„æ•°æ®
  279          // è¿”å›å‚æ•°     fifo_state_enum     æ“ä½œçŠ¶æ€
  280          // ä½¿ç”¨ç¤ºä¾‹     zf_log(fifo_read_element(&fifo, data, FIFO_READ_ONLY) == FIFO_SUCCESS, "fifo_read_byt
             -e error");
  281          // å¤‡æ³¨ä¿¡æ¯
  282          //-------------------------------------------------------------------------------------------------------
             -------------
C251 COMPILER V5.60.0,  zf_fifo                                                            06/07/25  17:18:00  PAGE 6   

  283          fifo_state_enum fifo_read_element (fifo_struct *fifo, void *dat, fifo_operation_enum flag)
  284          {
  285   1          //zf_assert(NULL != fifo);
  286   1          fifo_state_enum return_state = FIFO_SUCCESS;                                // æ“ä½œç»“æœåˆå€¼
  287   1      
  288   1          do
  289   1          {
  290   2              if(NULL == dat)
  291   2              {
  292   3                  return_state = FIFO_BUFFER_NULL;                                    // ç”¨æˆ·ç¼“å†²åŒºå¼‚å¸¸
  293   3              }
  294   2              else
  295   2              {
  296   3                  if((FIFO_RESET | FIFO_CLEAR) & fifo->execution)                     // åˆ¤æ–­æ˜¯å¦å½“å‰ FIF
             -O æ˜¯å¦åœ¨æ‰§è¡Œæ¸…ç©ºæˆ–é‡ç½®æ“ä½œ
  297   3                  {
  298   4                      return_state = FIFO_READ_UNDO;                                  // è¯»å–æ“ä½œæœªå®Œæˆ
  299   4                      break;
  300   4                  }
  301   3      
  302   3                  if(1 > fifo_used(fifo))
  303   3                  {
  304   4                      return_state = FIFO_DATA_NO_ENOUGH;                             // ç¼“å†²åŒºæ²¡æœ‰æ•°æ® 
             -è¿”å›æ•°æ®é•¿åº¦ä¸è¶³
  305   4                      break;                                                          // ç›´æ¥é€€å‡ºæ“ä½œ
  306   4                  }
  307   3      
  308   3                  fifo->execution |= FIFO_READ;                                       // è¯»æ“ä½œç½®ä½
  309   3                  switch(fifo->type)
  310   3                  {
  311   4                      case FIFO_DATA_8BIT:    *((uint8 *)dat) = ((uint8 *)fifo->buffer)[fifo->end];   break;
  312   4                      case FIFO_DATA_16BIT:   *((uint16 *)dat) = ((uint16 *)fifo->buffer)[fifo->end]; break;
  313   4                      case FIFO_DATA_32BIT:   *((uint32 *)dat) = ((uint32 *)fifo->buffer)[fifo->end]; break;
  314   4                  }
  315   3                  fifo->execution &= ~FIFO_READ;                                      // è¯»æ“ä½œå¤ä½
  316   3              }
  317   2      
  318   2              if(FIFO_READ_AND_CLEAN == flag)                                         // å¦‚æœé€‰æ‹©è¯»å–å¹¶æ
             -›´æ”¹ FIFO çŠ¶æ€
  319   2              {
  320   3                  if((FIFO_RESET | FIFO_CLEAR | FIFO_READ) == fifo->execution)        // ä¸åœ¨ é‡ç½® æ¸…ç©º è
             -¯»å– çŠ¶æ€ é¿å…å¼‚å¸¸
  321   3                  {
  322   4                      return_state = FIFO_CLEAR_UNDO;                                 // æ¸…ç©ºæ“ä½œæœªå®Œæˆ
  323   4                      break;
  324   4                  }
  325   3                  fifo->execution |= FIFO_CLEAR;                                      // æ¸…ç©ºä½œç½®ä½
  326   3                  fifo_end_offset(fifo, 1);                                           // ç§»åŠ¨ FIFO å¤´æŒ‡é’ˆ
  327   3                  fifo->reamin_size += 1;                                                    // é‡Šæ”¾å¯¹åº”é•¿
             -åº¦ç©ºé—´
  328   3                  fifo->execution &= ~FIFO_CLEAR;                                     // æ¸…ç©ºä½œå¤ä½
  329   3              }
  330   2          }while(0);
  331   1      
  332   1          return return_state;
  333   1      }
  334          
  335          //-------------------------------------------------------------------------------------------------------
             -------------
  336          // å‡½æ•°ç®€ä»‹     ä» FIFO è¯»å–æ•°æ®
  337          // å‚æ•°è¯´æ˜     *fifo               FIFO å¯¹è±¡æŒ‡é’ˆ
  338          // å‚æ•°è¯´æ˜     *dat                ç›®æ ‡ç¼“å†²åŒºæŒ‡é’ˆ
  339          // å‚æ•°è¯´æ˜     *length             è¯»å–çš„æ•°æ®é•¿åº¦ å¦‚æœæ²¡æœ‰è¿™ä¹ˆå¤šæ•°æ®è¿™é‡Œä¼šè¢«ä¿®æ
             -”¹
  340          // å‚æ•°è¯´æ˜     flag                æ˜¯å¦å˜æ›´ FIFO çŠ¶æ€ å¯é€‰æ‹©æ˜¯å¦æ¸…ç©ºè¯»å–çš„æ•°æ®
  341          // è¿”å›å‚æ•°     fifo_state_enum     æ“ä½œçŠ¶æ€
C251 COMPILER V5.60.0,  zf_fifo                                                            06/07/25  17:18:00  PAGE 7   

  342          // ä½¿ç”¨ç¤ºä¾‹     zf_log(fifo_read_buffer(&fifo, data, &length, FIFO_READ_ONLY) == FIFO_SUCCESS, "fifo_
             -read_buffer error");
  343          // å¤‡æ³¨ä¿¡æ¯
  344          //-------------------------------------------------------------------------------------------------------
             -------------
  345          fifo_state_enum fifo_read_buffer (fifo_struct *fifo, void *dat, uint32 *length, fifo_operation_enum flag)
  346          {
  347   1          //zf_assert(NULL != fifo);
  348   1          //zf_assert(NULL != length);
  349   1          fifo_state_enum return_state = FIFO_SUCCESS;                                // æ“ä½œç»“æœåˆå€¼
  350   1          uint32 temp_length = 0;
  351   1          uint32 fifo_data_length = 0;
  352   1      
  353   1          do
  354   1          {
  355   2              if(NULL == dat)
  356   2              {
  357   3                  return_state = FIFO_BUFFER_NULL;
  358   3              }
  359   2              else
  360   2              {
  361   3                  if((FIFO_RESET | FIFO_CLEAR) & fifo->execution)                     // åˆ¤æ–­æ˜¯å¦å½“å‰ FIF
             -O æ˜¯å¦åœ¨æ‰§è¡Œæ¸…ç©ºæˆ–é‡ç½®æ“ä½œ
  362   3                  {
  363   4                      *length = fifo_data_length;                                     // çº æ­£è¯»å–çš„é•¿åº¦
  364   4                      return_state = FIFO_READ_UNDO;                                  // è¯»å–æ“ä½œæœªå®Œæˆ
  365   4                      break;
  366   4                  }
  367   3      
  368   3                  fifo_data_length = fifo_used(fifo);                                 // è·å–å½“å‰æ•°æ®æœ‰å
             -¤šå°‘
  369   3                  if(*length > fifo_data_length)                                      // åˆ¤æ–­é•¿åº¦æ˜¯å¦è¶³å
             -¤Ÿ
  370   3                  {
  371   4                      *length = fifo_data_length;                                     // çº æ­£è¯»å–çš„é•¿åº¦
  372   4                      return_state = FIFO_DATA_NO_ENOUGH;                             // æ ‡å¿—æ•°æ®ä¸å¤Ÿ
  373   4                      if(0 == fifo_data_length)                                       // å¦‚æœæ²¡æœ‰æ•°æ® å°±
             -ç›´æ¥é€€å‡º
  374   4                      {
  375   5                          fifo->execution &= ~FIFO_READ;                              // è¯»æ“ä½œå¤ä½
  376   5                          break;
  377   5                      }
  378   4                  }
  379   3      
  380   3                  fifo->execution |= FIFO_READ;                                       // è¯»æ“ä½œç½®ä½
  381   3                  temp_length = fifo->max - fifo->end;                                // è®¡ç®—å°¾æŒ‡é’ˆè·ç¦»ç
             -¼“å†²åŒºå°¾è¿˜æœ‰å¤šå°‘ç©ºé—´
  382   3                  if(*length <= temp_length)                                          // è¶³å¤Ÿä¸€æ¬¡æ€§è¯»å–å
             -®Œæ¯•
  383   3                  {
  384   4                      switch(fifo->type)
  385   4                      {
  386   5                          case FIFO_DATA_8BIT:    memcpy(dat, &(((uint8 *)fifo->buffer)[fifo->end]),  (uint16)*
             -length);        break;
  387   5                          case FIFO_DATA_16BIT:   memcpy(dat, &(((uint16 *)fifo->buffer)[fifo->end]), (uint16)*
             -length * 2);   break;
  388   5                          case FIFO_DATA_32BIT:   memcpy(dat, &(((uint32 *)fifo->buffer)[fifo->end]), (uint16)*
             -length * 4);   break;
  389   5                      }
  390   4                  }
  391   3                  else
  392   3                  {
  393   4                      switch(fifo->type)
  394   4                      {
  395   5                          case FIFO_DATA_8BIT:
  396   5                          {
C251 COMPILER V5.60.0,  zf_fifo                                                            06/07/25  17:18:00  PAGE 8   

  397   6                              memcpy(dat, &(((uint8 *)fifo->buffer)[fifo->end]), (uint16)temp_length);
  398   6                              memcpy(&(((uint8 *)dat)[temp_length]), fifo->buffer, (uint16)(*length - temp_leng
             -th));
  399   6                          }break;
  400   5                          case FIFO_DATA_16BIT:
  401   5                          {
  402   6                              memcpy(dat, &(((uint16 *)fifo->buffer)[fifo->end]), (uint16)(temp_length * 2));
  403   6                              memcpy(&(((uint16 *)dat)[temp_length]), fifo->buffer, (uint16)((*length - temp_le
             -ngth) * 2));
  404   6                          }break;
  405   5                          case FIFO_DATA_32BIT:
  406   5                          {
  407   6                              memcpy(dat, &(((uint32 *)fifo->buffer)[fifo->end]), (uint16)(temp_length * 4));
  408   6                              memcpy(&(((uint32 *)dat)[temp_length]), fifo->buffer, (uint16)((*length - temp_le
             -ngth) * 4));
  409   6                          }break;
  410   5                      }
  411   4                  }
  412   3                  fifo->execution &= ~FIFO_READ;                                      // è¯»æ“ä½œå¤ä½
  413   3              }
  414   2      
  415   2              if(FIFO_READ_AND_CLEAN == flag)                                         // å¦‚æœé€‰æ‹©è¯»å–å¹¶æ
             -›´æ”¹ FIFO çŠ¶æ€
  416   2              {
  417   3                  if((FIFO_RESET | FIFO_CLEAR | FIFO_READ) == fifo->execution)        // ä¸åœ¨ é‡ç½® æ¸…ç©º è
             -¯»å– çŠ¶æ€ é¿å…å¼‚å¸¸
  418   3                  {
  419   4                      return_state = FIFO_CLEAR_UNDO;                                 // æ¸…ç©ºæ“ä½œæœªå®Œæˆ
  420   4                      break;
  421   4                  }
  422   3                  fifo->execution |= FIFO_CLEAR;                                      // æ¸…ç©ºä½œç½®ä½
  423   3                  fifo_end_offset(fifo, *length);                                     // ç§»åŠ¨ FIFO å¤´æŒ‡é’ˆ
  424   3                  fifo->reamin_size += *length;                                              // é‡Šæ”¾å¯¹åº”é•¿
             -åº¦ç©ºé—´
  425   3                  fifo->execution &= ~FIFO_CLEAR;                                     // æ¸…ç©ºä½œå¤ä½
  426   3              }
  427   2          }while(0);
  428   1      
  429   1          return return_state;
  430   1      }
  431          
  432          //-------------------------------------------------------------------------------------------------------
             -------------
  433          // å‡½æ•°ç®€ä»‹     ä» FIFO å°¾éƒ¨è¯»å–æŒ‡å®šé•¿åº¦ buffer
  434          // å‚æ•°è¯´æ˜     *fifo               FIFO å¯¹è±¡æŒ‡é’ˆ
  435          // å‚æ•°è¯´æ˜     *dat                ç›®æ ‡ç¼“å†²åŒºæŒ‡é’ˆ
  436          // å‚æ•°è¯´æ˜     *length             è¯»å–çš„æ•°æ®é•¿åº¦ å¦‚æœæ²¡æœ‰è¿™ä¹ˆå¤šæ•°æ®è¿™é‡Œä¼šè¢«ä¿®æ
             -”¹
  437          // å‚æ•°è¯´æ˜     flag                æ˜¯å¦å˜æ›´ FIFO çŠ¶æ€ å¯é€‰æ‹©æ˜¯å¦æ¸…ç©ºè¯»å–çš„æ•°æ®
  438          // è¿”å›å‚æ•°     fifo_state_enum     æ“ä½œçŠ¶æ€
  439          // ä½¿ç”¨ç¤ºä¾‹     zf_log(fifo_read_tail_buffer(&fifo, data, &length, FIFO_READ_ONLY) == FIFO_SUCCESS, "
             -fifo_read_buffer error");
  440          // å¤‡æ³¨ä¿¡æ¯     å¦‚æœä½¿ç”¨ FIFO_READ_AND_CLEAN æ“ä½œ å°†ä¼šä¸¢å¼ƒæ‰€æœ‰æ•°æ®å¹¶æ¸…ç©ºæ•´ä¸ª FIFO
  441          //              å¦‚æœä½¿ç”¨ FIFO_READ_AND_CLEAN æ“ä½œ å°†ä¼šä¸¢å¼ƒæ‰€æœ‰æ•°æ®å¹¶æ¸…ç©ºæ•´ä¸ª FIFO
  442          //              å¦‚æœä½¿ç”¨ FIFO_READ_AND_CLEAN æ“ä½œ å°†ä¼šä¸¢å¼ƒæ‰€æœ‰æ•°æ®å¹¶æ¸…ç©ºæ•´ä¸ª FIFO
  443          //-------------------------------------------------------------------------------------------------------
             -------------
  444          fifo_state_enum fifo_read_tail_buffer (fifo_struct *fifo, void *dat, uint32 *length, fifo_operation_enum 
             -flag)
  445          {
  446   1          //zf_assert(NULL != fifo);
  447   1          //zf_assert(NULL != length);
  448   1          fifo_state_enum return_state = FIFO_SUCCESS;                                // æ“ä½œç»“æœåˆå€¼
  449   1          uint32 temp_length = 0;
  450   1          uint32 fifo_data_length = 0;
  451   1      
C251 COMPILER V5.60.0,  zf_fifo                                                            06/07/25  17:18:00  PAGE 9   

  452   1          do
  453   1          {
  454   2              if(NULL == dat)
  455   2              {
  456   3                  return_state = FIFO_BUFFER_NULL;
  457   3              }
  458   2              else
  459   2              {
  460   3                  if((FIFO_RESET | FIFO_CLEAR | FIFO_WRITE) & fifo->execution)        // åˆ¤æ–­æ˜¯å¦å½“å‰ FIF
             -O æ˜¯å¦åœ¨æ‰§è¡Œæ¸…ç©ºæˆ–é‡ç½®æ“ä½œ
  461   3                  {
  462   4                      *length = fifo_data_length;                                     // çº æ­£è¯»å–çš„é•¿åº¦
  463   4                      return_state = FIFO_READ_UNDO;                                  // è¯»å–æ“ä½œæœªå®Œæˆ
  464   4                      break;
  465   4                  }
  466   3      
  467   3                  fifo_data_length = fifo_used(fifo);                                 // è·å–å½“å‰æ•°æ®æœ‰å
             -¤šå°‘
  468   3                  if(*length > fifo_data_length)                                      // åˆ¤æ–­é•¿åº¦æ˜¯å¦è¶³å
             -¤Ÿ
  469   3                  {
  470   4                      *length = fifo_data_length;                                     // çº æ­£è¯»å–çš„é•¿åº¦
  471   4                      return_state = FIFO_DATA_NO_ENOUGH;                             // æ ‡å¿—æ•°æ®ä¸å¤Ÿ
  472   4                      if(0 == fifo_data_length)                                       // å¦‚æœæ²¡æœ‰æ•°æ® å°±
             -ç›´æ¥é€€å‡º
  473   4                      {
  474   5                          fifo->execution &= ~FIFO_READ;                              // è¯»æ“ä½œå¤ä½
  475   5                          break;
  476   5                      }
  477   4                  }
  478   3      
  479   3                  fifo->execution |= FIFO_READ;                                       // è¯»æ“ä½œç½®ä½
  480   3                  if((fifo->head > fifo->end) || (fifo->head >= *length))
  481   3                  {
  482   4                      switch(fifo->type)
  483   4                      {
  484   5                          case FIFO_DATA_8BIT:    memcpy(dat, &(((uint8 *)fifo->buffer)[fifo->head - *length]),
             -  (uint16)*length);     break;
  485   5                          case FIFO_DATA_16BIT:   memcpy(dat, &(((uint16 *)fifo->buffer)[fifo->head - *length])
             -, (uint16)(*length * 2));break;
  486   5                          case FIFO_DATA_32BIT:   memcpy(dat, &(((uint32 *)fifo->buffer)[fifo->head - *length])
             -, (uint16)(*length * 4));break;
  487   5                      }
  488   4                  }
  489   3                  else
  490   3                  {
  491   4                      temp_length = *length - fifo->head;                             // è®¡ç®—å°¾æŒ‡é’ˆè·ç¦»ç
             -¼“å†²åŒºå°¾è¿˜æœ‰å¤šå°‘ç©ºé—´
  492   4                      switch(fifo->type)
  493   4                      {
  494   5                          case FIFO_DATA_8BIT:
  495   5                          {
  496   6                              memcpy(dat, &(((uint8 *)fifo->buffer)[fifo->max - temp_length]), (uint16)temp_len
             -gth);
  497   6                              memcpy(&(((uint8 *)dat)[temp_length]), &(((uint8 *)fifo->buffer)[fifo->head - *le
             -ngth]), (uint16)(*length - temp_length));
  498   6                          }break;
  499   5                          case FIFO_DATA_16BIT:
  500   5                          {
  501   6                              memcpy(dat, &(((uint16 *)fifo->buffer)[fifo->max - temp_length]), temp_length * 2
             -);
  502   6                              memcpy(&(((uint16 *)dat)[temp_length]), &(((uint16 *)fifo->buffer)[fifo->head - *
             -length]), (uint16)((*length - temp_length) * 2));
  503   6                          }break;
  504   5                          case FIFO_DATA_32BIT:
  505   5                          {
C251 COMPILER V5.60.0,  zf_fifo                                                            06/07/25  17:18:00  PAGE 10  

  506   6                              memcpy(dat, &(((uint32 *)fifo->buffer)[fifo->max - temp_length]), temp_length * 4
             -);
  507   6                              memcpy(&(((uint32 *)dat)[temp_length]), &(((uint32 *)fifo->buffer)[fifo->head - *
             -length]), (uint16)((*length - temp_length) * 4));
  508   6                          }break;
  509   5                      }
  510   4                  }
  511   3                  fifo->execution &= ~FIFO_READ;                                      // è¯»æ“ä½œå¤ä½
  512   3              }
  513   2      
  514   2              if(FIFO_READ_AND_CLEAN == flag)                                         // å¦‚æœé€‰æ‹©è¯»å–å¹¶æ
             -›´æ”¹ FIFO çŠ¶æ€
  515   2              {
  516   3                  if((FIFO_RESET | FIFO_CLEAR | FIFO_READ) == fifo->execution)        // ä¸åœ¨ é‡ç½® æ¸…ç©º è
             -¯»å– çŠ¶æ€ é¿å…å¼‚å¸¸
  517   3                  {
  518   4                      return_state = FIFO_CLEAR_UNDO;                                 // æ¸…ç©ºæ“ä½œæœªå®Œæˆ
  519   4                      break;
  520   4                  }
  521   3                  fifo_clear(fifo);
  522   3              }
  523   2          }while(0);
  524   1      
  525   1          return return_state;
  526   1      }
  527          
  528          //-------------------------------------------------------------------------------------------------------
             -------------
  529          // å‡½æ•°ç®€ä»‹     FIFO åˆå§‹åŒ– æŒ‚è½½å¯¹åº”ç¼“å†²åŒº
  530          // å‚æ•°è¯´æ˜     *fifo               FIFO å¯¹è±¡æŒ‡é’ˆ
  531          // å‚æ•°è¯´æ˜     type                FIFO æ•°æ®ä½æ•°
  532          // å‚æ•°è¯´æ˜     *buffer_addr        è¦æŒ‚è½½çš„ç¼“å†²åŒº
  533          // å‚æ•°è¯´æ˜     size                ç¼“å†²åŒºå¤§å°
  534          // è¿”å›å‚æ•°     fifo_state_enum     æ“ä½œçŠ¶æ€
  535          // ä½¿ç”¨ç¤ºä¾‹     fifo_init(&user_fifo, user_buffer, 64);
  536          // å¤‡æ³¨ä¿¡æ¯
  537          //-------------------------------------------------------------------------------------------------------
             -------------
  538          fifo_state_enum fifo_init (fifo_struct *fifo, fifo_data_type_enum type, void *buffer_addr, uint32 len)
  539          {
  540   1          //zf_assert(NULL != fifo);
  541   1          fifo_state_enum return_state = FIFO_SUCCESS;
  542   1          do
  543   1          {
  544   2              fifo->buffer      = buffer_addr;
  545   2              fifo->execution   = FIFO_IDLE;
  546   2              fifo->type        = type;
  547   2              fifo->head        = 0;
  548   2              fifo->end         = 0;
  549   2              fifo->reamin_size   = len;
  550   2              fifo->max         = len;
  551   2          }while(0);
  552   1          return return_state;
  553   1      }


Module Information          Static   Overlayable
------------------------------------------------
  code size            =      6252     ------
  ecode size           =    ------     ------
  data size            =    ------     ------
  idata size           =    ------     ------
  pdata size           =    ------     ------
  xdata size           =       130     ------
  xdata-const size     =    ------     ------
  edata size           =    ------     ------
  bit size             =    ------     ------
C251 COMPILER V5.60.0,  zf_fifo                                                            06/07/25  17:18:00  PAGE 11  

  ebit size            =    ------     ------
  bitaddressable size  =    ------     ------
  ebitaddressable size =    ------     ------
  far data size        =    ------     ------
  huge data size       =    ------     ------
  const size           =    ------     ------
  hconst size          =    ------     ------
End of Module Information.


C251 COMPILATION COMPLETE.  0 WARNING(S),  0 ERROR(S)
