C251 COMPILER V5.60.0,  zf_iic                                                             06/07/25  11:17:09  PAGE 1   


C251 COMPILER V5.60.0, COMPILATION OF MODULE zf_iic
OBJECT MODULE PLACED IN .\Out_File\zf_iic.obj
COMPILER INVOKED BY: D:\keil5\C251\BIN\C251.EXE ..\seekfree_libraries\zf_iic.c LARGE INTR2 WARNINGLEVEL(3) OPTIMIZE(0,SP
                    -EED) BROWSE INCDIR(..\USER\inc;..\USER\src;..\libraries;..\seekfree_libraries;..\seekfree_peripheral) DEBUG PRINT(.\Out_
                    -File\zf_iic.lst) OBJECT(.\Out_File\zf_iic.obj) 

stmt  level    source

    1          /********************************************************************************************************
             -*************
    2           * COPYRIGHT NOTICE
    3           * Copyright (c) 2020,逐飞科技
    4           * All rights reserved.
    5           * 技术讨论QQ群：一群：179029047(已满)  二群：244861897(已满)  三群：824575535
    6           *
    7           * 以下所有内容版权均属逐飞科技所有，未经允许不得用于商业用途，
    8           * 欢迎各位使用并传播本程序，修改内容时必须保留逐飞科技的版权声明。
    9           *
   10           * @file                iic
   11           * @company                     成都逐飞科技有限公司
   12           * @author              逐飞科技(QQ790875685)
   13           * @version             查看doc内version文件 版本说明
   14           * @Software            MDK FOR C251 V5.60
   15           * @Target core         STC32G12K128
   16           * @Taobao              https://seekfree.taobao.com/
   17           * @date                2020-4-14
   18           ********************************************************************************************************
             -************/
   19          #pragma warning disable = 47
   20          #include "zf_iic.h"
   21          
   22          
   23          
   24          //-------------------------------------------------------------------------------------------------------
             -------------
   25          //  @brief      内部使用用户无需关心
   26          //  @param      NULL                    
   27          //  @return     void
   28          //  Sample usage:               无需用户调用，用户请使用h文件中的宏定义
   29          //-------------------------------------------------------------------------------------------------------
             -------------
   30          void iic_delay_us(uint16 x)     //33.1776Mhz
   31          {
   32   1          uint8 i;
   33   1          while(x--)
   34   1          {
   35   2                      i = 9;
   36   2                      while (--i);
   37   2          }
   38   1      }
   39          
   40          
   41          //-------------------------------------------------------------------------------------------------------
             -------------
   42          //  @brief      内部使用用户无需关心
   43          //  @param      NULL                    
   44          //  @return     void
   45          //  Sample usage:               无需用户调用，用户请使用h文件中的宏定义
   46          //-------------------------------------------------------------------------------------------------------
             -------------
   47          uint8 wait(void)
   48          {
   49   1          uint16 count = 0;
   50   1          uint8 ret = IIC_SEND_OK;
   51   1          while (!(I2CMSST & 0x40))
C251 COMPILER V5.60.0,  zf_iic                                                             06/07/25  11:17:09  PAGE 2   

   52   1          {
   53   2              iic_delay_us(1);
   54   2              if(count++ >= 30)//等待超过30us，则退出等待。
   55   2              {
   56   3                  ret = IIC_SEND_FAIL;
   57   3                  break;
   58   3              }
   59   2          }
   60   1          I2CMSST &= ~0x40;
   61   1          return ret;
   62   1      }
   63          
   64          //-------------------------------------------------------------------------------------------------------
             -------------
   65          //  @brief      内部使用用户无需关心
   66          //  @param      NULL                    
   67          //  @return     void
   68          //  Sample usage:               无需用户调用，用户请使用h文件中的宏定义
   69          //-------------------------------------------------------------------------------------------------------
             -------------
   70          uint8 start(void)
   71          {
   72   1          uint8 ret;
   73   1          I2CMSCR = 0x01;                             //发送start命令
   74   1          ret = wait();
   75   1          return ret;
   76   1      }
   77          
   78          //-------------------------------------------------------------------------------------------------------
             -------------
   79          //  @brief      内部使用用户无需关心
   80          //  @param      NULL                    
   81          //  @return     void
   82          //  Sample usage:               无需用户调用，用户请使用h文件中的宏定义
   83          //-------------------------------------------------------------------------------------------------------
             -------------
   84          uint8 send_data(char dat)
   85          {
   86   1          uint8 ret;
   87   1          I2CTXD = dat;                               //写数据到数据缓冲区
   88   1          I2CMSCR = 0x02;                             //发送SEND命令
   89   1          ret = wait();
   90   1          return ret;
   91   1      }
   92          
   93          //-------------------------------------------------------------------------------------------------------
             -------------
   94          //  @brief      内部使用用户无需关心
   95          //  @param      NULL                    
   96          //  @return     void
   97          //  Sample usage:               无需用户调用，用户请使用h文件中的宏定义
   98          //-------------------------------------------------------------------------------------------------------
             -------------
   99          uint8 recv_ack(void)
  100          {
  101   1          uint8 ret;
  102   1          I2CMSCR = 0x03;                             //发送读ACK命令
  103   1          ret = wait();
  104   1          return ret;
  105   1      }
  106          
  107          //-------------------------------------------------------------------------------------------------------
             -------------
  108          //  @brief      内部使用用户无需关心
  109          //  @param      NULL                    
  110          //  @return     void
C251 COMPILER V5.60.0,  zf_iic                                                             06/07/25  11:17:09  PAGE 3   

  111          //  Sample usage:               无需用户调用，用户请使用h文件中的宏定义
  112          //-------------------------------------------------------------------------------------------------------
             -------------
  113          char recv_data(void)                                                    //接收数据
  114          {
  115   1          I2CMSCR = 0x04;                             //发送RECV命令
  116   1          wait();
  117   1          return I2CRXD;
  118   1      }
  119          
  120          //-------------------------------------------------------------------------------------------------------
             -------------
  121          //  @brief      内部使用用户无需关心
  122          //  @param      NULL                    
  123          //  @return     void
  124          //  Sample usage:               无需用户调用，用户请使用h文件中的宏定义
  125          //-------------------------------------------------------------------------------------------------------
             -------------
  126          uint8 send_ack(void)
  127          {
  128   1              uint8 ret;
  129   1          I2CMSST = 0x00;                             //设置ACK信号
  130   1          I2CMSCR = 0x05;                             //发送ACK命令
  131   1          ret = wait();
  132   1          return ret;
  133   1      }
  134          
  135          //-------------------------------------------------------------------------------------------------------
             -------------
  136          //  @brief      内部使用用户无需关心
  137          //  @param      NULL                    
  138          //  @return     void
  139          //  Sample usage:               无需用户调用，用户请使用h文件中的宏定义
  140          //-------------------------------------------------------------------------------------------------------
             -------------
  141          void send_nak(void)
  142          {
  143   1          I2CMSST = 0x01;                             //设置NAK信号
  144   1          I2CMSCR = 0x05;                             //发送ACK命令
  145   1          wait();
  146   1      }
  147          
  148          //-------------------------------------------------------------------------------------------------------
             -------------
  149          //  @brief      内部使用用户无需关心
  150          //  @param      NULL                    
  151          //  @return     void
  152          //  Sample usage:               无需用户调用，用户请使用h文件中的宏定义
  153          //-------------------------------------------------------------------------------------------------------
             -------------
  154          uint8 stop(void)
  155          {
  156   1          uint8 ret;
  157   1          I2CMSCR = 0x06;                             //发送stop命令
  158   1          ret = wait();
  159   1          return ret;
  160   1      }
  161          
  162          
  163          
  164          
  165          //#define UNUSED(expr1, expr2) do { if(scl_pin == sda_pin); } while (0)
  166          //-------------------------------------------------------------------------------------------------------
             -------------
  167          //  @brief      硬件IIC初始化
  168          //  @param      iic_n           选择IIC模块
C251 COMPILER V5.60.0,  zf_iic                                                             06/07/25  11:17:09  PAGE 4   

  169          //  @param      wait_time       I2C总线速度（等待时钟数）控制: 速度设置为等待wait_time*2+1个时钟
  170          //  @return     void
  171          //  Sample usage:              
  172          //-------------------------------------------------------------------------------------------------------
             -------------
  173          void iic_init(IICN_enum iic_n, IIC_PIN_enum scl_pin, IIC_PIN_enum sda_pin, uint32 wait_time)
  174          {
  175   1              //UNUSED(scl_pin);
  176   1              //__attribute__ ((unused))(sda_pin);
  177   1              //UNUSED(scl_pin, sda_pin);
  178   1      
  179   1          P_SW2 &= ~(0x03<<4);
  180   1          P_SW2 |= 1<<7;      //将EAXFR寄存器置1，这样才能使用特殊功能寄存器为扩展SFR，访问逻辑地址位于 XDATA 区域
  181   1          switch(iic_n)
  182   1          {
  183   2          case IIC_1:
  184   2              P_SW2 |= (0x00<<4);     //SCL:P1.5      SDA:P1.4
  185   2              break;
  186   2          case IIC_2:
  187   2              P_SW2 |= (0x01<<4);     //SCL:P2.5      SDA:P2.4
  188   2              break;
  189   2          case IIC_3:
  190   2              P_SW2 |= (0x02<<4);     //SCL:P7.7      SDA:P7.6
  191   2              break;
  192   2          case IIC_4:
  193   2              P_SW2 |= (0x03<<4);     //SCL:P3.2      SDA:P3.3
  194   2              break;
  195   2          }
  196   1      
  197   1          I2CCFG |= 1<<6;             //主机模式
  198   1          I2CCFG |= 1<<7;             //使能IIC
  199   1          I2CCFG |= wait_time;//速度设置为等待wait_time*2+1个时钟
  200   1          I2CMSST = 0x00;             //主机状态寄存器
  201   1      
  202   1      }
  203          
  204          //-------------------------------------------------------------------------------------------------------
             -------------
  205          //  @brief      写入一个字节数据到I2C设备指定寄存器地址
  206          //  @param      iic_n       IIC模块(IIC_1,IIC_2,IIC_3,IIC_0)
  207          //  @param      slaveid     从机地址(7位地址)
  208          //  @param      reg         从机寄存器地址
  209          //  @param      dat         需要发送的数据
  210          //  @return                 返回的状态值 0：成功  1：失败
  211          //  @since      v2.0
  212          //  Sample usage:               iic_write_reg(0x2D, 0x50,2);     //写入数据2到0x50地址，从机地址为0x2D
  213          //-------------------------------------------------------------------------------------------------------
             -------------
  214          uint8 iic_write_reg(uint8 dev_add, uint8 reg, uint8 dat)
  215          {
  216   1          if(start() != IIC_SEND_OK)
  217   1              return IIC_SEND_FAIL;
  218   1          if(send_data((dev_add<<1) | 0x00) != IIC_SEND_OK)
  219   1              return IIC_SEND_FAIL;
  220   1          if(recv_ack() != IIC_SEND_OK)
  221   1              return IIC_SEND_FAIL;
  222   1          if(send_data(reg) != IIC_SEND_OK)
  223   1              return IIC_SEND_FAIL;
  224   1          if(recv_ack() != IIC_SEND_OK)
  225   1              return IIC_SEND_FAIL;
  226   1          if(send_data(dat) != IIC_SEND_OK)
  227   1              return IIC_SEND_FAIL;
  228   1          if(recv_ack() != IIC_SEND_OK)
  229   1              return IIC_SEND_FAIL;
  230   1          if(stop() != IIC_SEND_OK)
  231   1              return IIC_SEND_FAIL;
C251 COMPILER V5.60.0,  zf_iic                                                             06/07/25  11:17:09  PAGE 5   

  232   1      
  233   1      
  234   1          return IIC_SEND_OK;
  235   1      }
  236          
  237          //-------------------------------------------------------------------------------------------------------
             -------------
  238          //  @brief      读取I2C设备指定地址寄存器的数据
  239          //  @param      iic_n        I2C通道号及引脚
  240          //  @param      dev_add     从机地址(7位地址)
  241          //  @param      reg         从机寄存器地址
  242          //  @param      dat         数据地址
  243          //  @return                 读取的寄存器值
  244          //  @since      v1.0
  245          //  Sample usage:               uint8 value = iic_read_reg(i2c0, 0x2D, 0x50);//读取0x50地址的数据，从机地址为0x2
             -D
  246          //-------------------------------------------------------------------------------------------------------
             -------------
  247          uint8 iic_read_reg(uint8 dev_add, uint8 reg, uint8 *dat)
  248          {
  249   1              if(start() != IIC_SEND_OK)
  250   1              return IIC_SEND_FAIL;
  251   1          if(send_data((dev_add<<1) | 0x00) != IIC_SEND_OK)
  252   1              return IIC_SEND_FAIL;
  253   1          if(recv_ack() != IIC_SEND_OK)
  254   1              return IIC_SEND_FAIL;
  255   1              
  256   1          if(send_data(reg) != IIC_SEND_OK)
  257   1              return IIC_SEND_FAIL;
  258   1          if(recv_ack() != IIC_SEND_OK)
  259   1              return IIC_SEND_FAIL;
  260   1              
  261   1          if(start() != IIC_SEND_OK)
  262   1              return IIC_SEND_FAIL;
  263   1          if(send_data((dev_add<<1) | 0x01) != IIC_SEND_OK)
  264   1              return IIC_SEND_FAIL;
  265   1          if(recv_ack() != IIC_SEND_OK)
  266   1              return IIC_SEND_FAIL;
  267   1              
  268   1          *dat = recv_data(); //读取数据
  269   1              send_nak();
  270   1          if(stop() != IIC_SEND_OK)
  271   1              return IIC_SEND_FAIL;
  272   1              
  273   1          return IIC_SEND_OK;
  274   1      }
  275          
  276          //-------------------------------------------------------------------------------------------------------
             -------------
  277          //  @brief      读取I2C设备指定地址寄存器的数据
  278          //  @param      iic_n       I2C通道号及引脚
  279          //  @param      dev_add     从机地址(7位地址)
  280          //  @param      reg         从机寄存器地址
  281          //  @param      dat         读取的数据存储的地址
  282          //  @param      num         读取字节数
  283          //  @return     void
  284          //  @since      v1.0
  285          //  Sample usage:               uint8 value = i2c_read_reg(i2c0, 0x2D, 0x50, 10, buf);//读取0x50地址的数据，从机
             -地址为0x2D开始的10个字节
  286          //-------------------------------------------------------------------------------------------------------
             -------------
  287          uint8 iic_read_reg_bytes(uint8 dev_add, uint8 reg
  288                                                          , uint8 *dat, uint8 num)
  289          {
  290   1      
  291   1              if(start() != IIC_SEND_OK)
C251 COMPILER V5.60.0,  zf_iic                                                             06/07/25  11:17:09  PAGE 6   

  292   1              return IIC_SEND_FAIL;
  293   1              
  294   1          if(send_data((dev_add<<1) | 0x00) != IIC_SEND_OK)
  295   1              return IIC_SEND_FAIL;
  296   1          if(recv_ack() != IIC_SEND_OK)
  297   1              return IIC_SEND_FAIL;
  298   1              
  299   1          if(send_data(reg) != IIC_SEND_OK)
  300   1              return IIC_SEND_FAIL;
  301   1          if(recv_ack() != IIC_SEND_OK)
  302   1              return IIC_SEND_FAIL;
  303   1      
  304   1              if(send_data((dev_add<<1) | 0x01) != IIC_SEND_OK)
  305   1                      return IIC_SEND_FAIL;
  306   1              if(recv_ack() != IIC_SEND_OK)
  307   1                      return IIC_SEND_FAIL;
  308   1      
  309   1          while(--num)
  310   1          {
  311   2              *dat = recv_data(); //读取数据
  312   2                      if(send_ack() != IIC_SEND_OK)
  313   2                      {
  314   3                              return IIC_SEND_FAIL;
  315   3                      }
  316   2              dat++;
  317   2          }
  318   1              
  319   1              *dat = recv_data();
  320   1              
  321   1              if(send_ack() != IIC_SEND_OK)
  322   1                      return IIC_SEND_FAIL;
  323   1              
  324   1              if(stop() != IIC_SEND_OK)
  325   1                      return IIC_SEND_FAIL;
  326   1              
  327   1              return IIC_SEND_OK;
  328   1      }
  329          
  330          
  331          //-------------------------------------------------------------------------------------------------------
             -------------
  332          //  @brief      硬件IIC引脚切换函数
  333          //  @param      iic_n           I2C通道号及引脚
  334          //  @param      scl_pin         选择SCL引脚
  335          //  @param      sda_pin         选择SDA引脚
  336          //  Sample usage:                               
  337          //-------------------------------------------------------------------------------------------------------
             -------------
  338          void iic_change_pin(IICN_enum iic_n,IIC_PIN_enum scl_pin,IIC_PIN_enum sda_pin)
  339          {
  340   1          P_SW2 |= 1<<7;      //将EAXFR寄存器置1，这样才能使用特殊功能寄存器为扩展SFR，访问逻辑地址位于 XDATA 区域
  341   1              
  342   1              P_SW2 &= ~(0x03<<4);    //清除引脚切换位
  343   1          switch(iic_n)       
  344   1          {
  345   2          case IIC_1:
  346   2              P_SW2 |= (0x00<<4);     //SCL:P1.5      SDA:P1.4
  347   2              break;
  348   2          case IIC_2:
  349   2              P_SW2 |= (0x01<<4);     //SCL:P2.5      SDA:P2.4
  350   2              break;
  351   2          case IIC_3:
  352   2              P_SW2 |= (0x02<<4); //SCL:P7.7  SDA:P7.6 STC8H 48脚核心板没有该组引脚。
  353   2              break;
  354   2          case IIC_4:
  355   2              P_SW2 |= (0x03<<4);     //SCL:P3.2      SDA:P3.3
C251 COMPILER V5.60.0,  zf_iic                                                             06/07/25  11:17:09  PAGE 7   

  356   2              break;
  357   2          }
  358   1              
  359   1              P_SW2 &= ~(1<<7);
  360   1      
  361   1      }


Module Information          Static   Overlayable
------------------------------------------------
  code size            =      1099     ------
  ecode size           =    ------     ------
  data size            =    ------     ------
  idata size           =    ------     ------
  pdata size           =    ------     ------
  xdata size           =        36     ------
  xdata-const size     =    ------     ------
  edata size           =    ------     ------
  bit size             =    ------     ------
  ebit size            =    ------     ------
  bitaddressable size  =    ------     ------
  ebitaddressable size =    ------     ------
  far data size        =    ------     ------
  huge data size       =    ------     ------
  const size           =    ------     ------
  hconst size          =    ------     ------
End of Module Information.


C251 COMPILATION COMPLETE.  0 WARNING(S),  0 ERROR(S)
