C251 COMPILER V5.60.0,  zf_spi                                                             12/07/25  20:30:40  PAGE 1   


C251 COMPILER V5.60.0, COMPILATION OF MODULE zf_spi
OBJECT MODULE PLACED IN .\Out_File\zf_spi.obj
COMPILER INVOKED BY: D:\Software\Keil5\c251v560\C251\BIN\C251.EXE ..\seekfree_libraries\zf_spi.c LARGE INTR2 WARNINGLEVE
                    -L(3) OPTIMIZE(0,SPEED) BROWSE INCDIR(..\USER\inc;..\USER\src;..\libraries;..\seekfree_libraries;..\seekfree_peripheral) 
                    -DEBUG PRINT(.\Out_File\zf_spi.lst) OBJECT(.\Out_File\zf_spi.obj) 

stmt  level    source

    1          /********************************************************************************************************
             -*************
    2           * COPYRIGHT NOTICE
    3           * Copyright (c) 2020,é€é£ç§‘æŠ€
    4           * All rights reserved.
    5           * æŠ€æœ¯è®¨è®ºQQç¾¤ï¼šä¸€ç¾¤ï¼š179029047(å·²æ»¡)  äºŒç¾¤ï¼š244861897(å·²æ»¡)  ä¸‰ç¾¤ï¼š824575535
    6           *
    7           * ä»¥ä¸‹æ‰€æœ‰å†…å®¹ç‰ˆæƒå‡å±é€é£ç§‘æŠ€æ‰€æœ‰ï¼Œæœªç»å…è®¸ä¸å¾—ç”¨äºå•†ä¸šç”¨é€”ï¼Œ
    8           * æ¬¢è¿å„ä½ä½¿ç”¨å¹¶ä¼ æ’­æœ¬ç¨‹åºï¼Œä¿®æ”¹å†…å®¹æ—¶å¿…é¡»ä¿ç•™é€é£ç§‘æŠ€çš„ç‰ˆæƒå£°æ˜ã€‚
    9           *
   10           * @file                spi
   11           * @company                     æˆéƒ½é€é£ç§‘æŠ€æœ‰é™å…¬å¸
   12           * @author              é€é£ç§‘æŠ€(QQ790875685)
   13           * @version             æŸ¥çœ‹docå†…versionæ–‡ä»¶ ç‰ˆæœ¬è¯´æ˜
   14           * @Software            MDK FOR C251 V5.60
   15           * @Target core         STC32G12K128
   16           * @Taobao              https://seekfree.taobao.com/
   17           * @date                2020-4-14
   18           ********************************************************************************************************
             -************/
   19          #pragma warning disable = 47
   20          
   21          #include "zf_gpio.h"
   22          #include "zf_spi.h"
   23          
   24          
   25          
   26          //-------------------------------------------------------------------------------------------------------
             -------------
   27          //  @brief      spiåˆå§‹åŒ–å‡½æ•°(sså¼•è„šç”±è½¯ä»¶æ§åˆ¶)
   28          //  @param      spi_n                   é€‰æ‹©SPIæ¨¡å—(SPI_1-SPI_4)
   29          //  @param      sck_pin                 é€‰æ‹©SCKå¼•è„š
   30          //  @param      mosi_pin                é€‰æ‹©MOSIå¼•è„š
   31          //  @param      miso_pin                é€‰æ‹©MISOå¼•è„š
   32          //  @param      mstr                    ä¸»ä»é€‰æ‹©
   33          //  @param      mode            SPIæ¨¡å¼ 0ï¼šCPOL=0 CPHA=0    1ï¼šCPOL=0 CPHA=1   2ï¼šCPOL=1 CPHA=0   3ï
             -¼šCPOL=1 CPHA=1 //å…·ä½“ç»†èŠ‚å¯è‡ªè¡Œç™¾åº¦
   34          //  @param      baud                    é€Ÿç‡é€‰æ‹©
   35          //  @since      v1.0
   36          //  Sample usage:                               spi_init(SPI_1, SPI1_SCLK_P15, SPI1_MOSI_P13, SPI1_MISO_P14, 0, MASTER, SYSclk_DIV_4
             -);        
   37          //                                                              //åˆå§‹åŒ–SPI1,ä¸»æœºæ¨¡å¼,é€Ÿç‡ä¸ºç³»ç»Ÿé¢‘ç‡/4ï¼ŒSCLKå¼•è„šP1.5 MOSIå¼•è„šP1.3 MISOå¼•è„š
             -P1.4,SPIæ¨¡å¼0
   38          //-------------------------------------------------------------------------------------------------------
             -------------
   39          void spi_init(SPIN_enum spi_n,
   40                                    SPI_PIN_enum sck_pin, 
   41                                    SPI_PIN_enum mosi_pin, 
   42                                    SPI_PIN_enum miso_pin, 
   43                                    uint8 mode,
   44                                    SPI_MSTR_enum mstr,
   45                                    SPI_BAUD_enum baud)
   46          {
   47   1              //IOå£éœ€è¦é…ç½®ä¸ºï¼šå‡†åŒå‘å£ï¼ˆä¼ ç»Ÿ8051ç«¯å£æ¨¡å¼ï¼Œå¼±ä¸Šæ‹‰ï¼‰
   48   1              if(sck_pin != SPI_NULL_PIN)
   49   1              {
   50   2                      gpio_mode(sck_pin & 0xFF,GPIO);
C251 COMPILER V5.60.0,  zf_spi                                                             12/07/25  20:30:40  PAGE 2   

   51   2              }
   52   1              
   53   1              if(mosi_pin != SPI_NULL_PIN)
   54   1              {
   55   2                      gpio_mode(mosi_pin & 0xFF,GPIO);
   56   2              }
   57   1              
   58   1              if(miso_pin != SPI_NULL_PIN)
   59   1              {
   60   2                      gpio_mode(miso_pin & 0xFF,GPIO);
   61   2              }
   62   1      
   63   1              
   64   1              P_SW1 &= ~(0x03<<2);  //æ¸…é™¤SPIåŠŸèƒ½è„šé€‰æ‹©ä½
   65   1          switch(spi_n)
   66   1          {
   67   2          case SPI_CH1:
   68   2              P_SW1 |= (0x00<<2);
   69   2              break;
   70   2          case SPI_CH2:
   71   2              P_SW1 |= (0x01<<2);
   72   2              break;
   73   2          case SPI_CH3:
   74   2              P_SW1 |= (0x02<<2);
   75   2              break;
   76   2          case SPI_CH4:
   77   2              P_SW1 |= (0x03<<2);
   78   2              break;
   79   2          }
   80   1              
   81   1              SPCTL &= 0xF3;          //æ¸…é™¤SPIææ€§å’Œç›¸ä½
   82   1              switch(mode)
   83   1              {
   84   2              case 0:
   85   2                      
   86   2                      break;
   87   2              case 1:
   88   2                      SPCTL |= 0x01<<2;
   89   2                      break;
   90   2              case 2:
   91   2                      SPCTL |= 0x02<<2;
   92   2                      break;
   93   2              case 3:
   94   2                      SPCTL |= 0x03<<2;
   95   2                      break;
   96   2              }
   97   1                      
   98   1              
   99   1              SPCTL |= baud;          //é€Ÿç‡è®¾å®š
  100   1      
  101   1          if(mstr == MASTER)
  102   1          {
  103   2              SPCTL |= 1<<7;  //å¿½ç•¥SSå¼•è„šåŠŸèƒ½ï¼Œä½¿ç”¨MSTRç¡®å®šå™¨ä»¶æ˜¯ä¸»æœºè¿˜æ˜¯ä»æœº
  104   2              SPCTL |= 1<<4;  //ä¸»æœºæ¨¡å¼
  105   2          }
  106   1          else
  107   1          {
  108   2              //ä¸åšæ“ä½œ
  109   2          }
  110   1          SPCTL |= 1<<6;              //ä½¿èƒ½SPIåŠŸèƒ½
  111   1      }
  112          
  113          
  114          
  115          //-------------------------------------------------------------------------------------------------------
             -------------
C251 COMPILER V5.60.0,  zf_spi                                                             12/07/25  20:30:40  PAGE 3   

  116          //  @brief      SPIå‘é€æ¥æ”¶å‡½æ•°
  117          //  @param      dat             å‘é€çš„æ•°æ®
  118          //  @since      v1.0
  119          //  Sample usage:                               buf_1 = spi_mosi(buf);    //å‘é€bufçš„å†…å®¹ï¼Œå¹¶æ¥æ”¶åˆ°buf_1é‡Œï¼Œé•¿åº¦ä¸º1å­
             -—èŠ‚
  120          //-------------------------------------------------------------------------------------------------------
             -------------
  121          uint8 spi_mosi(uint8 dat)
  122          {
  123   1          SPDAT = dat;                                        //DATAå¯„å­˜å™¨èµ‹å€¼
  124   1          while (!(SPSTAT & 0x80));           //æŸ¥è¯¢å®Œæˆæ ‡å¿—
  125   1          SPSTAT = 0xc0;                  //æ¸…ä¸­æ–­æ ‡å¿—
  126   1              return SPDAT;
  127   1      }
  128          
  129          
  130          //-------------------------------------------------------------------------------------------------------
             -------------
  131          //  @brief      spiå¼•è„šåˆ‡æ¢å‡½æ•°(sså¼•è„šç”±è½¯ä»¶æ§åˆ¶)
  132          //  @param      spi_n                   é€‰æ‹©SPIæ¨¡å—(SPI_1-SPI_4)
  133          //  @param      sck_pin                 é€‰æ‹©SCKå¼•è„š
  134          //  @param      mosi_pin                é€‰æ‹©MOSIå¼•è„š
  135          //  @param      miso_pin                é€‰æ‹©MISOå¼•è„š
  136          //  Sample usage:                               spi_change_pin(SPI_1,SPI1_SCLK_P15, SPI1_MOSI_P13,SPI1_MISO_P14);       
  137          //                                                              //åˆ‡æ¢SPIå¼•è„š
  138          //-------------------------------------------------------------------------------------------------------
             -------------
  139          void spi_change_pin(SPIN_enum spi_n, SPI_PIN_enum sck_pin, SPI_PIN_enum mosi_pin, SPI_PIN_enum miso_pin)
  140          {
  141   1          P_SW1 &= ~(0x03<<2);  //æ¸…é™¤SPIåŠŸèƒ½è„šé€‰æ‹©ä½
  142   1              switch(spi_n)
  143   1          {
  144   2              //IOå£éœ€è¦é…ç½®ä¸ºï¼šå‡†åŒå‘å£ï¼ˆä¼ ç»Ÿ8051ç«¯å£æ¨¡å¼ï¼Œå¼±ä¸Šæ‹‰ï¼‰
  145   2          case SPI_CH1:
  146   2                      gpio_mode(P1_3,GPO_PP);
  147   2                      gpio_mode(P1_4,GPIO);
  148   2                      gpio_mode(P1_5,GPO_PP);
  149   2              break;
  150   2          case SPI_CH2:
  151   2                      gpio_mode(P2_3,GPO_PP);
  152   2                      gpio_mode(P2_4,GPIO);
  153   2                      gpio_mode(P2_5,GPO_PP);
  154   2              break;
  155   2          case SPI_CH3:
  156   2                      gpio_mode(P4_0,GPO_PP);
  157   2                      gpio_mode(P4_1,GPIO);
  158   2                      gpio_mode(P4_3,GPO_PP);
  159   2              break;
  160   2          case SPI_CH4:
  161   2                      gpio_mode(P3_4,GPO_PP);
  162   2                      gpio_mode(P3_3,GPIO);
  163   2                      gpio_mode(P3_2,GPO_PP);
  164   2              break;
  165   2          }
  166   1              
  167   1      
  168   1          switch(spi_n)
  169   1          {
  170   2          case SPI_CH1:
  171   2              P_SW1 |= (0x00<<2);
  172   2              break;
  173   2          case SPI_CH2:
  174   2              P_SW1 |= (0x01<<2);
  175   2              break;
  176   2          case SPI_CH3:
  177   2              P_SW1 |= (0x02<<2);
C251 COMPILER V5.60.0,  zf_spi                                                             12/07/25  20:30:40  PAGE 4   

  178   2              break;
  179   2          case SPI_CH4:
  180   2              P_SW1 |= (0x03<<2);
  181   2              break;
  182   2          }
  183   1      }
  184          
  185          
  186          
  187          //-------------------------------------------------------------------------------------------------------
             -------------
  188          //  @brief      spiæ¨¡å¼åˆ‡æ¢å‡½æ•°
  189          //  @param      mode            SPIæ¨¡å¼ 0ï¼šCPOL=0 CPHA=0    1ï¼šCPOL=0 CPHA=1   2ï¼šCPOL=1 CPHA=0   3ï
             -¼šCPOL=1 CPHA=1 //å…·ä½“ç»†èŠ‚å¯è‡ªè¡Œç™¾åº¦
  190          //  Sample usage:                               
  191          //-------------------------------------------------------------------------------------------------------
             -------------
  192          void spi_change_mode(uint8 mode)
  193          {
  194   1              SPCTL &= 0xF7;          //æ¸…é™¤SPIææ€§å’Œç›¸ä½
  195   1              switch(mode)
  196   1              {
  197   2              case 0:
  198   2                      
  199   2                      break;
  200   2              case 1:
  201   2                      SPCTL |= 0x01<<2;
  202   2                      break;
  203   2              case 2:
  204   2                      SPCTL |= 0x02<<2;
  205   2                      break;
  206   2              case 3:
  207   2                      SPCTL |= 0x03<<2;
  208   2                      break;
  209   2              }
  210   1      }


Module Information          Static   Overlayable
------------------------------------------------
  code size            =       502     ------
  ecode size           =    ------     ------
  data size            =    ------     ------
  idata size           =    ------     ------
  pdata size           =    ------     ------
  xdata size           =        17     ------
  xdata-const size     =    ------     ------
  edata size           =    ------     ------
  bit size             =    ------     ------
  ebit size            =    ------     ------
  bitaddressable size  =    ------     ------
  ebitaddressable size =    ------     ------
  far data size        =    ------     ------
  huge data size       =    ------     ------
  const size           =    ------     ------
  hconst size          =    ------     ------
End of Module Information.


C251 COMPILATION COMPLETE.  0 WARNING(S),  0 ERROR(S)
