C251 COMPILER V5.60.0,  zf_uart                                                            06/07/25  14:38:38  PAGE 1   


C251 COMPILER V5.60.0, COMPILATION OF MODULE zf_uart
OBJECT MODULE PLACED IN .\Out_File\zf_uart.obj
COMPILER INVOKED BY: D:\Software\Keil5\c251v560\C251\BIN\C251.EXE ..\seekfree_libraries\zf_uart.c LARGE INTR2 WARNINGLEV
                    -EL(3) OPTIMIZE(0,SPEED) BROWSE INCDIR(..\USER\inc;..\USER\src;..\libraries;..\seekfree_libraries;..\seekfree_peripheral)
                    - DEBUG PRINT(.\Out_File\zf_uart.lst) TABS(2) OBJECT(.\Out_File\zf_uart.obj) 

stmt  level    source

    1          /********************************************************************************************************
             -*************
    2           * COPYRIGHT NOTICE
    3           * Copyright (c) 2020,é€é£žç§‘æŠ€
    4           * All rights reserved.
    5           * æŠ€æœ¯è®¨è®ºQQç¾¤ï¼šä¸€ç¾¤ï¼š179029047(å·²æ»¡)  äºŒç¾¤ï¼š244861897(å·²æ»¡)  ä¸‰ç¾¤ï¼š824575535
    6           *
    7           * ä»¥ä¸‹æ‰€æœ‰å†…å®¹ç‰ˆæƒå‡å±žé€é£žç§‘æŠ€æ‰€æœ‰ï¼Œæœªç»å…è®¸ä¸å¾—ç”¨äºŽå•†ä¸šç”¨é€”ï¼Œ
    8           * æ¬¢è¿Žå„ä½ä½¿ç”¨å¹¶ä¼ æ’­æœ¬ç¨‹åºï¼Œä¿®æ”¹å†…å®¹æ—¶å¿…é¡»ä¿ç•™é€é£žç§‘æŠ€çš„ç‰ˆæƒå£°æ˜Žã€‚
    9           *
   10           * @file          uart
   11           * @company       æˆéƒ½é€é£žç§‘æŠ€æœ‰é™å…¬å¸
   12           * @author        é€é£žç§‘æŠ€(QQ790875685)
   13           * @version       æŸ¥çœ‹docå†…versionæ–‡ä»¶ ç‰ˆæœ¬è¯´æ˜Ž
   14           * @Software    MDK FOR C251 V5.60
   15           * @Target core   STC32G12K128
   16           * @Taobao      https://seekfree.taobao.com/
   17           * @date          2020-4-14
   18           ********************************************************************************************************
             -************/
   19          
   20          #include "zf_uart.h"
   21          #include "board.h"
   22             
   23          uint8 busy[5];         //æŽ¥æ”¶å¿™æ ‡å¿—ä½
   24          
   25          //-------------------------------------------------------------------------------------------------------
             -------------
   26          //  @brief      ä¸²å£åˆå§‹åŒ–
   27          //  @param      uart_n          ä¸²å£æ¨¡å—å·(USART_1,USART_2,USART_3,USART_4)
   28          //  @param      uart_rx_pin     ä¸²å£æŽ¥æ”¶å¼•è„š
   29          //  @param      uart_tx_pin     ä¸²å£å‘é€å¼•è„š
   30          //  @param      baud          ä¸²å£æ³¢ç‰¹çŽ‡
   31          //  @param      tim_n         ä½¿ç”¨tim_nä½œä¸ºä¸²å£æ³¢ç‰¹çŽ‡å‘ç”Ÿå™¨(TIM1-TIM4)
   32          //  @return     NULL            
   33          //  Sample usage:               uart_init(UART_1, UART1_RX_P30, UART1_TX_P31, 115200, TIM_2);        //åˆ
             -å§‹åŒ–ä¸²å£1 æ³¢ç‰¹çŽ‡115200 å‘é€å¼•è„šä½¿ç”¨P31 æŽ¥æ”¶å¼•è„šä½¿ç”¨P30 ,ä½¿ç”¨å®šæ—¶å™¨2ä½œä¸ºæ³¢ç‰¹çŽ‡å‘ç”Ÿå™¨
   34          //  @note                       ä¸²å£1ä½¿ç”¨ å®šæ—¶å™¨1æˆ–è€…å®šæ—¶å™¨2 ä½œä¸ºæ³¢ç‰¹çŽ‡å‘ç”Ÿå™¨ã€‚
   35          //                ä¸²å£2ä½¿ç”¨ å®šæ—¶å™¨2       ä½œä¸ºæ³¢ç‰¹çŽ‡å‘ç”Ÿå™¨ã€‚
   36          //                ä¸²å£3ä½¿ç”¨ å®šæ—¶å™¨3æˆ–è€…å®šæ—¶å™¨2 ä½œä¸ºæ³¢ç‰¹çŽ‡å‘ç”Ÿå™¨ã€‚
   37          //                ä¸²å£4ä½¿ç”¨ å®šæ—¶å™¨4æˆ–è€…å®šæ—¶å™¨2 ä½œä¸ºæ³¢ç‰¹çŽ‡å‘ç”Ÿå™¨ã€‚
   38          //                              STC32Gä»…æœ‰ å®šæ—¶å™¨0-å®šæ—¶å™¨4ï¼Œè¿™5ä¸ªå®šæ—¶å™¨ã€‚
   39          //                ç¼–ç å™¨é‡‡é›†æ•°æ®ä¹Ÿéœ€è¦å®šæ—¶å™¨ä½œä¸ºå¤–éƒ¨è®¡æ•°ã€‚
   40          //                å¦‚æžœä¸åŒçš„ä¸²å£ï¼Œä½¿ç”¨åŒä¸€ä¸ªå®šæ—¶å™¨ï¼Œä¸²å£çš„æ³¢ç‰¹çŽ‡ä»¥æœ€åŽä¸€ä¸ªåˆå§‹åŒ–ä¸
             -ºå‡†
   41          //-------------------------------------------------------------------------------------------------------
             -------------
   42          void uart_init(UARTN_enum uart_n, UARTPIN_enum uart_rx_pin, UARTPIN_enum uart_tx_pin, uint32 baud, TIMN_e
             -num tim_n)
   43          {
   44   1          uint16 brt;
   45   1      
   46   1        brt = (uint16)(65536 - (sys_clk/baud/4));
   47   1      
   48   1      
   49   1        switch(uart_n)
   50   1        {
C251 COMPILER V5.60.0,  zf_uart                                                            06/07/25  14:38:38  PAGE 2   

   51   2          case UART_1:
   52   2          {
   53   3            if(TIM_1 == tim_n)
   54   3            {
   55   4              SCON |= 0x50;
   56   4              TMOD |= 0x00;
   57   4              TL1 = brt;
   58   4              TH1 = brt >> 8;
   59   4              AUXR |= 0x40;
   60   4              TR1 = 1;
   61   4              busy[1] = 0;
   62   4            }
   63   3            else if(TIM_2 == tim_n)
   64   3            {
   65   4              SCON |= 0x50;
   66   4              T2L = brt;
   67   4              T2H = brt >> 8;
   68   4              AUXR |= 0x15;
   69   4            }
   70   3            P_SW1 &= ~(0x03<<6);
   71   3            if((UART1_RX_P30 == uart_rx_pin) && (UART1_TX_P31 == uart_tx_pin))
   72   3            {
   73   4              P_SW1 |= 0x00;
   74   4            }
   75   3            else if((UART1_RX_P36 == uart_rx_pin) && (UART1_TX_P37 == uart_tx_pin))
   76   3            {
   77   4              P_SW1 |= 0x40;
   78   4            }
   79   3            else if((UART1_RX_P16 == uart_rx_pin) && (UART1_TX_P17 == uart_tx_pin))
   80   3            {
   81   4              P_SW1 |= 0x80;
   82   4            }
   83   3            else if((UART1_RX_P43 == uart_rx_pin) && (UART1_TX_P44 == uart_tx_pin))
   84   3            {
   85   4              P_SW1 |= 0xc0;
   86   4            }
   87   3            busy[1] = 0;
   88   3            ES = 1;
   89   3            break;
   90   3          }
   91   2          
   92   2          case UART_2:
   93   2          {
   94   3            if(TIM_2 == tim_n)
   95   3            {
   96   4              S2CON |= 0x50;
   97   4              T2L = brt;
   98   4              T2H = brt >> 8;
   99   4              AUXR |= 0x14;
  100   4            }
  101   3            
  102   3            P_SW2 &= ~(0x01<<0);
  103   3            if((UART2_RX_P10 == uart_rx_pin) && (UART2_TX_P11 == uart_tx_pin))
  104   3            {
  105   4              P_SW2 |= 0x00;
  106   4            }
  107   3            else if((UART2_RX_P46 == uart_rx_pin) && (UART2_TX_P47 == uart_tx_pin))
  108   3            {
  109   4              P_SW2 |= 0x01;
  110   4            }
  111   3            
  112   3            IE2 |= 0x01 << 0; //å…è®¸ä¸²è¡Œå£2ä¸­æ–­
  113   3            busy[2] = 0;
  114   3            break;
  115   3          }
  116   2          
C251 COMPILER V5.60.0,  zf_uart                                                            06/07/25  14:38:38  PAGE 3   

  117   2          case UART_3:
  118   2          {
  119   3            if(TIM_2 == tim_n)
  120   3            {
  121   4              S3CON |= 0x10;
  122   4              T2L = brt;
  123   4              T2H = brt >> 8;
  124   4              AUXR |= 0x14;
  125   4            }
  126   3            else if(TIM_3 == tim_n)
  127   3            {
  128   4              S3CON |= 0x50;
  129   4              T3L = brt;
  130   4              T3H = brt >> 8;
  131   4              T4T3M |= 0x0a;
  132   4            }
  133   3            
  134   3            P_SW2 &= ~(0x01<<1);
  135   3            if((UART3_RX_P00 == uart_rx_pin) && (UART3_TX_P01 == uart_tx_pin))
  136   3            {
  137   4              P_SW2 |= 0x00;
  138   4            }
  139   3            else if((UART3_RX_P50 == uart_rx_pin) && (UART3_TX_P51 == uart_tx_pin))
  140   3            {
  141   4              P_SW2 |= 0x02;
  142   4            }
  143   3            
  144   3            IE2 |= 0x01<<3; //å…è®¸ä¸²è¡Œå£3ä¸­æ–­
  145   3            busy[3] = 0;
  146   3            break;
  147   3          }
  148   2          
  149   2          case UART_4:
  150   2          {
  151   3            if(TIM_2 == tim_n)
  152   3            {
  153   4              S4CON |= 0x10;
  154   4              T2L = brt;
  155   4              T2H = brt >> 8;
  156   4              AUXR |= 0x14;
  157   4            }
  158   3            else if(TIM_4 == tim_n)
  159   3            {
  160   4              S4CON |= 0x50;
  161   4              T4L = brt;
  162   4              T4H = brt >> 8;
  163   4              T4T3M |= 0xa0;
  164   4            }
  165   3      
  166   3            P_SW2 &= ~(0x01<<2);
  167   3            if((UART4_RX_P02 == uart_rx_pin) && (UART4_TX_P03 == uart_tx_pin))
  168   3            {
  169   4              P_SW2 |= 0x00;
  170   4            }
  171   3            else if((UART4_RX_P52 == uart_rx_pin) && (UART4_TX_P53 == uart_tx_pin))
  172   3            {
  173   4              P5M0 = 0x00;
  174   4              P5M1 = 0x01<<2;//P5.2 éœ€è¦è®¾ç½®ä¸ºé«˜é˜»
  175   4              P_SW2 |= 0x04;
  176   4            }
  177   3            IE2 |= 0x01<<4; //å…è®¸ä¸²è¡Œå£4ä¸­æ–­
  178   3            busy[4] = 0;
  179   3            break;
  180   3          }
  181   2          
  182   2        }
C251 COMPILER V5.60.0,  zf_uart                                                            06/07/25  14:38:38  PAGE 4   

  183   1      
  184   1      }
  185          
  186          //-------------------------------------------------------------------------------------------------------
             -------------
  187          //  @brief      ä¸²å£å­—èŠ‚è¾“å‡º
  188          //  @param      uart_n          ä¸²å£æ¨¡å—å·(USART_1,USART_2,USART_3,USART_4)
  189          //  @param      dat             éœ€è¦å‘é€çš„å­—èŠ‚
  190          //  @return     void        
  191          //  Sample usage:               uart_putchar(UART_1,0xA5);       // ä¸²å£1å‘é€0xA5
  192          //-------------------------------------------------------------------------------------------------------
             -------------
  193          void uart_putchar(UARTN_enum uart_n,uint8 dat)
  194          {
  195   1        switch(uart_n)
  196   1        {
  197   2          case UART_1:
  198   2            while (busy[1]);
  199   2            busy[1] = 1;
  200   2            SBUF = dat;
  201   2              break;
  202   2          case UART_2:
  203   2            while (busy[2]);
  204   2            busy[2] = 1;
  205   2            S2BUF = dat;
  206   2              break;
  207   2          case UART_3:
  208   2            while (busy[3]);
  209   2            busy[3] = 1;
  210   2            S3BUF = dat;
  211   2              break;
  212   2          case UART_4:
  213   2            while (busy[4]);
  214   2            busy[4] = 1;
  215   2            S4BUF = dat;
  216   2              break;
  217   2        }
  218   1      }
  219          
  220          
  221          //-------------------------------------------------------------------------------------------------------
             -------------
  222          //  @brief      ä¸²å£å‘é€æ•°ç»„
  223          //  @param      uart_n          ä¸²å£æ¨¡å—å·(USART_1,USART_2,USART_3,USART_4)
  224          //  @param      *buff           è¦å‘é€çš„æ•°ç»„åœ°å€
  225          //  @param      len             å‘é€é•¿åº¦
  226          //  @return     void
  227          //  Sample usage:               uart_putbuff(UART_1,&a[0],5);
  228          //-------------------------------------------------------------------------------------------------------
             -------------
  229          void uart_putbuff(UARTN_enum uart_n,uint8 *p,uint32 len)
  230          {
  231   1          while(len--)
  232   1              uart_putchar(uart_n,*p++);
  233   1      }
  234          
  235          
  236          //-------------------------------------------------------------------------------------------------------
             -------------
  237          //  @brief      ä¸²å£å‘é€å­—ç¬¦ä¸²
  238          //  @param      uart_n          ä¸²å£æ¨¡å—å·(USART_1,USART_2,USART_3,USART_4)
  239          //  @param      *str            è¦å‘é€çš„å­—ç¬¦ä¸²åœ°å€
  240          //  @return     void
  241          //  Sample usage:               uart_putstr(UART_1,"i lvoe you"); 
  242          //-------------------------------------------------------------------------------------------------------
             -------------
C251 COMPILER V5.60.0,  zf_uart                                                            06/07/25  14:38:38  PAGE 5   

  243          void uart_putstr(UARTN_enum uart_n,uint8 *str)
  244          {
  245   1          while(*str)
  246   1          {
  247   2              uart_putchar(uart_n, *str++);
  248   2          }
  249   1      }


Module Information          Static   Overlayable
------------------------------------------------
  code size            =      1068     ------
  ecode size           =    ------     ------
  data size            =    ------     ------
  idata size           =    ------     ------
  pdata size           =    ------     ------
  xdata size           =        38     ------
  xdata-const size     =    ------     ------
  edata size           =    ------     ------
  bit size             =    ------     ------
  ebit size            =    ------     ------
  bitaddressable size  =    ------     ------
  ebitaddressable size =    ------     ------
  far data size        =    ------     ------
  huge data size       =    ------     ------
  const size           =    ------     ------
  hconst size          =    ------     ------
End of Module Information.


C251 COMPILATION COMPLETE.  0 WARNING(S),  0 ERROR(S)
